0:0:0:0:0:0:0:1 -  -  [30/Jun/2014:18:50:45 +0000] "GET /openhab.app?sitemap=winti HTTP/1.1" 200 13747 
0:0:0:0:0:0:0:1 -  -  [30/Jun/2014:18:50:45 +0000] "GET /WebApp/Design/RenderRTL.css HTTP/1.1" 304 0 
0:0:0:0:0:0:0:1 -  -  [30/Jun/2014:18:50:45 +0000] "GET /WebApp/Design/Firefox.css HTTP/1.1" 304 0 
0:0:0:0:0:0:0:1 -  -  [30/Jun/2014:18:50:45 +0000] "GET /WebApp/Design/Render.css HTTP/1.1" 304 0 
0:0:0:0:0:0:0:1 -  -  [30/Jun/2014:18:50:45 +0000] "GET /WebApp/Design/openHAB.css HTTP/1.1" 304 0 
0:0:0:0:0:0:0:1 -  -  [30/Jun/2014:18:50:45 +0000] "GET /WebApp/Action/Logic.js HTTP/1.1" 304 0 
0:0:0:0:0:0:0:1 -  -  [30/Jun/2014:18:50:45 +0000] "GET /jquery.miniColors.css HTTP/1.1" 304 0 
0:0:0:0:0:0:0:1 -  -  [30/Jun/2014:18:50:45 +0000] "GET /jquery.min.js HTTP/1.1" 304 0 
0:0:0:0:0:0:0:1 -  -  [30/Jun/2014:18:50:45 +0000] "GET /jquery.miniColors.js HTTP/1.1" 304 0 
0:0:0:0:0:0:0:1 -  -  [30/Jun/2014:18:50:45 +0000] "GET /WebApp/Design/Img/select.png HTTP/1.1" 304 0 
0:0:0:0:0:0:0:1 -  -  [30/Jun/2014:18:50:45 +0000] "GET /WebApp/Design/Img/loader-white-100x12x1.png HTTP/1.1" 304 0 
0:0:0:0:0:0:0:1 -  -  [30/Jun/2014:18:50:45 +0000] "GET /WebApp/Design/Img/bg.png HTTP/1.1" 304 0 
0:0:0:0:0:0:0:1 -  -  [30/Jun/2014:18:50:45 +0000] "GET /WebApp/Design/Img/loader-white-100x12x2.png HTTP/1.1" 304 0 
0:0:0:0:0:0:0:1 -  -  [30/Jun/2014:18:50:45 +0000] "GET /WebApp/Design/Img/loader-white-100x12x3.png HTTP/1.1" 304 0 
0:0:0:0:0:0:0:1 -  -  [30/Jun/2014:18:50:45 +0000] "GET /WebApp/Design/Img/loader-white-100x12x4.png HTTP/1.1" 304 0 
0:0:0:0:0:0:0:1 -  -  [30/Jun/2014:18:50:45 +0000] "GET /WebApp/Design/Img/loader-white-100x12x5.png HTTP/1.1" 304 0 
0:0:0:0:0:0:0:1 -  -  [30/Jun/2014:18:50:45 +0000] "GET /WebApp/Design/Img/loader-white-100x12x6.png HTTP/1.1" 304 0 
0:0:0:0:0:0:0:1 -  -  [30/Jun/2014:18:50:45 +0000] "GET /WebApp/Design/Img/loader-white-100x12x7.png HTTP/1.1" 304 0 
0:0:0:0:0:0:0:1 -  -  [30/Jun/2014:18:50:45 +0000] "GET /WebApp/Design/Img/loader-white-100x12x8.png HTTP/1.1" 304 0 
0:0:0:0:0:0:0:1 -  -  [30/Jun/2014:18:50:45 +0000] "GET /WebApp/Design/Img/loader-white-100x12x9.png HTTP/1.1" 304 0 
0:0:0:0:0:0:0:1 -  -  [30/Jun/2014:18:50:45 +0000] "GET /WebApp/Design/Img/loader-white-100x12x10.png HTTP/1.1" 304 0 
0:0:0:0:0:0:0:1 -  -  [30/Jun/2014:18:50:45 +0000] "GET /WebApp/Design/Img/loader-white-100x12x11.png HTTP/1.1" 304 0 
0:0:0:0:0:0:0:1 -  -  [30/Jun/2014:18:50:45 +0000] "GET /WebApp/Design/Img/loader-white-100x12x12.png HTTP/1.1" 304 0 
0:0:0:0:0:0:0:1 -  -  [30/Jun/2014:18:50:45 +0000] "GET /WebApp/Design/Img/loader-gray-100x12x1.png HTTP/1.1" 304 0 
0:0:0:0:0:0:0:1 -  -  [30/Jun/2014:18:50:45 +0000] "GET /WebApp/Design/Img/loader-gray-100x12x2.png HTTP/1.1" 304 0 
0:0:0:0:0:0:0:1 -  -  [30/Jun/2014:18:50:45 +0000] "GET /WebApp/Design/Img/loader-gray-100x12x3.png HTTP/1.1" 304 0 
0:0:0:0:0:0:0:1 -  -  [30/Jun/2014:18:50:45 +0000] "GET /WebApp/Design/Img/loader-gray-100x12x4.png HTTP/1.1" 304 0 
0:0:0:0:0:0:0:1 -  -  [30/Jun/2014:18:50:45 +0000] "GET /WebApp/Design/Img/loader-gray-100x12x5.png HTTP/1.1" 304 0 
0:0:0:0:0:0:0:1 -  -  [30/Jun/2014:18:50:45 +0000] "GET /WebApp/Design/Img/loader-gray-100x12x7.png HTTP/1.1" 304 0 
0:0:0:0:0:0:0:1 -  -  [30/Jun/2014:18:50:45 +0000] "GET /WebApp/Design/Img/loader-gray-100x12x6.png HTTP/1.1" 304 0 
0:0:0:0:0:0:0:1 -  -  [30/Jun/2014:18:50:45 +0000] "GET /WebApp/Design/Img/loader-gray-100x12x8.png HTTP/1.1" 304 0 
0:0:0:0:0:0:0:1 -  -  [30/Jun/2014:18:50:45 +0000] "GET /WebApp/Design/Img/loader-gray-100x12x9.png HTTP/1.1" 304 0 
0:0:0:0:0:0:0:1 -  -  [30/Jun/2014:18:50:45 +0000] "GET /WebApp/Design/Img/loader-gray-100x12x10.png HTTP/1.1" 304 0 
0:0:0:0:0:0:0:1 -  -  [30/Jun/2014:18:50:45 +0000] "GET /WebApp/Design/Img/loader-gray-100x12x11.png HTTP/1.1" 304 0 
0:0:0:0:0:0:0:1 -  -  [30/Jun/2014:18:50:45 +0000] "GET /WebApp/Design/Img/loader-gray-100x12x12.png HTTP/1.1" 304 0 
0:0:0:0:0:0:0:1 -  -  [30/Jun/2014:18:50:45 +0000] "GET /WebApp/Design/Img/loader-big-white-100x12x1.png HTTP/1.1" 304 0 
0:0:0:0:0:0:0:1 -  -  [30/Jun/2014:18:50:45 +0000] "GET /WebApp/Design/Img/loader-big-white-100x12x3.png HTTP/1.1" 304 0 
0:0:0:0:0:0:0:1 -  -  [30/Jun/2014:18:50:45 +0000] "GET /WebApp/Design/Img/loader-big-white-100x12x2.png HTTP/1.1" 304 0 
0:0:0:0:0:0:0:1 -  -  [30/Jun/2014:18:50:45 +0000] "GET /WebApp/Design/Img/loader-big-white-100x12x4.png HTTP/1.1" 304 0 
0:0:0:0:0:0:0:1 -  -  [30/Jun/2014:18:50:45 +0000] "GET /WebApp/Design/Img/loader-big-white-100x12x5.png HTTP/1.1" 304 0 
0:0:0:0:0:0:0:1 -  -  [30/Jun/2014:18:50:45 +0000] "GET /WebApp/Design/Img/loader-big-white-100x12x6.png HTTP/1.1" 304 0 
0:0:0:0:0:0:0:1 -  -  [30/Jun/2014:18:50:45 +0000] "GET /WebApp/Design/Img/loader-big-white-100x12x7.png HTTP/1.1" 304 0 
0:0:0:0:0:0:0:1 -  -  [30/Jun/2014:18:50:45 +0000] "GET /WebApp/Design/Img/loader-big-white-100x12x8.png HTTP/1.1" 304 0 
0:0:0:0:0:0:0:1 -  -  [30/Jun/2014:18:50:45 +0000] "GET /WebApp/Design/Img/loader-big-white-100x12x10.png HTTP/1.1" 304 0 
0:0:0:0:0:0:0:1 -  -  [30/Jun/2014:18:50:45 +0000] "GET /WebApp/Design/Img/loader-big-white-100x12x9.png HTTP/1.1" 304 0 
0:0:0:0:0:0:0:1 -  -  [30/Jun/2014:18:50:45 +0000] "GET /WebApp/Design/Img/loader-big-white-100x12x11.png HTTP/1.1" 304 0 
0:0:0:0:0:0:0:1 -  -  [30/Jun/2014:18:50:45 +0000] "GET /WebApp/Design/Img/loader-big-white-100x12x12.png HTTP/1.1" 304 0 
0:0:0:0:0:0:0:1 -  -  [30/Jun/2014:18:50:45 +0000] "GET /WebApp/Design/Img/chevron-select.png HTTP/1.1" 304 0 
0:0:0:0:0:0:0:1 -  -  [30/Jun/2014:18:50:45 +0000] "GET /WebApp/Design/Img/check-sel.png HTTP/1.1" 304 0 
0:0:0:0:0:0:0:1 -  -  [30/Jun/2014:18:50:45 +0000] "GET /WebApp/Design/Img/button-back-touch.png HTTP/1.1" 304 0 
0:0:0:0:0:0:0:1 -  -  [30/Jun/2014:18:50:45 +0000] "GET /WebApp/Design/Img/button-simple-touch.png HTTP/1.1" 304 0 
0:0:0:0:0:0:0:1 -  -  [30/Jun/2014:18:50:45 +0000] "GET /WebApp/Design/Img/bg-head.png HTTP/1.1" 304 0 
0:0:0:0:0:0:0:1 -  -  [30/Jun/2014:18:50:45 +0000] "GET /WebApp/Design/Img/button-back.png HTTP/1.1" 304 0 
0:0:0:0:0:0:0:1 -  -  [30/Jun/2014:18:50:45 +0000] "GET /WebApp/Design/Img/button-simple.png HTTP/1.1" 304 0 
0:0:0:0:0:0:0:1 -  -  [30/Jun/2014:18:50:45 +0000] "GET /images/switch.png HTTP/1.1" 304 0 
0:0:0:0:0:0:0:1 -  -  [30/Jun/2014:18:50:45 +0000] "GET /images/none.png HTTP/1.1" 304 0 
0:0:0:0:0:0:0:1 -  -  [30/Jun/2014:18:50:45 +0000] "GET /images/_down.png HTTP/1.1" 304 0 
0:0:0:0:0:0:0:1 -  -  [30/Jun/2014:18:50:45 +0000] "GET /images/slider.png HTTP/1.1" 304 0 
0:0:0:0:0:0:0:1 -  -  [30/Jun/2014:18:50:45 +0000] "GET /images/netatmo.png HTTP/1.1" 304 0 
0:0:0:0:0:0:0:1 -  -  [30/Jun/2014:18:50:45 +0000] "GET /images/_up.png HTTP/1.1" 304 0 
0:0:0:0:0:0:0:1 -  -  [30/Jun/2014:18:50:45 +0000] "GET /images/colorwheel.png HTTP/1.1" 304 0 
0:0:0:0:0:0:0:1 -  -  [30/Jun/2014:18:50:45 +0000] "GET /images/withings-scale.png HTTP/1.1" 304 0 
0:0:0:0:0:0:0:1 -  -  [30/Jun/2014:18:50:45 +0000] "GET /images/withings-bloodpressure.png HTTP/1.1" 304 0 
0:0:0:0:0:0:0:1 -  -  [30/Jun/2014:18:50:45 +0000] "GET /WebApp/Design/Img/bg-switch-thumb.png HTTP/1.1" 304 0 
0:0:0:0:0:0:0:1 -  -  [30/Jun/2014:18:50:45 +0000] "GET /WebApp/Design/Img/bg-switch.png HTTP/1.1" 304 0 
0:0:0:0:0:0:0:1 -  -  [30/Jun/2014:18:50:45 +0000] "GET /WebApp/Design/Img/chevron.png HTTP/1.1" 304 0 
0:0:0:0:0:0:0:1 -  -  [30/Jun/2014:18:50:45 +0000] "GET /WebApp/Design/Img/form-check-text.png HTTP/1.1" 304 0 
0:0:0:0:0:0:0:1 -  -  [30/Jun/2014:18:50:46 +0000] "GET /jquery.minicolors.png HTTP/1.1" 304 0 
0:0:0:0:0:0:0:1 -  -  [30/Jun/2014:18:50:47 +0000] "GET /openhab.app?sitemap=winti&poll=true&__async=true&__source=waHome HTTP/1.1" 200 92 
0:0:0:0:0:0:0:1 -  -  [30/Jun/2014:18:50:58 +0000] "GET /openhab.app?sitemap=winti&poll=true&__async=true&__source=waHome HTTP/1.1" 200 7871 
0:0:0:0:0:0:0:1 -  -  [30/Jun/2014:18:50:59 +0000] "GET /openhab.app?sitemap=winti&poll=true&__async=true&__source=waHome HTTP/1.1" 200 92 
0:0:0:0:0:0:0:1 -  -  [30/Jun/2014:18:51:09 +0000] "GET /openhab.app?sitemap=winti&poll=true&__async=true&__source=waHome HTTP/1.1" 200 92 
0:0:0:0:0:0:0:1 -  -  [30/Jun/2014:18:51:20 +0000] "GET /openhab.app?sitemap=winti&poll=true&__async=true&__source=waHome HTTP/1.1" 200 92 
0:0:0:0:0:0:0:1 -  -  [30/Jun/2014:18:51:30 +0000] "GET /openhab.app?sitemap=winti&poll=true&__async=true&__source=waHome HTTP/1.1" 200 92 
0:0:0:0:0:0:0:1 -  -  [30/Jun/2014:18:51:41 +0000] "GET /openhab.app?sitemap=winti&poll=true&__async=true&__source=waHome HTTP/1.1" 200 92 
0:0:0:0:0:0:0:1 -  -  [30/Jun/2014:18:51:52 +0000] "GET /openhab.app?sitemap=winti&poll=true&__async=true&__source=waHome HTTP/1.1" 200 92 
0:0:0:0:0:0:0:1 -  -  [30/Jun/2014:18:52:02 +0000] "GET /openhab.app?sitemap=winti&poll=true&__async=true&__source=waHome HTTP/1.1" 200 92 
0:0:0:0:0:0:0:1 -  -  [30/Jun/2014:18:52:13 +0000] "GET /openhab.app?sitemap=winti&poll=true&__async=true&__source=waHome HTTP/1.1" 200 92 
0:0:0:0:0:0:0:1 -  -  [30/Jun/2014:18:52:23 +0000] "GET /openhab.app?sitemap=winti&poll=true&__async=true&__source=waHome HTTP/1.1" 200 92 
0:0:0:0:0:0:0:1 -  -  [30/Jun/2014:18:52:34 +0000] "GET /openhab.app?sitemap=winti&poll=true&__async=true&__source=waHome HTTP/1.1" 200 92 
0:0:0:0:0:0:0:1 -  -  [30/Jun/2014:18:52:44 +0000] "GET /openhab.app?sitemap=winti&poll=true&__async=true&__source=waHome HTTP/1.1" 200 92 
0:0:0:0:0:0:0:1 -  -  [30/Jun/2014:18:52:55 +0000] "GET /openhab.app?sitemap=winti&poll=true&__async=true&__source=waHome HTTP/1.1" 200 92 
0:0:0:0:0:0:0:1 -  -  [30/Jun/2014:18:53:09 +0000] "GET /openhab.app?sitemap=winti HTTP/1.1" 200 13747 
0:0:0:0:0:0:0:1 -  -  [30/Jun/2014:18:53:09 +0000] "GET /WebApp/Design/Render.css HTTP/1.1" 304 0 
0:0:0:0:0:0:0:1 -  -  [30/Jun/2014:18:53:09 +0000] "GET /WebApp/Design/Firefox.css HTTP/1.1" 304 0 
0:0:0:0:0:0:0:1 -  -  [30/Jun/2014:18:53:09 +0000] "GET /WebApp/Design/openHAB.css HTTP/1.1" 304 0 
0:0:0:0:0:0:0:1 -  -  [30/Jun/2014:18:53:09 +0000] "GET /jquery.min.js HTTP/1.1" 304 0 
0:0:0:0:0:0:0:1 -  -  [30/Jun/2014:18:53:09 +0000] "GET /WebApp/Action/Logic.js HTTP/1.1" 304 0 
0:0:0:0:0:0:0:1 -  -  [30/Jun/2014:18:53:09 +0000] "GET /jquery.miniColors.js HTTP/1.1" 304 0 
0:0:0:0:0:0:0:1 -  -  [30/Jun/2014:18:53:09 +0000] "GET /WebApp/Design/RenderRTL.css HTTP/1.1" 304 0 
0:0:0:0:0:0:0:1 -  -  [30/Jun/2014:18:53:09 +0000] "GET /jquery.miniColors.css HTTP/1.1" 304 0 
0:0:0:0:0:0:0:1 -  -  [30/Jun/2014:18:53:09 +0000] "GET /images/netatmo.png HTTP/1.1" 304 0 
0:0:0:0:0:0:0:1 -  -  [30/Jun/2014:18:53:09 +0000] "GET /images/none.png HTTP/1.1" 304 0 
0:0:0:0:0:0:0:1 -  -  [30/Jun/2014:18:53:09 +0000] "GET /images/switch.png HTTP/1.1" 304 0 
0:0:0:0:0:0:0:1 -  -  [30/Jun/2014:18:53:09 +0000] "GET /images/slider.png HTTP/1.1" 304 0 
0:0:0:0:0:0:0:1 -  -  [30/Jun/2014:18:53:09 +0000] "GET /images/_down.png HTTP/1.1" 304 0 
0:0:0:0:0:0:0:1 -  -  [30/Jun/2014:18:53:09 +0000] "GET /images/_up.png HTTP/1.1" 304 0 
0:0:0:0:0:0:0:1 -  -  [30/Jun/2014:18:53:09 +0000] "GET /images/colorwheel.png HTTP/1.1" 304 0 
0:0:0:0:0:0:0:1 -  -  [30/Jun/2014:18:53:09 +0000] "GET /images/withings-scale.png HTTP/1.1" 304 0 
0:0:0:0:0:0:0:1 -  -  [30/Jun/2014:18:53:09 +0000] "GET /images/withings-bloodpressure.png HTTP/1.1" 304 0 
0:0:0:0:0:0:0:1 -  -  [30/Jun/2014:18:53:11 +0000] "GET /openhab.app?sitemap=winti HTTP/1.1" 200 13747 
0:0:0:0:0:0:0:1 -  -  [30/Jun/2014:18:53:11 +0000] "GET /WebApp/Design/Render.css HTTP/1.1" 304 0 
0:0:0:0:0:0:0:1 -  -  [30/Jun/2014:18:53:11 +0000] "GET /WebApp/Design/Firefox.css HTTP/1.1" 304 0 
0:0:0:0:0:0:0:1 -  -  [30/Jun/2014:18:53:11 +0000] "GET /WebApp/Design/RenderRTL.css HTTP/1.1" 304 0 
0:0:0:0:0:0:0:1 -  -  [30/Jun/2014:18:53:11 +0000] "GET /WebApp/Design/openHAB.css HTTP/1.1" 304 0 
0:0:0:0:0:0:0:1 -  -  [30/Jun/2014:18:53:11 +0000] "GET /jquery.miniColors.css HTTP/1.1" 304 0 
0:0:0:0:0:0:0:1 -  -  [30/Jun/2014:18:53:11 +0000] "GET /WebApp/Action/Logic.js HTTP/1.1" 304 0 
0:0:0:0:0:0:0:1 -  -  [30/Jun/2014:18:53:11 +0000] "GET /jquery.miniColors.js HTTP/1.1" 304 0 
0:0:0:0:0:0:0:1 -  -  [30/Jun/2014:18:53:11 +0000] "GET /jquery.min.js HTTP/1.1" 304 0 
0:0:0:0:0:0:0:1 -  -  [30/Jun/2014:18:53:11 +0000] "GET /images/netatmo.png HTTP/1.1" 304 0 
0:0:0:0:0:0:0:1 -  -  [30/Jun/2014:18:53:11 +0000] "GET /images/none.png HTTP/1.1" 304 0 
0:0:0:0:0:0:0:1 -  -  [30/Jun/2014:18:53:11 +0000] "GET /images/slider.png HTTP/1.1" 304 0 
0:0:0:0:0:0:0:1 -  -  [30/Jun/2014:18:53:11 +0000] "GET /images/switch.png HTTP/1.1" 304 0 
0:0:0:0:0:0:0:1 -  -  [30/Jun/2014:18:53:11 +0000] "GET /images/_up.png HTTP/1.1" 304 0 
0:0:0:0:0:0:0:1 -  -  [30/Jun/2014:18:53:11 +0000] "GET /images/_down.png HTTP/1.1" 304 0 
0:0:0:0:0:0:0:1 -  -  [30/Jun/2014:18:53:11 +0000] "GET /images/withings-bloodpressure.png HTTP/1.1" 304 0 
0:0:0:0:0:0:0:1 -  -  [30/Jun/2014:18:53:11 +0000] "GET /images/withings-scale.png HTTP/1.1" 304 0 
0:0:0:0:0:0:0:1 -  -  [30/Jun/2014:18:53:11 +0000] "GET /images/colorwheel.png HTTP/1.1" 304 0 
0:0:0:0:0:0:0:1 -  -  [30/Jun/2014:18:53:05 +0000] "GET /openhab.app?sitemap=winti&poll=true&__async=true&__source=waHome HTTP/1.1" 200 92 
0:0:0:0:0:0:0:1 -  -  [30/Jun/2014:18:53:12 +0000] "GET /openhab.app?sitemap=winti&poll=true&__async=true&__source=waHome HTTP/1.1" 200 92 
0:0:0:0:0:0:0:1 -  -  [30/Jun/2014:18:53:23 +0000] "GET /openhab.app?sitemap=winti&poll=true&__async=true&__source=waHome HTTP/1.1" 200 7871 
0:0:0:0:0:0:0:1 -  -  [30/Jun/2014:18:53:26 +0000] "GET /openhab.app?sitemap=winti&poll=true&__async=true&__source=waHome HTTP/1.1" 200 92 
0:0:0:0:0:0:0:1 -  -  [30/Jun/2014:18:53:37 +0000] "GET /openhab.app?sitemap=winti&poll=true&__async=true&__source=waHome HTTP/1.1" 200 92 
0:0:0:0:0:0:0:1 -  -  [30/Jun/2014:18:53:47 +0000] "GET /openhab.app?sitemap=winti&poll=true&__async=true&__source=waHome HTTP/1.1" 200 92 
0:0:0:0:0:0:0:1 -  -  [30/Jun/2014:18:53:58 +0000] "GET /openhab.app?sitemap=winti&poll=true&__async=true&__source=waHome HTTP/1.1" 200 92 
0:0:0:0:0:0:0:1 -  -  [30/Jun/2014:18:54:08 +0000] "GET /openhab.app?sitemap=winti&poll=true&__async=true&__source=waHome HTTP/1.1" 200 92 
0:0:0:0:0:0:0:1 -  -  [30/Jun/2014:18:54:19 +0000] "GET /openhab.app?sitemap=winti&poll=true&__async=true&__source=waHome HTTP/1.1" 200 92 
0:0:0:0:0:0:0:1 -  -  [30/Jun/2014:18:54:29 +0000] "GET /openhab.app?sitemap=winti&poll=true&__async=true&__source=waHome HTTP/1.1" 200 92 
0:0:0:0:0:0:0:1 -  -  [30/Jun/2014:18:54:40 +0000] "GET /openhab.app?sitemap=winti&poll=true&__async=true&__source=waHome HTTP/1.1" 200 92 
0:0:0:0:0:0:0:1 -  -  [30/Jun/2014:18:54:51 +0000] "GET /openhab.app?sitemap=winti&poll=true&__async=true&__source=waHome HTTP/1.1" 200 92 
0:0:0:0:0:0:0:1 -  -  [30/Jun/2014:18:55:01 +0000] "GET /openhab.app?sitemap=winti&poll=true&__async=true&__source=waHome HTTP/1.1" 200 92 
0:0:0:0:0:0:0:1 -  -  [30/Jun/2014:18:55:12 +0000] "GET /openhab.app?sitemap=winti&poll=true&__async=true&__source=waHome HTTP/1.1" 200 7871 
0:0:0:0:0:0:0:1 -  -  [30/Jun/2014:18:55:12 +0000] "GET /openhab.app?sitemap=winti&poll=true&__async=true&__source=waHome HTTP/1.1" 200 92 
0:0:0:0:0:0:0:1 -  -  [30/Jun/2014:18:55:23 +0000] "GET /openhab.app?sitemap=winti&poll=true&__async=true&__source=waHome HTTP/1.1" 200 92 
0:0:0:0:0:0:0:1 -  -  [30/Jun/2014:18:55:33 +0000] "GET /openhab.app?sitemap=winti&poll=true&__async=true&__source=waHome HTTP/1.1" 200 92 
0:0:0:0:0:0:0:1 -  -  [30/Jun/2014:18:55:44 +0000] "GET /openhab.app?sitemap=winti&poll=true&__async=true&__source=waHome HTTP/1.1" 200 92 
0:0:0:0:0:0:0:1 -  -  [30/Jun/2014:18:55:54 +0000] "GET /openhab.app?sitemap=winti&poll=true&__async=true&__source=waHome HTTP/1.1" 200 92 
0:0:0:0:0:0:0:1 -  -  [30/Jun/2014:18:56:05 +0000] "GET /openhab.app?sitemap=winti&poll=true&__async=true&__source=waHome HTTP/1.1" 200 92 
0:0:0:0:0:0:0:1 -  -  [30/Jun/2014:18:56:15 +0000] "GET /openhab.app?sitemap=winti&poll=true&__async=true&__source=waHome HTTP/1.1" 200 92 
0:0:0:0:0:0:0:1 -  -  [30/Jun/2014:18:56:26 +0000] "GET /openhab.app?sitemap=winti&poll=true&__async=true&__source=waHome HTTP/1.1" 200 92 
0:0:0:0:0:0:0:1 -  -  [30/Jun/2014:18:56:36 +0000] "GET /openhab.app?sitemap=winti&poll=true&__async=true&__source=waHome HTTP/1.1" 200 92 
0:0:0:0:0:0:0:1 -  -  [30/Jun/2014:18:56:47 +0000] "GET /openhab.app?sitemap=winti&poll=true&__async=true&__source=waHome HTTP/1.1" 200 92 
0:0:0:0:0:0:0:1 -  -  [30/Jun/2014:18:56:57 +0000] "GET /openhab.app?sitemap=winti&poll=true&__async=true&__source=waHome HTTP/1.1" 200 92 
0:0:0:0:0:0:0:1 -  -  [30/Jun/2014:18:57:08 +0000] "GET /openhab.app?sitemap=winti&poll=true&__async=true&__source=waHome HTTP/1.1" 200 92 
0:0:0:0:0:0:0:1 -  -  [30/Jun/2014:18:57:18 +0000] "GET /openhab.app?sitemap=winti&poll=true&__async=true&__source=waHome HTTP/1.1" 200 92 
0:0:0:0:0:0:0:1 -  -  [30/Jun/2014:18:57:29 +0000] "GET /openhab.app?sitemap=winti&poll=true&__async=true&__source=waHome HTTP/1.1" 200 92 
0:0:0:0:0:0:0:1 -  -  [30/Jun/2014:18:57:39 +0000] "GET /openhab.app?sitemap=winti&poll=true&__async=true&__source=waHome HTTP/1.1" 200 92 
0:0:0:0:0:0:0:1 -  -  [30/Jun/2014:18:57:50 +0000] "GET /openhab.app?sitemap=winti&poll=true&__async=true&__source=waHome HTTP/1.1" 200 92 
0:0:0:0:0:0:0:1 -  -  [30/Jun/2014:18:58:00 +0000] "GET /openhab.app?sitemap=winti&poll=true&__async=true&__source=waHome HTTP/1.1" 200 92 
0:0:0:0:0:0:0:1 -  -  [30/Jun/2014:18:58:15 +0000] "GET /openhab.app?sitemap=winti HTTP/1.1" 200 13747 
0:0:0:0:0:0:0:1 -  -  [30/Jun/2014:18:58:15 +0000] "GET /WebApp/Design/Render.css HTTP/1.1" 304 0 
0:0:0:0:0:0:0:1 -  -  [30/Jun/2014:18:58:15 +0000] "GET /WebApp/Design/openHAB.css HTTP/1.1" 304 0 
0:0:0:0:0:0:0:1 -  -  [30/Jun/2014:18:58:15 +0000] "GET /WebApp/Design/Firefox.css HTTP/1.1" 304 0 
0:0:0:0:0:0:0:1 -  -  [30/Jun/2014:18:58:15 +0000] "GET /WebApp/Design/RenderRTL.css HTTP/1.1" 304 0 
0:0:0:0:0:0:0:1 -  -  [30/Jun/2014:18:58:15 +0000] "GET /WebApp/Action/Logic.js HTTP/1.1" 304 0 
0:0:0:0:0:0:0:1 -  -  [30/Jun/2014:18:58:15 +0000] "GET /jquery.miniColors.css HTTP/1.1" 304 0 
0:0:0:0:0:0:0:1 -  -  [30/Jun/2014:18:58:15 +0000] "GET /jquery.min.js HTTP/1.1" 304 0 
0:0:0:0:0:0:0:1 -  -  [30/Jun/2014:18:58:15 +0000] "GET /jquery.miniColors.js HTTP/1.1" 304 0 
0:0:0:0:0:0:0:1 -  -  [30/Jun/2014:18:58:15 +0000] "GET /images/netatmo.png HTTP/1.1" 304 0 
0:0:0:0:0:0:0:1 -  -  [30/Jun/2014:18:58:15 +0000] "GET /images/switch.png HTTP/1.1" 304 0 
0:0:0:0:0:0:0:1 -  -  [30/Jun/2014:18:58:15 +0000] "GET /images/slider.png HTTP/1.1" 304 0 
0:0:0:0:0:0:0:1 -  -  [30/Jun/2014:18:58:15 +0000] "GET /images/none.png HTTP/1.1" 304 0 
0:0:0:0:0:0:0:1 -  -  [30/Jun/2014:18:58:15 +0000] "GET /images/_down.png HTTP/1.1" 304 0 
0:0:0:0:0:0:0:1 -  -  [30/Jun/2014:18:58:15 +0000] "GET /images/_up.png HTTP/1.1" 304 0 
0:0:0:0:0:0:0:1 -  -  [30/Jun/2014:18:58:15 +0000] "GET /images/colorwheel.png HTTP/1.1" 304 0 
0:0:0:0:0:0:0:1 -  -  [30/Jun/2014:18:58:15 +0000] "GET /images/withings-scale.png HTTP/1.1" 304 0 
0:0:0:0:0:0:0:1 -  -  [30/Jun/2014:18:58:15 +0000] "GET /images/withings-bloodpressure.png HTTP/1.1" 304 0 
0:0:0:0:0:0:0:1 -  -  [30/Jun/2014:18:58:20 +0000] "GET /openhab.app?sitemap=winti HTTP/1.1" 200 13747 
0:0:0:0:0:0:0:1 -  -  [30/Jun/2014:18:58:20 +0000] "GET /WebApp/Design/Render.css HTTP/1.1" 304 0 
0:0:0:0:0:0:0:1 -  -  [30/Jun/2014:18:58:20 +0000] "GET /WebApp/Design/Firefox.css HTTP/1.1" 304 0 
0:0:0:0:0:0:0:1 -  -  [30/Jun/2014:18:58:20 +0000] "GET /WebApp/Design/RenderRTL.css HTTP/1.1" 304 0 
0:0:0:0:0:0:0:1 -  -  [30/Jun/2014:18:58:20 +0000] "GET /jquery.miniColors.css HTTP/1.1" 304 0 
0:0:0:0:0:0:0:1 -  -  [30/Jun/2014:18:58:20 +0000] "GET /WebApp/Design/openHAB.css HTTP/1.1" 304 0 
0:0:0:0:0:0:0:1 -  -  [30/Jun/2014:18:58:20 +0000] "GET /WebApp/Action/Logic.js HTTP/1.1" 304 0 
0:0:0:0:0:0:0:1 -  -  [30/Jun/2014:18:58:20 +0000] "GET /jquery.min.js HTTP/1.1" 304 0 
0:0:0:0:0:0:0:1 -  -  [30/Jun/2014:18:58:20 +0000] "GET /jquery.miniColors.js HTTP/1.1" 304 0 
0:0:0:0:0:0:0:1 -  -  [30/Jun/2014:18:58:20 +0000] "GET /images/none.png HTTP/1.1" 304 0 
0:0:0:0:0:0:0:1 -  -  [30/Jun/2014:18:58:20 +0000] "GET /images/netatmo.png HTTP/1.1" 304 0 
0:0:0:0:0:0:0:1 -  -  [30/Jun/2014:18:58:20 +0000] "GET /images/slider.png HTTP/1.1" 304 0 
0:0:0:0:0:0:0:1 -  -  [30/Jun/2014:18:58:20 +0000] "GET /images/switch.png HTTP/1.1" 304 0 
0:0:0:0:0:0:0:1 -  -  [30/Jun/2014:18:58:20 +0000] "GET /images/_up.png HTTP/1.1" 304 0 
0:0:0:0:0:0:0:1 -  -  [30/Jun/2014:18:58:20 +0000] "GET /images/_down.png HTTP/1.1" 304 0 
0:0:0:0:0:0:0:1 -  -  [30/Jun/2014:18:58:20 +0000] "GET /images/colorwheel.png HTTP/1.1" 304 0 
0:0:0:0:0:0:0:1 -  -  [30/Jun/2014:18:58:20 +0000] "GET /images/withings-scale.png HTTP/1.1" 304 0 
0:0:0:0:0:0:0:1 -  -  [30/Jun/2014:18:58:20 +0000] "GET /images/withings-bloodpressure.png HTTP/1.1" 304 0 
0:0:0:0:0:0:0:1 -  -  [30/Jun/2014:18:58:11 +0000] "GET /openhab.app?sitemap=winti&poll=true&__async=true&__source=waHome HTTP/1.1" 200 92 
0:0:0:0:0:0:0:1 -  -  [30/Jun/2014:18:58:17 +0000] "GET /openhab.app?sitemap=winti&poll=true&__async=true&__source=waHome HTTP/1.1" 200 7871 
0:0:0:0:0:0:0:1 -  -  [30/Jun/2014:18:58:21 +0000] "GET /openhab.app?sitemap=winti&poll=true&__async=true&__source=waHome HTTP/1.1" 200 7871 
0:0:0:0:0:0:0:1 -  -  [30/Jun/2014:18:58:22 +0000] "GET /openhab.app?sitemap=winti&poll=true&__async=true&__source=waHome HTTP/1.1" 200 92 
0:0:0:0:0:0:0:1 -  -  [30/Jun/2014:18:58:32 +0000] "GET /openhab.app?sitemap=winti&poll=true&__async=true&__source=waHome HTTP/1.1" 200 92 
0:0:0:0:0:0:0:1 -  -  [30/Jun/2014:18:58:43 +0000] "GET /openhab.app?sitemap=winti&poll=true&__async=true&__source=waHome HTTP/1.1" 200 92 
0:0:0:0:0:0:0:1 -  -  [30/Jun/2014:18:58:53 +0000] "GET /openhab.app?sitemap=winti&poll=true&__async=true&__source=waHome HTTP/1.1" 200 92 
0:0:0:0:0:0:0:1 -  -  [30/Jun/2014:18:59:04 +0000] "GET /openhab.app?sitemap=winti&poll=true&__async=true&__source=waHome HTTP/1.1" 200 92 
0:0:0:0:0:0:0:1 -  -  [30/Jun/2014:18:59:14 +0000] "GET /openhab.app?sitemap=winti&poll=true&__async=true&__source=waHome HTTP/1.1" 200 92 
0:0:0:0:0:0:0:1 -  -  [30/Jun/2014:18:59:25 +0000] "GET /openhab.app?sitemap=winti&poll=true&__async=true&__source=waHome HTTP/1.1" 200 92 
0:0:0:0:0:0:0:1 -  -  [30/Jun/2014:18:59:35 +0000] "GET /openhab.app?sitemap=winti&poll=true&__async=true&__source=waHome HTTP/1.1" 200 92 
0:0:0:0:0:0:0:1 -  -  [30/Jun/2014:18:59:46 +0000] "GET /openhab.app?sitemap=winti&poll=true&__async=true&__source=waHome HTTP/1.1" 200 92 
0:0:0:0:0:0:0:1 -  -  [30/Jun/2014:18:59:56 +0000] "GET /openhab.app?sitemap=winti&poll=true&__async=true&__source=waHome HTTP/1.1" 200 92 
0:0:0:0:0:0:0:1 -  -  [30/Jun/2014:19:00:07 +0000] "GET /openhab.app?sitemap=winti&poll=true&__async=true&__source=waHome HTTP/1.1" 200 7871 
0:0:0:0:0:0:0:1 -  -  [30/Jun/2014:19:00:07 +0000] "GET /openhab.app?sitemap=winti&poll=true&__async=true&__source=waHome HTTP/1.1" 200 92 
0:0:0:0:0:0:0:1 -  -  [30/Jun/2014:19:00:25 +0000] "GET /openhab.app?sitemap=winti HTTP/1.1" 200 13747 
0:0:0:0:0:0:0:1 -  -  [30/Jun/2014:19:00:25 +0000] "GET /WebApp/Design/Render.css HTTP/1.1" 304 0 
0:0:0:0:0:0:0:1 -  -  [30/Jun/2014:19:00:25 +0000] "GET /WebApp/Design/RenderRTL.css HTTP/1.1" 304 0 
0:0:0:0:0:0:0:1 -  -  [30/Jun/2014:19:00:25 +0000] "GET /WebApp/Design/Firefox.css HTTP/1.1" 304 0 
0:0:0:0:0:0:0:1 -  -  [30/Jun/2014:19:00:25 +0000] "GET /jquery.miniColors.css HTTP/1.1" 304 0 
0:0:0:0:0:0:0:1 -  -  [30/Jun/2014:19:00:25 +0000] "GET /WebApp/Design/openHAB.css HTTP/1.1" 304 0 
0:0:0:0:0:0:0:1 -  -  [30/Jun/2014:19:00:25 +0000] "GET /WebApp/Action/Logic.js HTTP/1.1" 304 0 
0:0:0:0:0:0:0:1 -  -  [30/Jun/2014:19:00:25 +0000] "GET /jquery.min.js HTTP/1.1" 304 0 
0:0:0:0:0:0:0:1 -  -  [30/Jun/2014:19:00:25 +0000] "GET /jquery.miniColors.js HTTP/1.1" 304 0 
0:0:0:0:0:0:0:1 -  -  [30/Jun/2014:19:00:25 +0000] "GET /images/netatmo.png HTTP/1.1" 304 0 
0:0:0:0:0:0:0:1 -  -  [30/Jun/2014:19:00:25 +0000] "GET /images/switch.png HTTP/1.1" 304 0 
0:0:0:0:0:0:0:1 -  -  [30/Jun/2014:19:00:25 +0000] "GET /images/none.png HTTP/1.1" 304 0 
0:0:0:0:0:0:0:1 -  -  [30/Jun/2014:19:00:25 +0000] "GET /images/slider.png HTTP/1.1" 304 0 
0:0:0:0:0:0:0:1 -  -  [30/Jun/2014:19:00:25 +0000] "GET /images/_down.png HTTP/1.1" 304 0 
0:0:0:0:0:0:0:1 -  -  [30/Jun/2014:19:00:25 +0000] "GET /images/_up.png HTTP/1.1" 304 0 
0:0:0:0:0:0:0:1 -  -  [30/Jun/2014:19:00:25 +0000] "GET /images/colorwheel.png HTTP/1.1" 304 0 
0:0:0:0:0:0:0:1 -  -  [30/Jun/2014:19:00:25 +0000] "GET /images/withings-scale.png HTTP/1.1" 304 0 
0:0:0:0:0:0:0:1 -  -  [30/Jun/2014:19:00:25 +0000] "GET /images/withings-bloodpressure.png HTTP/1.1" 304 0 
0:0:0:0:0:0:0:1 -  -  [30/Jun/2014:19:00:25 +0000] "GET /WebApp/Design/Img/loader-gray-100x12x2.png HTTP/1.1" 304 0 
0:0:0:0:0:0:0:1 -  -  [30/Jun/2014:19:00:27 +0000] "GET /openhab.app?sitemap=winti&poll=true&__async=true&__source=waHome HTTP/1.1" 200 7871 
0:0:0:0:0:0:0:1 -  -  [30/Jun/2014:19:00:18 +0000] "GET /openhab.app?sitemap=winti&poll=true&__async=true&__source=waHome HTTP/1.1" 200 92 
0:0:0:0:0:0:0:1 -  -  [30/Jun/2014:19:00:28 +0000] "GET /openhab.app?sitemap=winti&poll=true&__async=true&__source=waHome HTTP/1.1" 200 92 
0:0:0:0:0:0:0:1 -  -  [30/Jun/2014:19:00:39 +0000] "GET /openhab.app?sitemap=winti&poll=true&__async=true&__source=waHome HTTP/1.1" 200 92 
0:0:0:0:0:0:0:1 -  -  [30/Jun/2014:19:00:49 +0000] "GET /openhab.app?sitemap=winti&poll=true&__async=true&__source=waHome HTTP/1.1" 200 92 
0:0:0:0:0:0:0:1 -  -  [30/Jun/2014:19:01:00 +0000] "GET /openhab.app?sitemap=winti&poll=true&__async=true&__source=waHome HTTP/1.1" 200 92 
0:0:0:0:0:0:0:1 -  -  [30/Jun/2014:19:01:10 +0000] "GET /openhab.app?sitemap=winti&poll=true&__async=true&__source=waHome HTTP/1.1" 200 7871 
0:0:0:0:0:0:0:1 -  -  [30/Jun/2014:19:01:11 +0000] "GET /openhab.app?sitemap=winti&poll=true&__async=true&__source=waHome HTTP/1.1" 200 92 
0:0:0:0:0:0:0:1 -  -  [30/Jun/2014:19:01:21 +0000] "GET /openhab.app?sitemap=winti&poll=true&__async=true&__source=waHome HTTP/1.1" 200 7871 
0:0:0:0:0:0:0:1 -  -  [30/Jun/2014:19:38:50 +0000] "GET /openhab.app?sitemap=winti HTTP/1.1" 200 13747 
0:0:0:0:0:0:0:1 -  -  [30/Jun/2014:19:38:50 +0000] "GET /jquery.miniColors.css HTTP/1.1" 304 0 
0:0:0:0:0:0:0:1 -  -  [30/Jun/2014:19:38:50 +0000] "GET /WebApp/Design/Render.css HTTP/1.1" 304 0 
0:0:0:0:0:0:0:1 -  -  [30/Jun/2014:19:38:50 +0000] "GET /WebApp/Design/RenderRTL.css HTTP/1.1" 304 0 
0:0:0:0:0:0:0:1 -  -  [30/Jun/2014:19:38:50 +0000] "GET /WebApp/Design/openHAB.css HTTP/1.1" 304 0 
0:0:0:0:0:0:0:1 -  -  [30/Jun/2014:19:38:50 +0000] "GET /WebApp/Design/Firefox.css HTTP/1.1" 304 0 
0:0:0:0:0:0:0:1 -  -  [30/Jun/2014:19:38:50 +0000] "GET /WebApp/Action/Logic.js HTTP/1.1" 304 0 
0:0:0:0:0:0:0:1 -  -  [30/Jun/2014:19:38:50 +0000] "GET /jquery.miniColors.js HTTP/1.1" 304 0 
0:0:0:0:0:0:0:1 -  -  [30/Jun/2014:19:38:50 +0000] "GET /jquery.min.js HTTP/1.1" 304 0 
0:0:0:0:0:0:0:1 -  -  [30/Jun/2014:19:38:50 +0000] "GET /images/slider.png HTTP/1.1" 304 0 
0:0:0:0:0:0:0:1 -  -  [30/Jun/2014:19:38:50 +0000] "GET /images/netatmo.png HTTP/1.1" 304 0 
0:0:0:0:0:0:0:1 -  -  [30/Jun/2014:19:38:50 +0000] "GET /images/_up.png HTTP/1.1" 304 0 
0:0:0:0:0:0:0:1 -  -  [30/Jun/2014:19:38:50 +0000] "GET /images/switch.png HTTP/1.1" 304 0 
0:0:0:0:0:0:0:1 -  -  [30/Jun/2014:19:38:50 +0000] "GET /images/_down.png HTTP/1.1" 304 0 
0:0:0:0:0:0:0:1 -  -  [30/Jun/2014:19:38:50 +0000] "GET /images/none.png HTTP/1.1" 304 0 
0:0:0:0:0:0:0:1 -  -  [30/Jun/2014:19:38:50 +0000] "GET /images/colorwheel.png HTTP/1.1" 304 0 
0:0:0:0:0:0:0:1 -  -  [30/Jun/2014:19:38:50 +0000] "GET /images/withings-scale.png HTTP/1.1" 304 0 
0:0:0:0:0:0:0:1 -  -  [30/Jun/2014:19:38:50 +0000] "GET /images/withings-bloodpressure.png HTTP/1.1" 304 0 
0:0:0:0:0:0:0:1 -  -  [30/Jun/2014:19:38:52 +0000] "GET /openhab.app?sitemap=winti&poll=true&__async=true&__source=waHome HTTP/1.1" 200 92 
0:0:0:0:0:0:0:1 -  -  [30/Jun/2014:19:39:06 +0000] "GET /openhab.app?sitemap=winti HTTP/1.1" 200 13747 
0:0:0:0:0:0:0:1 -  -  [30/Jun/2014:19:39:06 +0000] "GET /WebApp/Design/Firefox.css HTTP/1.1" 304 0 
0:0:0:0:0:0:0:1 -  -  [30/Jun/2014:19:39:06 +0000] "GET /WebApp/Design/RenderRTL.css HTTP/1.1" 304 0 
0:0:0:0:0:0:0:1 -  -  [30/Jun/2014:19:39:06 +0000] "GET /WebApp/Design/Render.css HTTP/1.1" 304 0 
0:0:0:0:0:0:0:1 -  -  [30/Jun/2014:19:39:06 +0000] "GET /WebApp/Design/openHAB.css HTTP/1.1" 304 0 
0:0:0:0:0:0:0:1 -  -  [30/Jun/2014:19:39:06 +0000] "GET /jquery.miniColors.css HTTP/1.1" 304 0 
0:0:0:0:0:0:0:1 -  -  [30/Jun/2014:19:39:06 +0000] "GET /WebApp/Action/Logic.js HTTP/1.1" 304 0 
0:0:0:0:0:0:0:1 -  -  [30/Jun/2014:19:39:06 +0000] "GET /jquery.min.js HTTP/1.1" 304 0 
0:0:0:0:0:0:0:1 -  -  [30/Jun/2014:19:39:06 +0000] "GET /jquery.miniColors.js HTTP/1.1" 304 0 
0:0:0:0:0:0:0:1 -  -  [30/Jun/2014:19:39:06 +0000] "GET /images/netatmo.png HTTP/1.1" 304 0 
0:0:0:0:0:0:0:1 -  -  [30/Jun/2014:19:39:06 +0000] "GET /images/switch.png HTTP/1.1" 304 0 
0:0:0:0:0:0:0:1 -  -  [30/Jun/2014:19:39:06 +0000] "GET /images/none.png HTTP/1.1" 304 0 
0:0:0:0:0:0:0:1 -  -  [30/Jun/2014:19:39:06 +0000] "GET /images/slider.png HTTP/1.1" 304 0 
0:0:0:0:0:0:0:1 -  -  [30/Jun/2014:19:39:06 +0000] "GET /images/_down.png HTTP/1.1" 304 0 
0:0:0:0:0:0:0:1 -  -  [30/Jun/2014:19:39:06 +0000] "GET /images/_up.png HTTP/1.1" 304 0 
0:0:0:0:0:0:0:1 -  -  [30/Jun/2014:19:39:06 +0000] "GET /images/colorwheel.png HTTP/1.1" 304 0 
0:0:0:0:0:0:0:1 -  -  [30/Jun/2014:19:39:06 +0000] "GET /images/withings-scale.png HTTP/1.1" 304 0 
0:0:0:0:0:0:0:1 -  -  [30/Jun/2014:19:39:06 +0000] "GET /images/withings-bloodpressure.png HTTP/1.1" 304 0 
0:0:0:0:0:0:0:1 -  -  [30/Jun/2014:19:39:09 +0000] "GET /openhab.app?sitemap=winti HTTP/1.1" 200 13747 
0:0:0:0:0:0:0:1 -  -  [30/Jun/2014:19:39:09 +0000] "GET /WebApp/Design/Render.css HTTP/1.1" 304 0 
0:0:0:0:0:0:0:1 -  -  [30/Jun/2014:19:39:09 +0000] "GET /WebApp/Design/RenderRTL.css HTTP/1.1" 304 0 
0:0:0:0:0:0:0:1 -  -  [30/Jun/2014:19:39:09 +0000] "GET /WebApp/Design/Firefox.css HTTP/1.1" 304 0 
0:0:0:0:0:0:0:1 -  -  [30/Jun/2014:19:39:09 +0000] "GET /jquery.miniColors.css HTTP/1.1" 304 0 
0:0:0:0:0:0:0:1 -  -  [30/Jun/2014:19:39:09 +0000] "GET /WebApp/Design/openHAB.css HTTP/1.1" 304 0 
0:0:0:0:0:0:0:1 -  -  [30/Jun/2014:19:39:09 +0000] "GET /WebApp/Action/Logic.js HTTP/1.1" 304 0 
0:0:0:0:0:0:0:1 -  -  [30/Jun/2014:19:39:09 +0000] "GET /jquery.miniColors.js HTTP/1.1" 304 0 
0:0:0:0:0:0:0:1 -  -  [30/Jun/2014:19:39:09 +0000] "GET /jquery.min.js HTTP/1.1" 304 0 
0:0:0:0:0:0:0:1 -  -  [30/Jun/2014:19:39:09 +0000] "GET /images/netatmo.png HTTP/1.1" 304 0 
0:0:0:0:0:0:0:1 -  -  [30/Jun/2014:19:39:09 +0000] "GET /images/none.png HTTP/1.1" 304 0 
0:0:0:0:0:0:0:1 -  -  [30/Jun/2014:19:39:09 +0000] "GET /images/switch.png HTTP/1.1" 304 0 
0:0:0:0:0:0:0:1 -  -  [30/Jun/2014:19:39:09 +0000] "GET /images/slider.png HTTP/1.1" 304 0 
0:0:0:0:0:0:0:1 -  -  [30/Jun/2014:19:39:09 +0000] "GET /images/_down.png HTTP/1.1" 304 0 
0:0:0:0:0:0:0:1 -  -  [30/Jun/2014:19:39:09 +0000] "GET /images/_up.png HTTP/1.1" 304 0 
0:0:0:0:0:0:0:1 -  -  [30/Jun/2014:19:39:09 +0000] "GET /images/colorwheel.png HTTP/1.1" 304 0 
0:0:0:0:0:0:0:1 -  -  [30/Jun/2014:19:39:09 +0000] "GET /images/withings-scale.png HTTP/1.1" 304 0 
0:0:0:0:0:0:0:1 -  -  [30/Jun/2014:19:39:09 +0000] "GET /images/withings-bloodpressure.png HTTP/1.1" 304 0 
0:0:0:0:0:0:0:1 -  -  [30/Jun/2014:19:39:08 +0000] "GET /openhab.app?sitemap=winti&poll=true&__async=true&__source=waHome HTTP/1.1" 200 7871 
0:0:0:0:0:0:0:1 -  -  [30/Jun/2014:19:39:02 +0000] "GET /openhab.app?sitemap=winti&poll=true&__async=true&__source=waHome HTTP/1.1" 200 7871 
0:0:0:0:0:0:0:1 -  -  [30/Jun/2014:19:39:21 +0000] "GET /openhab.app?sitemap=winti HTTP/1.1" 200 13747 
0:0:0:0:0:0:0:1 -  -  [30/Jun/2014:19:39:21 +0000] "GET /WebApp/Design/RenderRTL.css HTTP/1.1" 304 0 
0:0:0:0:0:0:0:1 -  -  [30/Jun/2014:19:39:21 +0000] "GET /WebApp/Design/Render.css HTTP/1.1" 304 0 
0:0:0:0:0:0:0:1 -  -  [30/Jun/2014:19:39:21 +0000] "GET /WebApp/Design/Firefox.css HTTP/1.1" 304 0 
0:0:0:0:0:0:0:1 -  -  [30/Jun/2014:19:39:21 +0000] "GET /jquery.miniColors.css HTTP/1.1" 304 0 
0:0:0:0:0:0:0:1 -  -  [30/Jun/2014:19:39:21 +0000] "GET /WebApp/Design/openHAB.css HTTP/1.1" 304 0 
0:0:0:0:0:0:0:1 -  -  [30/Jun/2014:19:39:21 +0000] "GET /WebApp/Action/Logic.js HTTP/1.1" 304 0 
0:0:0:0:0:0:0:1 -  -  [30/Jun/2014:19:39:21 +0000] "GET /jquery.miniColors.js HTTP/1.1" 304 0 
0:0:0:0:0:0:0:1 -  -  [30/Jun/2014:19:39:21 +0000] "GET /jquery.min.js HTTP/1.1" 304 0 
0:0:0:0:0:0:0:1 -  -  [30/Jun/2014:19:39:21 +0000] "GET /images/switch.png HTTP/1.1" 304 0 
0:0:0:0:0:0:0:1 -  -  [30/Jun/2014:19:39:21 +0000] "GET /images/netatmo.png HTTP/1.1" 304 0 
0:0:0:0:0:0:0:1 -  -  [30/Jun/2014:19:39:21 +0000] "GET /images/slider.png HTTP/1.1" 304 0 
0:0:0:0:0:0:0:1 -  -  [30/Jun/2014:19:39:21 +0000] "GET /images/none.png HTTP/1.1" 304 0 
0:0:0:0:0:0:0:1 -  -  [30/Jun/2014:19:39:21 +0000] "GET /images/_down.png HTTP/1.1" 304 0 
0:0:0:0:0:0:0:1 -  -  [30/Jun/2014:19:39:21 +0000] "GET /images/_up.png HTTP/1.1" 304 0 
0:0:0:0:0:0:0:1 -  -  [30/Jun/2014:19:39:21 +0000] "GET /images/colorwheel.png HTTP/1.1" 304 0 
0:0:0:0:0:0:0:1 -  -  [30/Jun/2014:19:39:21 +0000] "GET /images/withings-scale.png HTTP/1.1" 304 0 
0:0:0:0:0:0:0:1 -  -  [30/Jun/2014:19:39:21 +0000] "GET /images/withings-bloodpressure.png HTTP/1.1" 304 0 
0:0:0:0:0:0:0:1 -  -  [30/Jun/2014:19:39:11 +0000] "GET /openhab.app?sitemap=winti&poll=true&__async=true&__source=waHome HTTP/1.1" 200 92 
0:0:0:0:0:0:0:1 -  -  [30/Jun/2014:19:39:22 +0000] "GET /openhab.app?sitemap=winti HTTP/1.1" 200 13747 
0:0:0:0:0:0:0:1 -  -  [30/Jun/2014:19:39:22 +0000] "GET /WebApp/Design/RenderRTL.css HTTP/1.1" 304 0 
0:0:0:0:0:0:0:1 -  -  [30/Jun/2014:19:39:22 +0000] "GET /WebApp/Design/Render.css HTTP/1.1" 304 0 
0:0:0:0:0:0:0:1 -  -  [30/Jun/2014:19:39:22 +0000] "GET /WebApp/Design/Firefox.css HTTP/1.1" 304 0 
0:0:0:0:0:0:0:1 -  -  [30/Jun/2014:19:39:22 +0000] "GET /WebApp/Design/openHAB.css HTTP/1.1" 304 0 
0:0:0:0:0:0:0:1 -  -  [30/Jun/2014:19:39:22 +0000] "GET /jquery.miniColors.css HTTP/1.1" 304 0 
0:0:0:0:0:0:0:1 -  -  [30/Jun/2014:19:39:22 +0000] "GET /WebApp/Action/Logic.js HTTP/1.1" 304 0 
0:0:0:0:0:0:0:1 -  -  [30/Jun/2014:19:39:22 +0000] "GET /jquery.min.js HTTP/1.1" 304 0 
0:0:0:0:0:0:0:1 -  -  [30/Jun/2014:19:39:22 +0000] "GET /jquery.miniColors.js HTTP/1.1" 304 0 
0:0:0:0:0:0:0:1 -  -  [30/Jun/2014:19:39:22 +0000] "GET /images/netatmo.png HTTP/1.1" 304 0 
0:0:0:0:0:0:0:1 -  -  [30/Jun/2014:19:39:22 +0000] "GET /images/switch.png HTTP/1.1" 304 0 
0:0:0:0:0:0:0:1 -  -  [30/Jun/2014:19:39:22 +0000] "GET /images/slider.png HTTP/1.1" 304 0 
0:0:0:0:0:0:0:1 -  -  [30/Jun/2014:19:39:22 +0000] "GET /images/_down.png HTTP/1.1" 304 0 
0:0:0:0:0:0:0:1 -  -  [30/Jun/2014:19:39:22 +0000] "GET /images/none.png HTTP/1.1" 304 0 
0:0:0:0:0:0:0:1 -  -  [30/Jun/2014:19:39:22 +0000] "GET /images/_up.png HTTP/1.1" 304 0 
0:0:0:0:0:0:0:1 -  -  [30/Jun/2014:19:39:22 +0000] "GET /images/colorwheel.png HTTP/1.1" 304 0 
0:0:0:0:0:0:0:1 -  -  [30/Jun/2014:19:39:22 +0000] "GET /images/withings-scale.png HTTP/1.1" 304 0 
0:0:0:0:0:0:0:1 -  -  [30/Jun/2014:19:39:22 +0000] "GET /images/withings-bloodpressure.png HTTP/1.1" 304 0 
0:0:0:0:0:0:0:1 -  -  [30/Jun/2014:19:39:24 +0000] "GET /openhab.app?sitemap=winti&poll=true&__async=true&__source=waHome HTTP/1.1" 200 7871 
0:0:0:0:0:0:0:1 -  -  [30/Jun/2014:19:39:31 +0000] "GET /openhab.app?sitemap=winti&poll=true&__async=true&__source=waHome HTTP/1.1" 200 92 
0:0:0:0:0:0:0:1 -  -  [30/Jun/2014:19:39:41 +0000] "GET /openhab.app?sitemap=winti&poll=true&__async=true&__source=waHome HTTP/1.1" 200 7871 
0:0:0:0:0:0:0:1 -  -  [30/Jun/2014:19:39:45 +0000] "GET /openhab.app?sitemap=winti&poll=true&__async=true&__source=waHome HTTP/1.1" 200 7871 
0:0:0:0:0:0:0:1 -  -  [30/Jun/2014:19:39:52 +0000] "GET /openhab.app?sitemap=winti&poll=true&__async=true&__source=waHome HTTP/1.1" 200 92 
0:0:0:0:0:0:0:1 -  -  [30/Jun/2014:19:40:03 +0000] "GET /openhab.app?sitemap=winti&poll=true&__async=true&__source=waHome HTTP/1.1" 200 92 
0:0:0:0:0:0:0:1 -  -  [30/Jun/2014:19:40:13 +0000] "GET /openhab.app?sitemap=winti&poll=true&__async=true&__source=waHome HTTP/1.1" 200 92 
0:0:0:0:0:0:0:1 -  -  [30/Jun/2014:19:40:24 +0000] "GET /openhab.app?sitemap=winti&poll=true&__async=true&__source=waHome HTTP/1.1" 200 92 
0:0:0:0:0:0:0:1 -  -  [30/Jun/2014:19:40:34 +0000] "GET /openhab.app?sitemap=winti&poll=true&__async=true&__source=waHome HTTP/1.1" 200 92 
0:0:0:0:0:0:0:1 -  -  [30/Jun/2014:19:40:45 +0000] "GET /openhab.app?sitemap=winti&poll=true&__async=true&__source=waHome HTTP/1.1" 200 7871 
0:0:0:0:0:0:0:1 -  -  [30/Jun/2014:19:40:49 +0000] "GET /openhab.app?sitemap=winti&poll=true&__async=true&__source=waHome HTTP/1.1" 200 7871 
0:0:0:0:0:0:0:1 -  -  [30/Jun/2014:19:40:56 +0000] "GET /openhab.app?sitemap=winti&poll=true&__async=true&__source=waHome HTTP/1.1" 200 92 
0:0:0:0:0:0:0:1 -  -  [30/Jun/2014:19:41:06 +0000] "GET /openhab.app?sitemap=winti&poll=true&__async=true&__source=waHome HTTP/1.1" 200 92 
0:0:0:0:0:0:0:1 -  -  [30/Jun/2014:19:41:17 +0000] "GET /openhab.app?sitemap=winti&poll=true&__async=true&__source=waHome HTTP/1.1" 200 92 
0:0:0:0:0:0:0:1 -  -  [30/Jun/2014:19:41:27 +0000] "GET /openhab.app?sitemap=winti&poll=true&__async=true&__source=waHome HTTP/1.1" 200 92 
0:0:0:0:0:0:0:1 -  -  [30/Jun/2014:19:41:38 +0000] "GET /openhab.app?sitemap=winti&poll=true&__async=true&__source=waHome HTTP/1.1" 200 92 
0:0:0:0:0:0:0:1 -  -  [30/Jun/2014:19:41:48 +0000] "GET /openhab.app?sitemap=winti&poll=true&__async=true&__source=waHome HTTP/1.1" 200 7871 
0:0:0:0:0:0:0:1 -  -  [30/Jun/2014:19:41:54 +0000] "GET /openhab.app?sitemap=winti&poll=true&__async=true&__source=waHome HTTP/1.1" 200 7871 
0:0:0:0:0:0:0:1 -  -  [30/Jun/2014:19:41:59 +0000] "GET /openhab.app?sitemap=winti&poll=true&__async=true&__source=waHome HTTP/1.1" 200 92 
0:0:0:0:0:0:0:1 -  -  [30/Jun/2014:19:42:09 +0000] "GET /openhab.app?sitemap=winti&poll=true&__async=true&__source=waHome HTTP/1.1" 200 92 
0:0:0:0:0:0:0:1 -  -  [30/Jun/2014:19:42:20 +0000] "GET /openhab.app?sitemap=winti&poll=true&__async=true&__source=waHome HTTP/1.1" 200 92 
0:0:0:0:0:0:0:1 -  -  [30/Jun/2014:19:42:30 +0000] "GET /openhab.app?sitemap=winti&poll=true&__async=true&__source=waHome HTTP/1.1" 200 92 
0:0:0:0:0:0:0:1 -  -  [30/Jun/2014:19:42:41 +0000] "GET /openhab.app?sitemap=winti&poll=true&__async=true&__source=waHome HTTP/1.1" 200 92 
0:0:0:0:0:0:0:1 -  -  [30/Jun/2014:19:42:51 +0000] "GET /openhab.app?sitemap=winti&poll=true&__async=true&__source=waHome HTTP/1.1" 200 7871 
0:0:0:0:0:0:0:1 -  -  [30/Jun/2014:19:42:59 +0000] "GET /openhab.app?sitemap=winti&poll=true&__async=true&__source=waHome HTTP/1.1" 200 7871 
0:0:0:0:0:0:0:1 -  -  [30/Jun/2014:19:43:02 +0000] "GET /openhab.app?sitemap=winti&poll=true&__async=true&__source=waHome HTTP/1.1" 200 92 
0:0:0:0:0:0:0:1 -  -  [30/Jun/2014:19:43:13 +0000] "GET /openhab.app?sitemap=winti&poll=true&__async=true&__source=waHome HTTP/1.1" 200 92 
0:0:0:0:0:0:0:1 -  -  [30/Jun/2014:19:43:23 +0000] "GET /openhab.app?sitemap=winti&poll=true&__async=true&__source=waHome HTTP/1.1" 200 92 
0:0:0:0:0:0:0:1 -  -  [30/Jun/2014:19:43:34 +0000] "GET /openhab.app?sitemap=winti&poll=true&__async=true&__source=waHome HTTP/1.1" 200 92 
0:0:0:0:0:0:0:1 -  -  [30/Jun/2014:19:43:44 +0000] "GET /openhab.app?sitemap=winti&poll=true&__async=true&__source=waHome HTTP/1.1" 200 92 
0:0:0:0:0:0:0:1 -  -  [30/Jun/2014:19:43:55 +0000] "GET /openhab.app?sitemap=winti&poll=true&__async=true&__source=waHome HTTP/1.1" 200 7871 
0:0:0:0:0:0:0:1 -  -  [30/Jun/2014:19:44:04 +0000] "GET /openhab.app?sitemap=winti&poll=true&__async=true&__source=waHome HTTP/1.1" 200 7871 
0:0:0:0:0:0:0:1 -  -  [30/Jun/2014:19:44:05 +0000] "GET /openhab.app?sitemap=winti&poll=true&__async=true&__source=waHome HTTP/1.1" 200 92 
0:0:0:0:0:0:0:1 -  -  [30/Jun/2014:19:44:16 +0000] "GET /openhab.app?sitemap=winti&poll=true&__async=true&__source=waHome HTTP/1.1" 200 92 
0:0:0:0:0:0:0:1 -  -  [30/Jun/2014:19:44:26 +0000] "GET /openhab.app?sitemap=winti&poll=true&__async=true&__source=waHome HTTP/1.1" 200 92 
0:0:0:0:0:0:0:1 -  -  [30/Jun/2014:19:44:37 +0000] "GET /openhab.app?sitemap=winti&poll=true&__async=true&__source=waHome HTTP/1.1" 200 92 
0:0:0:0:0:0:0:1 -  -  [30/Jun/2014:19:44:47 +0000] "GET /openhab.app?sitemap=winti&poll=true&__async=true&__source=waHome HTTP/1.1" 200 92 
0:0:0:0:0:0:0:1 -  -  [30/Jun/2014:19:44:58 +0000] "GET /openhab.app?sitemap=winti&poll=true&__async=true&__source=waHome HTTP/1.1" 200 92 
0:0:0:0:0:0:0:1 -  -  [30/Jun/2014:19:45:08 +0000] "GET /openhab.app?sitemap=winti&poll=true&__async=true&__source=waHome HTTP/1.1" 200 7871 
0:0:0:0:0:0:0:1 -  -  [30/Jun/2014:19:45:09 +0000] "GET /openhab.app?sitemap=winti&poll=true&__async=true&__source=waHome HTTP/1.1" 200 92 
0:0:0:0:0:0:0:1 -  -  [30/Jun/2014:19:45:20 +0000] "GET /openhab.app?sitemap=winti&poll=true&__async=true&__source=waHome HTTP/1.1" 200 7871 
0:0:0:0:0:0:0:1 -  -  [30/Jun/2014:19:45:30 +0000] "GET /openhab.app?sitemap=winti&poll=true&__async=true&__source=waHome HTTP/1.1" 200 92 
0:0:0:0:0:0:0:1 -  -  [30/Jun/2014:19:45:40 +0000] "GET /openhab.app?sitemap=winti&poll=true&__async=true&__source=waHome HTTP/1.1" 200 92 
0:0:0:0:0:0:0:1 -  -  [30/Jun/2014:19:45:51 +0000] "GET /openhab.app?sitemap=winti&poll=true&__async=true&__source=waHome HTTP/1.1" 200 92 
0:0:0:0:0:0:0:1 -  -  [30/Jun/2014:19:46:01 +0000] "GET /openhab.app?sitemap=winti&poll=true&__async=true&__source=waHome HTTP/1.1" 200 92 
0:0:0:0:0:0:0:1 -  -  [30/Jun/2014:19:46:12 +0000] "GET /openhab.app?sitemap=winti&poll=true&__async=true&__source=waHome HTTP/1.1" 200 7871 
0:0:0:0:0:0:0:1 -  -  [30/Jun/2014:19:46:14 +0000] "GET /openhab.app?sitemap=winti&poll=true&__async=true&__source=waHome HTTP/1.1" 200 92 
0:0:0:0:0:0:0:1 -  -  [30/Jun/2014:19:46:24 +0000] "GET /openhab.app?sitemap=winti&poll=true&__async=true&__source=waHome HTTP/1.1" 200 7871 
0:0:0:0:0:0:0:1 -  -  [30/Jun/2014:19:46:33 +0000] "GET /openhab.app?sitemap=winti&poll=true&__async=true&__source=waHome HTTP/1.1" 200 92 
0:0:0:0:0:0:0:1 -  -  [30/Jun/2014:19:46:43 +0000] "GET /openhab.app?sitemap=winti&poll=true&__async=true&__source=waHome HTTP/1.1" 200 92 
0:0:0:0:0:0:0:1 -  -  [30/Jun/2014:19:46:54 +0000] "GET /openhab.app?sitemap=winti&poll=true&__async=true&__source=waHome HTTP/1.1" 200 92 
0:0:0:0:0:0:0:1 -  -  [30/Jun/2014:19:47:05 +0000] "GET /openhab.app?sitemap=winti&poll=true&__async=true&__source=waHome HTTP/1.1" 200 92 
0:0:0:0:0:0:0:1 -  -  [30/Jun/2014:19:47:15 +0000] "GET /openhab.app?sitemap=winti&poll=true&__async=true&__source=waHome HTTP/1.1" 200 7871 
0:0:0:0:0:0:0:1 -  -  [30/Jun/2014:19:47:19 +0000] "GET /openhab.app?sitemap=winti&poll=true&__async=true&__source=waHome HTTP/1.1" 200 92 
0:0:0:0:0:0:0:1 -  -  [30/Jun/2014:19:47:30 +0000] "GET /openhab.app?sitemap=winti&poll=true&__async=true&__source=waHome HTTP/1.1" 200 7871 
0:0:0:0:0:0:0:1 -  -  [30/Jun/2014:19:47:36 +0000] "GET /openhab.app?sitemap=winti&poll=true&__async=true&__source=waHome HTTP/1.1" 200 92 
0:0:0:0:0:0:0:1 -  -  [30/Jun/2014:19:47:47 +0000] "GET /openhab.app?sitemap=winti&poll=true&__async=true&__source=waHome HTTP/1.1" 200 92 
0:0:0:0:0:0:0:1 -  -  [30/Jun/2014:19:47:57 +0000] "GET /openhab.app?sitemap=winti&poll=true&__async=true&__source=waHome HTTP/1.1" 200 92 
0:0:0:0:0:0:0:1 -  -  [30/Jun/2014:19:48:08 +0000] "GET /openhab.app?sitemap=winti&poll=true&__async=true&__source=waHome HTTP/1.1" 200 92 
0:0:0:0:0:0:0:1 -  -  [30/Jun/2014:19:48:18 +0000] "GET /openhab.app?sitemap=winti&poll=true&__async=true&__source=waHome HTTP/1.1" 200 8199 
0:0:0:0:0:0:0:1 -  -  [30/Jun/2014:19:48:24 +0000] "GET /openhab.app?sitemap=winti&poll=true&__async=true&__source=waHome HTTP/1.1" 200 92 
0:0:0:0:0:0:0:1 -  -  [30/Jun/2014:19:48:35 +0000] "GET /openhab.app?sitemap=winti&poll=true&__async=true&__source=waHome HTTP/1.1" 200 8199 
0:0:0:0:0:0:0:1 -  -  [30/Jun/2014:19:48:40 +0000] "GET /openhab.app?sitemap=winti&poll=true&__async=true&__source=waHome HTTP/1.1" 200 8214 
0:0:0:0:0:0:0:1 -  -  [30/Jun/2014:19:48:50 +0000] "GET /WebApp/Design/Img/form-check-texton.png HTTP/1.1" 304 0 
0:0:0:0:0:0:0:1 -  -  [30/Jun/2014:19:48:50 +0000] "GET /images/switch-on.png HTTP/1.1" 200 2076 
0:0:0:0:0:0:0:1 -  -  [30/Jun/2014:19:48:50 +0000] "GET /openhab.app?sitemap=winti&poll=true&__async=true&__source=waHome HTTP/1.1" 200 92 
0:0:0:0:0:0:0:1 -  -  [30/Jun/2014:19:49:00 +0000] "GET /openhab.app?sitemap=winti&poll=true&__async=true&__source=waHome HTTP/1.1" 200 8214 
0:0:0:0:0:0:0:1 -  -  [30/Jun/2014:19:49:01 +0000] "GET /openhab.app?sitemap=winti&poll=true&__async=true&__source=waHome HTTP/1.1" 200 92 
0:0:0:0:0:0:0:1 -  -  [30/Jun/2014:19:49:11 +0000] "GET /openhab.app?sitemap=winti&poll=true&__async=true&__source=waHome HTTP/1.1" 200 92 
0:0:0:0:0:0:0:1 -  -  [30/Jun/2014:19:49:22 +0000] "GET /openhab.app?sitemap=winti&poll=true&__async=true&__source=waHome HTTP/1.1" 200 92 
0:0:0:0:0:0:0:1 -  -  [30/Jun/2014:19:49:38 +0000] "GET /openhab.app?sitemap=winti HTTP/1.1" 200 14075 
0:0:0:0:0:0:0:1 -  -  [30/Jun/2014:19:49:39 +0000] "GET /WebApp/Design/Render.css HTTP/1.1" 304 0 
0:0:0:0:0:0:0:1 -  -  [30/Jun/2014:19:49:39 +0000] "GET /WebApp/Design/openHAB.css HTTP/1.1" 304 0 
0:0:0:0:0:0:0:1 -  -  [30/Jun/2014:19:49:39 +0000] "GET /jquery.min.js HTTP/1.1" 304 0 
0:0:0:0:0:0:0:1 -  -  [30/Jun/2014:19:49:39 +0000] "GET /WebApp/Design/Firefox.css HTTP/1.1" 304 0 
0:0:0:0:0:0:0:1 -  -  [30/Jun/2014:19:49:39 +0000] "GET /WebApp/Design/RenderRTL.css HTTP/1.1" 304 0 
0:0:0:0:0:0:0:1 -  -  [30/Jun/2014:19:49:39 +0000] "GET /jquery.miniColors.js HTTP/1.1" 304 0 
0:0:0:0:0:0:0:1 -  -  [30/Jun/2014:19:49:39 +0000] "GET /jquery.miniColors.css HTTP/1.1" 304 0 
0:0:0:0:0:0:0:1 -  -  [30/Jun/2014:19:49:39 +0000] "GET /WebApp/Action/Logic.js HTTP/1.1" 304 0 
0:0:0:0:0:0:0:1 -  -  [30/Jun/2014:19:49:39 +0000] "GET /images/none.png HTTP/1.1" 304 0 
0:0:0:0:0:0:0:1 -  -  [30/Jun/2014:19:49:39 +0000] "GET /images/switch.png HTTP/1.1" 304 0 
0:0:0:0:0:0:0:1 -  -  [30/Jun/2014:19:49:39 +0000] "GET /images/slider.png HTTP/1.1" 304 0 
0:0:0:0:0:0:0:1 -  -  [30/Jun/2014:19:49:39 +0000] "GET /images/netatmo.png HTTP/1.1" 304 0 
0:0:0:0:0:0:0:1 -  -  [30/Jun/2014:19:49:39 +0000] "GET /images/_down.png HTTP/1.1" 304 0 
0:0:0:0:0:0:0:1 -  -  [30/Jun/2014:19:49:39 +0000] "GET /images/_up.png HTTP/1.1" 304 0 
0:0:0:0:0:0:0:1 -  -  [30/Jun/2014:19:49:39 +0000] "GET /images/withings-scale.png HTTP/1.1" 304 0 
0:0:0:0:0:0:0:1 -  -  [30/Jun/2014:19:49:39 +0000] "GET /images/colorwheel.png HTTP/1.1" 304 0 
0:0:0:0:0:0:0:1 -  -  [30/Jun/2014:19:49:39 +0000] "GET /images/withings-bloodpressure.png HTTP/1.1" 304 0 
0:0:0:0:0:0:0:1 -  -  [30/Jun/2014:19:49:40 +0000] "GET /openhab.app?sitemap=winti&poll=true&__async=true&__source=waHome HTTP/1.1" 200 8199 
0:0:0:0:0:0:0:1 -  -  [30/Jun/2014:19:49:32 +0000] "GET /openhab.app?sitemap=winti&poll=true&__async=true&__source=waHome HTTP/1.1" 200 92 
0:0:0:0:0:0:0:1 -  -  [30/Jun/2014:19:49:43 +0000] "GET /openhab.app?sitemap=winti&poll=true&__async=true&__source=waHome HTTP/1.1" 200 8203 
0:0:0:0:0:0:0:1 -  -  [30/Jun/2014:19:49:49 +0000] "GET /images/switch-off.png HTTP/1.1" 200 1467 
0:0:0:0:0:0:0:1 -  -  [30/Jun/2014:19:49:57 +0000] "GET /openhab.app?sitemap=winti HTTP/1.1" 200 14079 
0:0:0:0:0:0:0:1 -  -  [30/Jun/2014:19:49:57 +0000] "GET /WebApp/Design/RenderRTL.css HTTP/1.1" 304 0 
0:0:0:0:0:0:0:1 -  -  [30/Jun/2014:19:49:57 +0000] "GET /WebApp/Design/Firefox.css HTTP/1.1" 304 0 
0:0:0:0:0:0:0:1 -  -  [30/Jun/2014:19:49:57 +0000] "GET /WebApp/Design/Render.css HTTP/1.1" 304 0 
0:0:0:0:0:0:0:1 -  -  [30/Jun/2014:19:49:57 +0000] "GET /WebApp/Design/openHAB.css HTTP/1.1" 304 0 
0:0:0:0:0:0:0:1 -  -  [30/Jun/2014:19:49:57 +0000] "GET /jquery.miniColors.css HTTP/1.1" 304 0 
0:0:0:0:0:0:0:1 -  -  [30/Jun/2014:19:49:57 +0000] "GET /WebApp/Action/Logic.js HTTP/1.1" 304 0 
0:0:0:0:0:0:0:1 -  -  [30/Jun/2014:19:49:57 +0000] "GET /jquery.min.js HTTP/1.1" 304 0 
0:0:0:0:0:0:0:1 -  -  [30/Jun/2014:19:49:57 +0000] "GET /jquery.miniColors.js HTTP/1.1" 304 0 
0:0:0:0:0:0:0:1 -  -  [30/Jun/2014:19:49:57 +0000] "GET /images/none.png HTTP/1.1" 304 0 
0:0:0:0:0:0:0:1 -  -  [30/Jun/2014:19:49:57 +0000] "GET /images/switch-off.png HTTP/1.1" 304 0 
0:0:0:0:0:0:0:1 -  -  [30/Jun/2014:19:49:57 +0000] "GET /images/netatmo.png HTTP/1.1" 304 0 
0:0:0:0:0:0:0:1 -  -  [30/Jun/2014:19:49:57 +0000] "GET /images/_down.png HTTP/1.1" 304 0 
0:0:0:0:0:0:0:1 -  -  [30/Jun/2014:19:49:57 +0000] "GET /images/slider.png HTTP/1.1" 304 0 
0:0:0:0:0:0:0:1 -  -  [30/Jun/2014:19:49:57 +0000] "GET /images/switch.png HTTP/1.1" 304 0 
0:0:0:0:0:0:0:1 -  -  [30/Jun/2014:19:49:57 +0000] "GET /images/_up.png HTTP/1.1" 304 0 
0:0:0:0:0:0:0:1 -  -  [30/Jun/2014:19:49:57 +0000] "GET /images/colorwheel.png HTTP/1.1" 304 0 
0:0:0:0:0:0:0:1 -  -  [30/Jun/2014:19:49:57 +0000] "GET /images/withings-scale.png HTTP/1.1" 304 0 
0:0:0:0:0:0:0:1 -  -  [30/Jun/2014:19:49:57 +0000] "GET /images/withings-bloodpressure.png HTTP/1.1" 304 0 
0:0:0:0:0:0:0:1 -  -  [30/Jun/2014:19:49:59 +0000] "GET /openhab.app?sitemap=winti HTTP/1.1" 200 14079 
0:0:0:0:0:0:0:1 -  -  [30/Jun/2014:19:49:59 +0000] "GET /WebApp/Design/RenderRTL.css HTTP/1.1" 304 0 
0:0:0:0:0:0:0:1 -  -  [30/Jun/2014:19:49:59 +0000] "GET /WebApp/Design/Firefox.css HTTP/1.1" 304 0 
0:0:0:0:0:0:0:1 -  -  [30/Jun/2014:19:49:59 +0000] "GET /WebApp/Design/Render.css HTTP/1.1" 304 0 
0:0:0:0:0:0:0:1 -  -  [30/Jun/2014:19:49:59 +0000] "GET /WebApp/Design/openHAB.css HTTP/1.1" 304 0 
0:0:0:0:0:0:0:1 -  -  [30/Jun/2014:19:49:59 +0000] "GET /jquery.miniColors.css HTTP/1.1" 304 0 
0:0:0:0:0:0:0:1 -  -  [30/Jun/2014:19:49:59 +0000] "GET /WebApp/Action/Logic.js HTTP/1.1" 304 0 
0:0:0:0:0:0:0:1 -  -  [30/Jun/2014:19:49:59 +0000] "GET /jquery.min.js HTTP/1.1" 304 0 
0:0:0:0:0:0:0:1 -  -  [30/Jun/2014:19:49:59 +0000] "GET /jquery.miniColors.js HTTP/1.1" 304 0 
0:0:0:0:0:0:0:1 -  -  [30/Jun/2014:19:49:59 +0000] "GET /images/switch-off.png HTTP/1.1" 304 0 
0:0:0:0:0:0:0:1 -  -  [30/Jun/2014:19:49:59 +0000] "GET /images/none.png HTTP/1.1" 304 0 
0:0:0:0:0:0:0:1 -  -  [30/Jun/2014:19:49:59 +0000] "GET /images/switch.png HTTP/1.1" 304 0 
0:0:0:0:0:0:0:1 -  -  [30/Jun/2014:19:49:59 +0000] "GET /images/netatmo.png HTTP/1.1" 304 0 
0:0:0:0:0:0:0:1 -  -  [30/Jun/2014:19:49:59 +0000] "GET /images/slider.png HTTP/1.1" 304 0 
0:0:0:0:0:0:0:1 -  -  [30/Jun/2014:19:49:59 +0000] "GET /images/_down.png HTTP/1.1" 304 0 
0:0:0:0:0:0:0:1 -  -  [30/Jun/2014:19:49:59 +0000] "GET /images/withings-scale.png HTTP/1.1" 304 0 
0:0:0:0:0:0:0:1 -  -  [30/Jun/2014:19:49:59 +0000] "GET /images/_up.png HTTP/1.1" 304 0 
0:0:0:0:0:0:0:1 -  -  [30/Jun/2014:19:49:59 +0000] "GET /images/withings-bloodpressure.png HTTP/1.1" 304 0 
0:0:0:0:0:0:0:1 -  -  [30/Jun/2014:19:49:59 +0000] "GET /images/colorwheel.png HTTP/1.1" 304 0 
0:0:0:0:0:0:0:1 -  -  [30/Jun/2014:19:49:49 +0000] "GET /openhab.app?sitemap=winti&poll=true&__async=true&__source=waHome HTTP/1.1" 200 92 
0:0:0:0:0:0:0:1 -  -  [30/Jun/2014:19:49:58 +0000] "GET /openhab.app?sitemap=winti&poll=true&__async=true&__source=waHome HTTP/1.1" 200 92 
0:0:0:0:0:0:0:1 -  -  [30/Jun/2014:19:50:01 +0000] "GET /openhab.app?sitemap=winti&poll=true&__async=true&__source=waHome HTTP/1.1" 200 92 
0:0:0:0:0:0:0:1 -  -  [30/Jun/2014:19:50:13 +0000] "GET /openhab.app?sitemap=winti HTTP/1.1" 200 14075 
0:0:0:0:0:0:0:1 -  -  [30/Jun/2014:19:50:13 +0000] "GET /WebApp/Design/Render.css HTTP/1.1" 304 0 
0:0:0:0:0:0:0:1 -  -  [30/Jun/2014:19:50:13 +0000] "GET /WebApp/Design/Firefox.css HTTP/1.1" 304 0 
0:0:0:0:0:0:0:1 -  -  [30/Jun/2014:19:50:13 +0000] "GET /WebApp/Design/RenderRTL.css HTTP/1.1" 304 0 
0:0:0:0:0:0:0:1 -  -  [30/Jun/2014:19:50:13 +0000] "GET /jquery.miniColors.css HTTP/1.1" 304 0 
0:0:0:0:0:0:0:1 -  -  [30/Jun/2014:19:50:13 +0000] "GET /WebApp/Design/openHAB.css HTTP/1.1" 304 0 
0:0:0:0:0:0:0:1 -  -  [30/Jun/2014:19:50:13 +0000] "GET /WebApp/Action/Logic.js HTTP/1.1" 304 0 
0:0:0:0:0:0:0:1 -  -  [30/Jun/2014:19:50:13 +0000] "GET /jquery.miniColors.js HTTP/1.1" 304 0 
0:0:0:0:0:0:0:1 -  -  [30/Jun/2014:19:50:13 +0000] "GET /jquery.min.js HTTP/1.1" 304 0 
0:0:0:0:0:0:0:1 -  -  [30/Jun/2014:19:50:13 +0000] "GET /images/none.png HTTP/1.1" 304 0 
0:0:0:0:0:0:0:1 -  -  [30/Jun/2014:19:50:13 +0000] "GET /images/netatmo.png HTTP/1.1" 304 0 
0:0:0:0:0:0:0:1 -  -  [30/Jun/2014:19:50:13 +0000] "GET /images/slider.png HTTP/1.1" 304 0 
0:0:0:0:0:0:0:1 -  -  [30/Jun/2014:19:50:13 +0000] "GET /images/switch.png HTTP/1.1" 304 0 
0:0:0:0:0:0:0:1 -  -  [30/Jun/2014:19:50:13 +0000] "GET /images/_down.png HTTP/1.1" 304 0 
0:0:0:0:0:0:0:1 -  -  [30/Jun/2014:19:50:13 +0000] "GET /images/_up.png HTTP/1.1" 304 0 
0:0:0:0:0:0:0:1 -  -  [30/Jun/2014:19:50:13 +0000] "GET /images/colorwheel.png HTTP/1.1" 304 0 
0:0:0:0:0:0:0:1 -  -  [30/Jun/2014:19:50:13 +0000] "GET /images/withings-scale.png HTTP/1.1" 304 0 
0:0:0:0:0:0:0:1 -  -  [30/Jun/2014:19:50:13 +0000] "GET /images/withings-bloodpressure.png HTTP/1.1" 304 0 
0:0:0:0:0:0:0:1 -  -  [30/Jun/2014:19:50:17 +0000] "GET /openhab.app?sitemap=winti HTTP/1.1" 200 14075 
0:0:0:0:0:0:0:1 -  -  [30/Jun/2014:19:50:17 +0000] "GET /WebApp/Design/RenderRTL.css HTTP/1.1" 304 0 
0:0:0:0:0:0:0:1 -  -  [30/Jun/2014:19:50:17 +0000] "GET /WebApp/Design/Render.css HTTP/1.1" 304 0 
0:0:0:0:0:0:0:1 -  -  [30/Jun/2014:19:50:17 +0000] "GET /WebApp/Design/Firefox.css HTTP/1.1" 304 0 
0:0:0:0:0:0:0:1 -  -  [30/Jun/2014:19:50:17 +0000] "GET /WebApp/Design/openHAB.css HTTP/1.1" 304 0 
0:0:0:0:0:0:0:1 -  -  [30/Jun/2014:19:50:17 +0000] "GET /jquery.miniColors.css HTTP/1.1" 304 0 
0:0:0:0:0:0:0:1 -  -  [30/Jun/2014:19:50:17 +0000] "GET /jquery.min.js HTTP/1.1" 304 0 
0:0:0:0:0:0:0:1 -  -  [30/Jun/2014:19:50:17 +0000] "GET /WebApp/Action/Logic.js HTTP/1.1" 304 0 
0:0:0:0:0:0:0:1 -  -  [30/Jun/2014:19:50:17 +0000] "GET /jquery.miniColors.js HTTP/1.1" 304 0 
0:0:0:0:0:0:0:1 -  -  [30/Jun/2014:19:50:17 +0000] "GET /images/netatmo.png HTTP/1.1" 304 0 
0:0:0:0:0:0:0:1 -  -  [30/Jun/2014:19:50:17 +0000] "GET /images/switch.png HTTP/1.1" 304 0 
0:0:0:0:0:0:0:1 -  -  [30/Jun/2014:19:50:17 +0000] "GET /images/slider.png HTTP/1.1" 304 0 
0:0:0:0:0:0:0:1 -  -  [30/Jun/2014:19:50:17 +0000] "GET /images/none.png HTTP/1.1" 304 0 
0:0:0:0:0:0:0:1 -  -  [30/Jun/2014:19:50:17 +0000] "GET /images/_down.png HTTP/1.1" 304 0 
0:0:0:0:0:0:0:1 -  -  [30/Jun/2014:19:50:17 +0000] "GET /images/_up.png HTTP/1.1" 304 0 
0:0:0:0:0:0:0:1 -  -  [30/Jun/2014:19:50:17 +0000] "GET /images/colorwheel.png HTTP/1.1" 304 0 
0:0:0:0:0:0:0:1 -  -  [30/Jun/2014:19:50:17 +0000] "GET /images/withings-scale.png HTTP/1.1" 304 0 
0:0:0:0:0:0:0:1 -  -  [30/Jun/2014:19:50:17 +0000] "GET /images/withings-bloodpressure.png HTTP/1.1" 304 0 
0:0:0:0:0:0:0:1 -  -  [30/Jun/2014:19:50:20 +0000] "GET /openhab.app?sitemap=winti HTTP/1.1" 200 14075 
0:0:0:0:0:0:0:1 -  -  [30/Jun/2014:19:50:20 +0000] "GET /WebApp/Design/RenderRTL.css HTTP/1.1" 304 0 
0:0:0:0:0:0:0:1 -  -  [30/Jun/2014:19:50:20 +0000] "GET /WebApp/Design/Render.css HTTP/1.1" 304 0 
0:0:0:0:0:0:0:1 -  -  [30/Jun/2014:19:50:20 +0000] "GET /WebApp/Design/Firefox.css HTTP/1.1" 304 0 
0:0:0:0:0:0:0:1 -  -  [30/Jun/2014:19:50:20 +0000] "GET /WebApp/Design/openHAB.css HTTP/1.1" 304 0 
0:0:0:0:0:0:0:1 -  -  [30/Jun/2014:19:50:20 +0000] "GET /jquery.miniColors.css HTTP/1.1" 304 0 
0:0:0:0:0:0:0:1 -  -  [30/Jun/2014:19:50:20 +0000] "GET /WebApp/Action/Logic.js HTTP/1.1" 304 0 
0:0:0:0:0:0:0:1 -  -  [30/Jun/2014:19:50:20 +0000] "GET /jquery.min.js HTTP/1.1" 304 0 
0:0:0:0:0:0:0:1 -  -  [30/Jun/2014:19:50:20 +0000] "GET /jquery.miniColors.js HTTP/1.1" 304 0 
0:0:0:0:0:0:0:1 -  -  [30/Jun/2014:19:50:21 +0000] "GET /images/switch.png HTTP/1.1" 304 0 
0:0:0:0:0:0:0:1 -  -  [30/Jun/2014:19:50:21 +0000] "GET /images/none.png HTTP/1.1" 304 0 
0:0:0:0:0:0:0:1 -  -  [30/Jun/2014:19:50:21 +0000] "GET /images/netatmo.png HTTP/1.1" 304 0 
0:0:0:0:0:0:0:1 -  -  [30/Jun/2014:19:50:21 +0000] "GET /images/slider.png HTTP/1.1" 304 0 
0:0:0:0:0:0:0:1 -  -  [30/Jun/2014:19:50:21 +0000] "GET /images/_down.png HTTP/1.1" 304 0 
0:0:0:0:0:0:0:1 -  -  [30/Jun/2014:19:50:21 +0000] "GET /images/_up.png HTTP/1.1" 304 0 
0:0:0:0:0:0:0:1 -  -  [30/Jun/2014:19:50:21 +0000] "GET /images/colorwheel.png HTTP/1.1" 304 0 
0:0:0:0:0:0:0:1 -  -  [30/Jun/2014:19:50:21 +0000] "GET /images/withings-scale.png HTTP/1.1" 304 0 
0:0:0:0:0:0:0:1 -  -  [30/Jun/2014:19:50:21 +0000] "GET /images/withings-bloodpressure.png HTTP/1.1" 304 0 
0:0:0:0:0:0:0:1 -  -  [30/Jun/2014:19:50:11 +0000] "GET /openhab.app?sitemap=winti&poll=true&__async=true&__source=waHome HTTP/1.1" 200 92 
0:0:0:0:0:0:0:1 -  -  [30/Jun/2014:19:50:14 +0000] "GET /openhab.app?sitemap=winti&poll=true&__async=true&__source=waHome HTTP/1.1" 200 92 
0:0:0:0:0:0:0:1 -  -  [30/Jun/2014:19:50:18 +0000] "GET /openhab.app?sitemap=winti&poll=true&__async=true&__source=waHome HTTP/1.1" 200 8199 
0:0:0:0:0:0:0:1 -  -  [30/Jun/2014:19:50:22 +0000] "GET /openhab.app?sitemap=winti&poll=true&__async=true&__source=waHome HTTP/1.1" 200 8199 
0:0:0:0:0:0:0:1 -  -  [30/Jun/2014:19:50:31 +0000] "GET /openhab.app?sitemap=winti HTTP/1.1" 200 14075 
0:0:0:0:0:0:0:1 -  -  [30/Jun/2014:19:50:31 +0000] "GET /WebApp/Design/Firefox.css HTTP/1.1" 304 0 
0:0:0:0:0:0:0:1 -  -  [30/Jun/2014:19:50:31 +0000] "GET /WebApp/Design/Render.css HTTP/1.1" 304 0 
0:0:0:0:0:0:0:1 -  -  [30/Jun/2014:19:50:31 +0000] "GET /WebApp/Design/openHAB.css HTTP/1.1" 304 0 
0:0:0:0:0:0:0:1 -  -  [30/Jun/2014:19:50:31 +0000] "GET /WebApp/Design/RenderRTL.css HTTP/1.1" 304 0 
0:0:0:0:0:0:0:1 -  -  [30/Jun/2014:19:50:31 +0000] "GET /jquery.miniColors.css HTTP/1.1" 304 0 
0:0:0:0:0:0:0:1 -  -  [30/Jun/2014:19:50:31 +0000] "GET /WebApp/Action/Logic.js HTTP/1.1" 304 0 
0:0:0:0:0:0:0:1 -  -  [30/Jun/2014:19:50:31 +0000] "GET /jquery.min.js HTTP/1.1" 304 0 
0:0:0:0:0:0:0:1 -  -  [30/Jun/2014:19:50:31 +0000] "GET /jquery.miniColors.js HTTP/1.1" 304 0 
0:0:0:0:0:0:0:1 -  -  [30/Jun/2014:19:50:31 +0000] "GET /images/switch.png HTTP/1.1" 304 0 
0:0:0:0:0:0:0:1 -  -  [30/Jun/2014:19:50:31 +0000] "GET /images/netatmo.png HTTP/1.1" 304 0 
0:0:0:0:0:0:0:1 -  -  [30/Jun/2014:19:50:31 +0000] "GET /images/none.png HTTP/1.1" 304 0 
0:0:0:0:0:0:0:1 -  -  [30/Jun/2014:19:50:31 +0000] "GET /images/slider.png HTTP/1.1" 304 0 
0:0:0:0:0:0:0:1 -  -  [30/Jun/2014:19:50:31 +0000] "GET /images/_down.png HTTP/1.1" 304 0 
0:0:0:0:0:0:0:1 -  -  [30/Jun/2014:19:50:31 +0000] "GET /images/_up.png HTTP/1.1" 304 0 
0:0:0:0:0:0:0:1 -  -  [30/Jun/2014:19:50:31 +0000] "GET /images/colorwheel.png HTTP/1.1" 304 0 
0:0:0:0:0:0:0:1 -  -  [30/Jun/2014:19:50:31 +0000] "GET /images/withings-scale.png HTTP/1.1" 304 0 
0:0:0:0:0:0:0:1 -  -  [30/Jun/2014:19:50:31 +0000] "GET /images/withings-bloodpressure.png HTTP/1.1" 304 0 
0:0:0:0:0:0:0:1 -  -  [30/Jun/2014:19:50:25 +0000] "GET /openhab.app?sitemap=winti&poll=true&__async=true&__source=waHome HTTP/1.1" 200 8199 
0:0:0:0:0:0:0:1 -  -  [30/Jun/2014:19:50:32 +0000] "GET /openhab.app?sitemap=winti&poll=true&__async=true&__source=waHome HTTP/1.1" 200 8199 
0:0:0:0:0:0:0:1 -  -  [30/Jun/2014:19:50:35 +0000] "GET /openhab.app?sitemap=winti HTTP/1.1" 200 14075 
0:0:0:0:0:0:0:1 -  -  [30/Jun/2014:19:50:35 +0000] "GET /WebApp/Design/Render.css HTTP/1.1" 304 0 
0:0:0:0:0:0:0:1 -  -  [30/Jun/2014:19:50:35 +0000] "GET /WebApp/Design/RenderRTL.css HTTP/1.1" 304 0 
0:0:0:0:0:0:0:1 -  -  [30/Jun/2014:19:50:35 +0000] "GET /WebApp/Design/Firefox.css HTTP/1.1" 304 0 
0:0:0:0:0:0:0:1 -  -  [30/Jun/2014:19:50:35 +0000] "GET /WebApp/Design/openHAB.css HTTP/1.1" 304 0 
0:0:0:0:0:0:0:1 -  -  [30/Jun/2014:19:50:35 +0000] "GET /jquery.miniColors.css HTTP/1.1" 304 0 
0:0:0:0:0:0:0:1 -  -  [30/Jun/2014:19:50:35 +0000] "GET /WebApp/Action/Logic.js HTTP/1.1" 304 0 
0:0:0:0:0:0:0:1 -  -  [30/Jun/2014:19:50:35 +0000] "GET /jquery.min.js HTTP/1.1" 304 0 
0:0:0:0:0:0:0:1 -  -  [30/Jun/2014:19:50:35 +0000] "GET /jquery.miniColors.js HTTP/1.1" 304 0 
0:0:0:0:0:0:0:1 -  -  [30/Jun/2014:19:50:35 +0000] "GET /images/none.png HTTP/1.1" 304 0 
0:0:0:0:0:0:0:1 -  -  [30/Jun/2014:19:50:35 +0000] "GET /images/switch.png HTTP/1.1" 304 0 
0:0:0:0:0:0:0:1 -  -  [30/Jun/2014:19:50:35 +0000] "GET /images/netatmo.png HTTP/1.1" 304 0 
0:0:0:0:0:0:0:1 -  -  [30/Jun/2014:19:50:35 +0000] "GET /images/slider.png HTTP/1.1" 304 0 
0:0:0:0:0:0:0:1 -  -  [30/Jun/2014:19:50:35 +0000] "GET /images/_down.png HTTP/1.1" 304 0 
0:0:0:0:0:0:0:1 -  -  [30/Jun/2014:19:50:35 +0000] "GET /images/_up.png HTTP/1.1" 304 0 
0:0:0:0:0:0:0:1 -  -  [30/Jun/2014:19:50:35 +0000] "GET /images/withings-scale.png HTTP/1.1" 304 0 
0:0:0:0:0:0:0:1 -  -  [30/Jun/2014:19:50:35 +0000] "GET /images/colorwheel.png HTTP/1.1" 304 0 
0:0:0:0:0:0:0:1 -  -  [30/Jun/2014:19:50:35 +0000] "GET /images/withings-bloodpressure.png HTTP/1.1" 304 0 
0:0:0:0:0:0:0:1 -  -  [30/Jun/2014:19:50:42 +0000] "GET /openhab.app?sitemap=winti HTTP/1.1" 200 14075 
0:0:0:0:0:0:0:1 -  -  [30/Jun/2014:19:50:42 +0000] "GET /WebApp/Design/RenderRTL.css HTTP/1.1" 304 0 
0:0:0:0:0:0:0:1 -  -  [30/Jun/2014:19:50:42 +0000] "GET /WebApp/Design/Render.css HTTP/1.1" 304 0 
0:0:0:0:0:0:0:1 -  -  [30/Jun/2014:19:50:42 +0000] "GET /WebApp/Design/openHAB.css HTTP/1.1" 304 0 
0:0:0:0:0:0:0:1 -  -  [30/Jun/2014:19:50:42 +0000] "GET /WebApp/Design/Firefox.css HTTP/1.1" 304 0 
0:0:0:0:0:0:0:1 -  -  [30/Jun/2014:19:50:42 +0000] "GET /jquery.miniColors.css HTTP/1.1" 304 0 
0:0:0:0:0:0:0:1 -  -  [30/Jun/2014:19:50:42 +0000] "GET /WebApp/Action/Logic.js HTTP/1.1" 304 0 
0:0:0:0:0:0:0:1 -  -  [30/Jun/2014:19:50:42 +0000] "GET /jquery.min.js HTTP/1.1" 304 0 
0:0:0:0:0:0:0:1 -  -  [30/Jun/2014:19:50:42 +0000] "GET /jquery.miniColors.js HTTP/1.1" 304 0 
0:0:0:0:0:0:0:1 -  -  [30/Jun/2014:19:50:42 +0000] "GET /images/switch.png HTTP/1.1" 304 0 
0:0:0:0:0:0:0:1 -  -  [30/Jun/2014:19:50:42 +0000] "GET /images/none.png HTTP/1.1" 304 0 
0:0:0:0:0:0:0:1 -  -  [30/Jun/2014:19:50:42 +0000] "GET /images/slider.png HTTP/1.1" 304 0 
0:0:0:0:0:0:0:1 -  -  [30/Jun/2014:19:50:42 +0000] "GET /images/netatmo.png HTTP/1.1" 304 0 
0:0:0:0:0:0:0:1 -  -  [30/Jun/2014:19:50:42 +0000] "GET /images/_down.png HTTP/1.1" 304 0 
0:0:0:0:0:0:0:1 -  -  [30/Jun/2014:19:50:42 +0000] "GET /images/_up.png HTTP/1.1" 304 0 
0:0:0:0:0:0:0:1 -  -  [30/Jun/2014:19:50:42 +0000] "GET /images/colorwheel.png HTTP/1.1" 304 0 
0:0:0:0:0:0:0:1 -  -  [30/Jun/2014:19:50:42 +0000] "GET /images/withings-scale.png HTTP/1.1" 304 0 
0:0:0:0:0:0:0:1 -  -  [30/Jun/2014:19:50:42 +0000] "GET /images/withings-bloodpressure.png HTTP/1.1" 304 0 
0:0:0:0:0:0:0:1 -  -  [30/Jun/2014:19:50:34 +0000] "GET /openhab.app?sitemap=winti&poll=true&__async=true&__source=waHome HTTP/1.1" 200 92 
0:0:0:0:0:0:0:1 -  -  [30/Jun/2014:19:50:44 +0000] "GET /openhab.app?sitemap=winti&poll=true&__async=true&__source=waHome HTTP/1.1" 200 8199 
0:0:0:0:0:0:0:1 -  -  [30/Jun/2014:19:50:37 +0000] "GET /openhab.app?sitemap=winti&poll=true&__async=true&__source=waHome HTTP/1.1" 200 8199 
0:0:0:0:0:0:0:1 -  -  [30/Jun/2014:19:50:46 +0000] "GET /openhab.app?sitemap=winti&poll=true&__async=true&__source=waHome HTTP/1.1" 200 8214 
0:0:0:0:0:0:0:1 -  -  [30/Jun/2014:19:50:51 +0000] "GET /openhab.app?sitemap=winti&poll=true&__async=true&__source=waHome HTTP/1.1" 200 92 
0:0:0:0:0:0:0:1 -  -  [30/Jun/2014:19:51:01 +0000] "GET /openhab.app?sitemap=winti&poll=true&__async=true&__source=waHome HTTP/1.1" 200 8214 
0:0:0:0:0:0:0:1 -  -  [30/Jun/2014:19:51:07 +0000] "GET /openhab.app?sitemap=winti&poll=true&__async=true&__source=waHome HTTP/1.1" 200 92 
0:0:0:0:0:0:0:1 -  -  [30/Jun/2014:19:51:18 +0000] "GET /openhab.app?sitemap=winti&poll=true&__async=true&__source=waHome HTTP/1.1" 200 92 
0:0:0:0:0:0:0:1 -  -  [30/Jun/2014:19:51:28 +0000] "GET /openhab.app?sitemap=winti&poll=true&__async=true&__source=waHome HTTP/1.1" 200 92 
0:0:0:0:0:0:0:1 -  -  [30/Jun/2014:19:51:39 +0000] "GET /openhab.app?sitemap=winti&poll=true&__async=true&__source=waHome HTTP/1.1" 200 92 
0:0:0:0:0:0:0:1 -  -  [30/Jun/2014:19:51:49 +0000] "GET /openhab.app?sitemap=winti&poll=true&__async=true&__source=waHome HTTP/1.1" 200 8214 
0:0:0:0:0:0:0:1 -  -  [30/Jun/2014:19:51:53 +0000] "GET /openhab.app?sitemap=winti&poll=true&__async=true&__source=waHome HTTP/1.1" 200 92 
0:0:0:0:0:0:0:1 -  -  [30/Jun/2014:19:52:03 +0000] "GET /openhab.app?sitemap=winti&poll=true&__async=true&__source=waHome HTTP/1.1" 200 8214 
0:0:0:0:0:0:0:1 -  -  [30/Jun/2014:19:52:10 +0000] "GET /openhab.app?sitemap=winti&poll=true&__async=true&__source=waHome HTTP/1.1" 200 92 
0:0:0:0:0:0:0:1 -  -  [30/Jun/2014:19:52:21 +0000] "GET /openhab.app?sitemap=winti&poll=true&__async=true&__source=waHome HTTP/1.1" 200 92 
0:0:0:0:0:0:0:1 -  -  [30/Jun/2014:19:52:32 +0000] "GET /openhab.app?sitemap=winti&poll=true&__async=true&__source=waHome HTTP/1.1" 200 92 
0:0:0:0:0:0:0:1 -  -  [30/Jun/2014:19:52:42 +0000] "GET /openhab.app?sitemap=winti&poll=true&__async=true&__source=waHome HTTP/1.1" 200 8214 
0:0:0:0:0:0:0:1 -  -  [30/Jun/2014:19:52:44 +0000] "GET /openhab.app?sitemap=winti&poll=true&__async=true&__source=waHome HTTP/1.1" 200 8214 
0:0:0:0:0:0:0:1 -  -  [30/Jun/2014:19:52:53 +0000] "GET /openhab.app?sitemap=winti&poll=true&__async=true&__source=waHome HTTP/1.1" 200 8214 
0:0:0:0:0:0:0:1 -  -  [30/Jun/2014:19:52:53 +0000] "GET /openhab.app?sitemap=winti&poll=true&__async=true&__source=waHome HTTP/1.1" 200 92 
0:0:0:0:0:0:0:1 -  -  [30/Jun/2014:19:53:04 +0000] "GET /openhab.app?sitemap=winti&poll=true&__async=true&__source=waHome HTTP/1.1" 200 8214 
0:0:0:0:0:0:0:1 -  -  [30/Jun/2014:19:53:14 +0000] "GET /openhab.app?sitemap=winti&poll=true&__async=true&__source=waHome HTTP/1.1" 200 92 
0:0:0:0:0:0:0:1 -  -  [30/Jun/2014:19:53:24 +0000] "GET /openhab.app?sitemap=winti&poll=true&__async=true&__source=waHome HTTP/1.1" 200 92 
0:0:0:0:0:0:0:1 -  -  [30/Jun/2014:19:53:35 +0000] "GET /openhab.app?sitemap=winti&poll=true&__async=true&__source=waHome HTTP/1.1" 200 92 
0:0:0:0:0:0:0:1 -  -  [30/Jun/2014:19:53:45 +0000] "GET /openhab.app?sitemap=winti&poll=true&__async=true&__source=waHome HTTP/1.1" 200 8214 
0:0:0:0:0:0:0:1 -  -  [30/Jun/2014:19:53:48 +0000] "GET /openhab.app?sitemap=winti&poll=true&__async=true&__source=waHome HTTP/1.1" 200 8214 
0:0:0:0:0:0:0:1 -  -  [30/Jun/2014:19:53:56 +0000] "GET /openhab.app?sitemap=winti&poll=true&__async=true&__source=waHome HTTP/1.1" 200 8214 
0:0:0:0:0:0:0:1 -  -  [30/Jun/2014:19:53:56 +0000] "GET /openhab.app?sitemap=winti&poll=true&__async=true&__source=waHome HTTP/1.1" 200 92 
0:0:0:0:0:0:0:1 -  -  [30/Jun/2014:19:54:07 +0000] "GET /openhab.app?sitemap=winti&poll=true&__async=true&__source=waHome HTTP/1.1" 200 92 
0:0:0:0:0:0:0:1 -  -  [30/Jun/2014:19:54:17 +0000] "GET /openhab.app?sitemap=winti&poll=true&__async=true&__source=waHome HTTP/1.1" 200 92 
0:0:0:0:0:0:0:1 -  -  [30/Jun/2014:19:54:28 +0000] "GET /openhab.app?sitemap=winti&poll=true&__async=true&__source=waHome HTTP/1.1" 200 92 
0:0:0:0:0:0:0:1 -  -  [30/Jun/2014:19:54:38 +0000] "GET /openhab.app?sitemap=winti&poll=true&__async=true&__source=waHome HTTP/1.1" 200 92 
0:0:0:0:0:0:0:1 -  -  [30/Jun/2014:19:54:49 +0000] "GET /openhab.app?sitemap=winti&poll=true&__async=true&__source=waHome HTTP/1.1" 200 8214 
0:0:0:0:0:0:0:1 -  -  [30/Jun/2014:19:54:53 +0000] "GET /openhab.app?sitemap=winti&poll=true&__async=true&__source=waHome HTTP/1.1" 200 8214 
0:0:0:0:0:0:0:1 -  -  [30/Jun/2014:19:54:56 +0000] "GET /openhab.app?sitemap=winti&poll=true&__async=true&__source=waHome HTTP/1.1" 200 8214 
0:0:0:0:0:0:0:1 -  -  [30/Jun/2014:19:55:02 +0000] "GET /openhab.app?sitemap=winti HTTP/1.1" 200 14090 
0:0:0:0:0:0:0:1 -  -  [30/Jun/2014:19:55:02 +0000] "GET /WebApp/Design/Render.css HTTP/1.1" 304 0 
0:0:0:0:0:0:0:1 -  -  [30/Jun/2014:19:55:02 +0000] "GET /WebApp/Design/RenderRTL.css HTTP/1.1" 304 0 
0:0:0:0:0:0:0:1 -  -  [30/Jun/2014:19:55:02 +0000] "GET /jquery.miniColors.css HTTP/1.1" 304 0 
0:0:0:0:0:0:0:1 -  -  [30/Jun/2014:19:55:02 +0000] "GET /WebApp/Action/Logic.js HTTP/1.1" 304 0 
0:0:0:0:0:0:0:1 -  -  [30/Jun/2014:19:55:02 +0000] "GET /WebApp/Design/openHAB.css HTTP/1.1" 304 0 
0:0:0:0:0:0:0:1 -  -  [30/Jun/2014:19:55:02 +0000] "GET /jquery.miniColors.js HTTP/1.1" 304 0 
0:0:0:0:0:0:0:1 -  -  [30/Jun/2014:19:55:02 +0000] "GET /WebApp/Design/Firefox.css HTTP/1.1" 304 0 
0:0:0:0:0:0:0:1 -  -  [30/Jun/2014:19:55:02 +0000] "GET /jquery.min.js HTTP/1.1" 304 0 
0:0:0:0:0:0:0:1 -  -  [30/Jun/2014:19:55:02 +0000] "GET /images/none.png HTTP/1.1" 304 0 
0:0:0:0:0:0:0:1 -  -  [30/Jun/2014:19:55:02 +0000] "GET /images/netatmo.png HTTP/1.1" 304 0 
0:0:0:0:0:0:0:1 -  -  [30/Jun/2014:19:55:02 +0000] "GET /images/switch-on.png HTTP/1.1" 304 0 
0:0:0:0:0:0:0:1 -  -  [30/Jun/2014:19:55:02 +0000] "GET /images/slider.png HTTP/1.1" 304 0 
0:0:0:0:0:0:0:1 -  -  [30/Jun/2014:19:55:02 +0000] "GET /images/_down.png HTTP/1.1" 304 0 
0:0:0:0:0:0:0:1 -  -  [30/Jun/2014:19:55:02 +0000] "GET /images/switch.png HTTP/1.1" 304 0 
0:0:0:0:0:0:0:1 -  -  [30/Jun/2014:19:55:02 +0000] "GET /images/_up.png HTTP/1.1" 304 0 
0:0:0:0:0:0:0:1 -  -  [30/Jun/2014:19:55:02 +0000] "GET /images/colorwheel.png HTTP/1.1" 304 0 
0:0:0:0:0:0:0:1 -  -  [30/Jun/2014:19:55:02 +0000] "GET /images/withings-scale.png HTTP/1.1" 304 0 
0:0:0:0:0:0:0:1 -  -  [30/Jun/2014:19:55:02 +0000] "GET /images/withings-bloodpressure.png HTTP/1.1" 304 0 
0:0:0:0:0:0:0:1 -  -  [30/Jun/2014:19:54:59 +0000] "GET /openhab.app?sitemap=winti&poll=true&__async=true&__source=waHome HTTP/1.1" 200 92 
0:0:0:0:0:0:0:1 -  -  [30/Jun/2014:19:55:12 +0000] "GET /openhab.app?sitemap=winti HTTP/1.1" 200 14090 
0:0:0:0:0:0:0:1 -  -  [30/Jun/2014:19:55:12 +0000] "GET /WebApp/Design/RenderRTL.css HTTP/1.1" 304 0 
0:0:0:0:0:0:0:1 -  -  [30/Jun/2014:19:55:12 +0000] "GET /WebApp/Design/Render.css HTTP/1.1" 304 0 
0:0:0:0:0:0:0:1 -  -  [30/Jun/2014:19:55:12 +0000] "GET /WebApp/Design/Firefox.css HTTP/1.1" 304 0 
0:0:0:0:0:0:0:1 -  -  [30/Jun/2014:19:55:12 +0000] "GET /WebApp/Design/openHAB.css HTTP/1.1" 304 0 
0:0:0:0:0:0:0:1 -  -  [30/Jun/2014:19:55:12 +0000] "GET /jquery.miniColors.css HTTP/1.1" 304 0 
0:0:0:0:0:0:0:1 -  -  [30/Jun/2014:19:55:12 +0000] "GET /WebApp/Action/Logic.js HTTP/1.1" 304 0 
0:0:0:0:0:0:0:1 -  -  [30/Jun/2014:19:55:12 +0000] "GET /jquery.min.js HTTP/1.1" 304 0 
0:0:0:0:0:0:0:1 -  -  [30/Jun/2014:19:55:12 +0000] "GET /jquery.miniColors.js HTTP/1.1" 304 0 
0:0:0:0:0:0:0:1 -  -  [30/Jun/2014:19:55:12 +0000] "GET /images/switch.png HTTP/1.1" 304 0 
0:0:0:0:0:0:0:1 -  -  [30/Jun/2014:19:55:12 +0000] "GET /images/switch-on.png HTTP/1.1" 304 0 
0:0:0:0:0:0:0:1 -  -  [30/Jun/2014:19:55:12 +0000] "GET /images/none.png HTTP/1.1" 304 0 
0:0:0:0:0:0:0:1 -  -  [30/Jun/2014:19:55:12 +0000] "GET /images/netatmo.png HTTP/1.1" 304 0 
0:0:0:0:0:0:0:1 -  -  [30/Jun/2014:19:55:12 +0000] "GET /images/slider.png HTTP/1.1" 304 0 
0:0:0:0:0:0:0:1 -  -  [30/Jun/2014:19:55:12 +0000] "GET /images/_down.png HTTP/1.1" 304 0 
0:0:0:0:0:0:0:1 -  -  [30/Jun/2014:19:55:12 +0000] "GET /images/_up.png HTTP/1.1" 304 0 
0:0:0:0:0:0:0:1 -  -  [30/Jun/2014:19:55:12 +0000] "GET /images/colorwheel.png HTTP/1.1" 304 0 
0:0:0:0:0:0:0:1 -  -  [30/Jun/2014:19:55:12 +0000] "GET /images/withings-scale.png HTTP/1.1" 304 0 
0:0:0:0:0:0:0:1 -  -  [30/Jun/2014:19:55:12 +0000] "GET /images/withings-bloodpressure.png HTTP/1.1" 304 0 
0:0:0:0:0:0:0:1 -  -  [30/Jun/2014:19:55:03 +0000] "GET /openhab.app?sitemap=winti&poll=true&__async=true&__source=waHome HTTP/1.1" 200 92 
0:0:0:0:0:0:0:1 -  -  [30/Jun/2014:19:55:17 +0000] "GET /openhab.app?sitemap=winti HTTP/1.1" 200 14090 
0:0:0:0:0:0:0:1 -  -  [30/Jun/2014:19:55:17 +0000] "GET /WebApp/Design/Render.css HTTP/1.1" 304 0 
0:0:0:0:0:0:0:1 -  -  [30/Jun/2014:19:55:17 +0000] "GET /WebApp/Design/RenderRTL.css HTTP/1.1" 304 0 
0:0:0:0:0:0:0:1 -  -  [30/Jun/2014:19:55:17 +0000] "GET /WebApp/Design/Firefox.css HTTP/1.1" 304 0 
0:0:0:0:0:0:0:1 -  -  [30/Jun/2014:19:55:17 +0000] "GET /WebApp/Design/openHAB.css HTTP/1.1" 304 0 
0:0:0:0:0:0:0:1 -  -  [30/Jun/2014:19:55:17 +0000] "GET /jquery.miniColors.css HTTP/1.1" 304 0 
0:0:0:0:0:0:0:1 -  -  [30/Jun/2014:19:55:17 +0000] "GET /WebApp/Action/Logic.js HTTP/1.1" 304 0 
0:0:0:0:0:0:0:1 -  -  [30/Jun/2014:19:55:17 +0000] "GET /jquery.miniColors.js HTTP/1.1" 304 0 
0:0:0:0:0:0:0:1 -  -  [30/Jun/2014:19:55:17 +0000] "GET /jquery.min.js HTTP/1.1" 304 0 
0:0:0:0:0:0:0:1 -  -  [30/Jun/2014:19:55:17 +0000] "GET /images/switch-on.png HTTP/1.1" 304 0 
0:0:0:0:0:0:0:1 -  -  [30/Jun/2014:19:55:17 +0000] "GET /images/netatmo.png HTTP/1.1" 304 0 
0:0:0:0:0:0:0:1 -  -  [30/Jun/2014:19:55:17 +0000] "GET /images/none.png HTTP/1.1" 304 0 
0:0:0:0:0:0:0:1 -  -  [30/Jun/2014:19:55:17 +0000] "GET /images/switch.png HTTP/1.1" 304 0 
0:0:0:0:0:0:0:1 -  -  [30/Jun/2014:19:55:17 +0000] "GET /images/_down.png HTTP/1.1" 304 0 
0:0:0:0:0:0:0:1 -  -  [30/Jun/2014:19:55:17 +0000] "GET /images/slider.png HTTP/1.1" 304 0 
0:0:0:0:0:0:0:1 -  -  [30/Jun/2014:19:55:17 +0000] "GET /images/_up.png HTTP/1.1" 304 0 
0:0:0:0:0:0:0:1 -  -  [30/Jun/2014:19:55:17 +0000] "GET /images/colorwheel.png HTTP/1.1" 304 0 
0:0:0:0:0:0:0:1 -  -  [30/Jun/2014:19:55:17 +0000] "GET /images/withings-scale.png HTTP/1.1" 304 0 
0:0:0:0:0:0:0:1 -  -  [30/Jun/2014:19:55:17 +0000] "GET /images/withings-bloodpressure.png HTTP/1.1" 304 0 
0:0:0:0:0:0:0:1 -  -  [30/Jun/2014:19:55:14 +0000] "GET /openhab.app?sitemap=winti&poll=true&__async=true&__source=waHome HTTP/1.1" 200 8214 
0:0:0:0:0:0:0:1 -  -  [30/Jun/2014:19:55:19 +0000] "GET /openhab.app?sitemap=winti&poll=true&__async=true&__source=waHome HTTP/1.1" 200 8214 
0:0:0:0:0:0:0:1 -  -  [30/Jun/2014:19:55:22 +0000] "GET /openhab.app?sitemap=winti HTTP/1.1" 200 14090 
0:0:0:0:0:0:0:1 -  -  [30/Jun/2014:19:55:22 +0000] "GET /WebApp/Design/RenderRTL.css HTTP/1.1" 304 0 
0:0:0:0:0:0:0:1 -  -  [30/Jun/2014:19:55:22 +0000] "GET /WebApp/Design/Render.css HTTP/1.1" 304 0 
0:0:0:0:0:0:0:1 -  -  [30/Jun/2014:19:55:22 +0000] "GET /WebApp/Design/openHAB.css HTTP/1.1" 304 0 
0:0:0:0:0:0:0:1 -  -  [30/Jun/2014:19:55:22 +0000] "GET /jquery.miniColors.css HTTP/1.1" 304 0 
0:0:0:0:0:0:0:1 -  -  [30/Jun/2014:19:55:22 +0000] "GET /WebApp/Design/Firefox.css HTTP/1.1" 304 0 
0:0:0:0:0:0:0:1 -  -  [30/Jun/2014:19:55:22 +0000] "GET /WebApp/Action/Logic.js HTTP/1.1" 304 0 
0:0:0:0:0:0:0:1 -  -  [30/Jun/2014:19:55:22 +0000] "GET /jquery.min.js HTTP/1.1" 304 0 
0:0:0:0:0:0:0:1 -  -  [30/Jun/2014:19:55:22 +0000] "GET /jquery.miniColors.js HTTP/1.1" 304 0 
0:0:0:0:0:0:0:1 -  -  [30/Jun/2014:19:55:22 +0000] "GET /images/none.png HTTP/1.1" 304 0 
0:0:0:0:0:0:0:1 -  -  [30/Jun/2014:19:55:22 +0000] "GET /images/switch-on.png HTTP/1.1" 304 0 
0:0:0:0:0:0:0:1 -  -  [30/Jun/2014:19:55:22 +0000] "GET /images/netatmo.png HTTP/1.1" 304 0 
0:0:0:0:0:0:0:1 -  -  [30/Jun/2014:19:55:22 +0000] "GET /images/switch.png HTTP/1.1" 304 0 
0:0:0:0:0:0:0:1 -  -  [30/Jun/2014:19:55:22 +0000] "GET /images/slider.png HTTP/1.1" 304 0 
0:0:0:0:0:0:0:1 -  -  [30/Jun/2014:19:55:22 +0000] "GET /images/_down.png HTTP/1.1" 304 0 
0:0:0:0:0:0:0:1 -  -  [30/Jun/2014:19:55:22 +0000] "GET /images/_up.png HTTP/1.1" 304 0 
0:0:0:0:0:0:0:1 -  -  [30/Jun/2014:19:55:22 +0000] "GET /images/colorwheel.png HTTP/1.1" 304 0 
0:0:0:0:0:0:0:1 -  -  [30/Jun/2014:19:55:22 +0000] "GET /images/withings-scale.png HTTP/1.1" 304 0 
0:0:0:0:0:0:0:1 -  -  [30/Jun/2014:19:55:22 +0000] "GET /images/withings-bloodpressure.png HTTP/1.1" 304 0 
0:0:0:0:0:0:0:1 -  -  [30/Jun/2014:19:55:23 +0000] "GET /openhab.app?sitemap=winti HTTP/1.1" 200 14090 
0:0:0:0:0:0:0:1 -  -  [30/Jun/2014:19:55:23 +0000] "GET /WebApp/Design/Render.css HTTP/1.1" 304 0 
0:0:0:0:0:0:0:1 -  -  [30/Jun/2014:19:55:23 +0000] "GET /WebApp/Design/RenderRTL.css HTTP/1.1" 304 0 
0:0:0:0:0:0:0:1 -  -  [30/Jun/2014:19:55:23 +0000] "GET /WebApp/Design/Firefox.css HTTP/1.1" 304 0 
0:0:0:0:0:0:0:1 -  -  [30/Jun/2014:19:55:23 +0000] "GET /jquery.miniColors.css HTTP/1.1" 304 0 
0:0:0:0:0:0:0:1 -  -  [30/Jun/2014:19:55:23 +0000] "GET /WebApp/Design/openHAB.css HTTP/1.1" 304 0 
0:0:0:0:0:0:0:1 -  -  [30/Jun/2014:19:55:23 +0000] "GET /WebApp/Action/Logic.js HTTP/1.1" 304 0 
0:0:0:0:0:0:0:1 -  -  [30/Jun/2014:19:55:23 +0000] "GET /jquery.min.js HTTP/1.1" 304 0 
0:0:0:0:0:0:0:1 -  -  [30/Jun/2014:19:55:23 +0000] "GET /jquery.miniColors.js HTTP/1.1" 304 0 
0:0:0:0:0:0:0:1 -  -  [30/Jun/2014:19:55:23 +0000] "GET /images/switch-on.png HTTP/1.1" 304 0 
0:0:0:0:0:0:0:1 -  -  [30/Jun/2014:19:55:23 +0000] "GET /images/none.png HTTP/1.1" 304 0 
0:0:0:0:0:0:0:1 -  -  [30/Jun/2014:19:55:23 +0000] "GET /images/netatmo.png HTTP/1.1" 304 0 
0:0:0:0:0:0:0:1 -  -  [30/Jun/2014:19:55:23 +0000] "GET /images/switch.png HTTP/1.1" 304 0 
0:0:0:0:0:0:0:1 -  -  [30/Jun/2014:19:55:23 +0000] "GET /images/slider.png HTTP/1.1" 304 0 
0:0:0:0:0:0:0:1 -  -  [30/Jun/2014:19:55:23 +0000] "GET /images/_down.png HTTP/1.1" 304 0 
0:0:0:0:0:0:0:1 -  -  [30/Jun/2014:19:55:23 +0000] "GET /images/_up.png HTTP/1.1" 304 0 
0:0:0:0:0:0:0:1 -  -  [30/Jun/2014:19:55:23 +0000] "GET /images/colorwheel.png HTTP/1.1" 304 0 
0:0:0:0:0:0:0:1 -  -  [30/Jun/2014:19:55:23 +0000] "GET /images/withings-scale.png HTTP/1.1" 304 0 
0:0:0:0:0:0:0:1 -  -  [30/Jun/2014:19:55:23 +0000] "GET /images/withings-bloodpressure.png HTTP/1.1" 304 0 
0:0:0:0:0:0:0:1 -  -  [30/Jun/2014:19:55:21 +0000] "GET /openhab.app?sitemap=winti&poll=true&__async=true&__source=waHome HTTP/1.1" 200 92 
0:0:0:0:0:0:0:1 -  -  [30/Jun/2014:19:55:35 +0000] "GET /openhab.app?sitemap=winti HTTP/1.1" 200 14090 
0:0:0:0:0:0:0:1 -  -  [30/Jun/2014:19:55:35 +0000] "GET /WebApp/Design/RenderRTL.css HTTP/1.1" 304 0 
0:0:0:0:0:0:0:1 -  -  [30/Jun/2014:19:55:35 +0000] "GET /WebApp/Design/Render.css HTTP/1.1" 304 0 
0:0:0:0:0:0:0:1 -  -  [30/Jun/2014:19:55:35 +0000] "GET /WebApp/Design/Firefox.css HTTP/1.1" 304 0 
0:0:0:0:0:0:0:1 -  -  [30/Jun/2014:19:55:35 +0000] "GET /WebApp/Design/openHAB.css HTTP/1.1" 304 0 
0:0:0:0:0:0:0:1 -  -  [30/Jun/2014:19:55:35 +0000] "GET /jquery.miniColors.css HTTP/1.1" 304 0 
0:0:0:0:0:0:0:1 -  -  [30/Jun/2014:19:55:35 +0000] "GET /WebApp/Action/Logic.js HTTP/1.1" 304 0 
0:0:0:0:0:0:0:1 -  -  [30/Jun/2014:19:55:35 +0000] "GET /jquery.min.js HTTP/1.1" 304 0 
0:0:0:0:0:0:0:1 -  -  [30/Jun/2014:19:55:35 +0000] "GET /jquery.miniColors.js HTTP/1.1" 304 0 
0:0:0:0:0:0:0:1 -  -  [30/Jun/2014:19:55:35 +0000] "GET /images/switch-on.png HTTP/1.1" 304 0 
0:0:0:0:0:0:0:1 -  -  [30/Jun/2014:19:55:35 +0000] "GET /images/netatmo.png HTTP/1.1" 304 0 
0:0:0:0:0:0:0:1 -  -  [30/Jun/2014:19:55:35 +0000] "GET /images/none.png HTTP/1.1" 304 0 
0:0:0:0:0:0:0:1 -  -  [30/Jun/2014:19:55:35 +0000] "GET /images/switch.png HTTP/1.1" 304 0 
0:0:0:0:0:0:0:1 -  -  [30/Jun/2014:19:55:35 +0000] "GET /images/slider.png HTTP/1.1" 304 0 
0:0:0:0:0:0:0:1 -  -  [30/Jun/2014:19:55:35 +0000] "GET /images/_down.png HTTP/1.1" 304 0 
0:0:0:0:0:0:0:1 -  -  [30/Jun/2014:19:55:35 +0000] "GET /images/_up.png HTTP/1.1" 304 0 
0:0:0:0:0:0:0:1 -  -  [30/Jun/2014:19:55:35 +0000] "GET /images/colorwheel.png HTTP/1.1" 304 0 
0:0:0:0:0:0:0:1 -  -  [30/Jun/2014:19:55:35 +0000] "GET /images/withings-scale.png HTTP/1.1" 304 0 
0:0:0:0:0:0:0:1 -  -  [30/Jun/2014:19:55:35 +0000] "GET /images/withings-bloodpressure.png HTTP/1.1" 304 0 
0:0:0:0:0:0:0:1 -  -  [30/Jun/2014:19:55:25 +0000] "GET /openhab.app?sitemap=winti&poll=true&__async=true&__source=waHome HTTP/1.1" 200 92 
0:0:0:0:0:0:0:1 -  -  [30/Jun/2014:19:55:40 +0000] "GET /openhab.app?sitemap=winti HTTP/1.1" 200 14090 
0:0:0:0:0:0:0:1 -  -  [30/Jun/2014:19:55:40 +0000] "GET /WebApp/Design/Render.css HTTP/1.1" 304 0 
0:0:0:0:0:0:0:1 -  -  [30/Jun/2014:19:55:40 +0000] "GET /WebApp/Design/RenderRTL.css HTTP/1.1" 304 0 
0:0:0:0:0:0:0:1 -  -  [30/Jun/2014:19:55:40 +0000] "GET /WebApp/Design/Firefox.css HTTP/1.1" 304 0 
0:0:0:0:0:0:0:1 -  -  [30/Jun/2014:19:55:40 +0000] "GET /WebApp/Design/openHAB.css HTTP/1.1" 304 0 
0:0:0:0:0:0:0:1 -  -  [30/Jun/2014:19:55:40 +0000] "GET /jquery.miniColors.css HTTP/1.1" 304 0 
0:0:0:0:0:0:0:1 -  -  [30/Jun/2014:19:55:40 +0000] "GET /WebApp/Action/Logic.js HTTP/1.1" 304 0 
0:0:0:0:0:0:0:1 -  -  [30/Jun/2014:19:55:40 +0000] "GET /jquery.min.js HTTP/1.1" 304 0 
0:0:0:0:0:0:0:1 -  -  [30/Jun/2014:19:55:40 +0000] "GET /jquery.miniColors.js HTTP/1.1" 304 0 
0:0:0:0:0:0:0:1 -  -  [30/Jun/2014:19:55:40 +0000] "GET /images/switch-on.png HTTP/1.1" 304 0 
0:0:0:0:0:0:0:1 -  -  [30/Jun/2014:19:55:40 +0000] "GET /images/none.png HTTP/1.1" 304 0 
0:0:0:0:0:0:0:1 -  -  [30/Jun/2014:19:55:40 +0000] "GET /images/netatmo.png HTTP/1.1" 304 0 
0:0:0:0:0:0:0:1 -  -  [30/Jun/2014:19:55:40 +0000] "GET /images/switch.png HTTP/1.1" 304 0 
0:0:0:0:0:0:0:1 -  -  [30/Jun/2014:19:55:40 +0000] "GET /images/slider.png HTTP/1.1" 304 0 
0:0:0:0:0:0:0:1 -  -  [30/Jun/2014:19:55:40 +0000] "GET /images/_down.png HTTP/1.1" 304 0 
0:0:0:0:0:0:0:1 -  -  [30/Jun/2014:19:55:40 +0000] "GET /images/_up.png HTTP/1.1" 304 0 
0:0:0:0:0:0:0:1 -  -  [30/Jun/2014:19:55:40 +0000] "GET /images/colorwheel.png HTTP/1.1" 304 0 
0:0:0:0:0:0:0:1 -  -  [30/Jun/2014:19:55:40 +0000] "GET /images/withings-scale.png HTTP/1.1" 304 0 
0:0:0:0:0:0:0:1 -  -  [30/Jun/2014:19:55:40 +0000] "GET /images/withings-bloodpressure.png HTTP/1.1" 304 0 
0:0:0:0:0:0:0:1 -  -  [30/Jun/2014:19:55:36 +0000] "GET /openhab.app?sitemap=winti&poll=true&__async=true&__source=waHome HTTP/1.1" 200 8214 
0:0:0:0:0:0:0:1 -  -  [30/Jun/2014:19:55:41 +0000] "GET /openhab.app?sitemap=winti&poll=true&__async=true&__source=waHome HTTP/1.1" 200 8214 
0:0:0:0:0:0:0:1 -  -  [30/Jun/2014:19:55:42 +0000] "GET /openhab.app?sitemap=winti&poll=true&__async=true&__source=waHome HTTP/1.1" 200 92 
0:0:0:0:0:0:0:1 -  -  [30/Jun/2014:19:55:52 +0000] "GET /openhab.app?sitemap=winti&poll=true&__async=true&__source=waHome HTTP/1.1" 200 8214 
0:0:0:0:0:0:0:1 -  -  [30/Jun/2014:19:55:56 +0000] "GET /openhab.app?sitemap=winti&poll=true&__async=true&__source=waHome HTTP/1.1" 200 8214 
0:0:0:0:0:0:0:1 -  -  [30/Jun/2014:19:56:02 +0000] "GET /openhab.app?sitemap=winti HTTP/1.1" 200 14090 
0:0:0:0:0:0:0:1 -  -  [30/Jun/2014:19:56:02 +0000] "GET /WebApp/Design/RenderRTL.css HTTP/1.1" 304 0 
0:0:0:0:0:0:0:1 -  -  [30/Jun/2014:19:56:02 +0000] "GET /WebApp/Design/Render.css HTTP/1.1" 304 0 
0:0:0:0:0:0:0:1 -  -  [30/Jun/2014:19:56:02 +0000] "GET /WebApp/Design/Firefox.css HTTP/1.1" 304 0 
0:0:0:0:0:0:0:1 -  -  [30/Jun/2014:19:56:02 +0000] "GET /WebApp/Design/openHAB.css HTTP/1.1" 304 0 
0:0:0:0:0:0:0:1 -  -  [30/Jun/2014:19:56:02 +0000] "GET /jquery.miniColors.css HTTP/1.1" 304 0 
0:0:0:0:0:0:0:1 -  -  [30/Jun/2014:19:56:02 +0000] "GET /WebApp/Action/Logic.js HTTP/1.1" 304 0 
0:0:0:0:0:0:0:1 -  -  [30/Jun/2014:19:56:02 +0000] "GET /jquery.min.js HTTP/1.1" 304 0 
0:0:0:0:0:0:0:1 -  -  [30/Jun/2014:19:56:02 +0000] "GET /jquery.miniColors.js HTTP/1.1" 304 0 
0:0:0:0:0:0:0:1 -  -  [30/Jun/2014:19:56:02 +0000] "GET /images/switch-on.png HTTP/1.1" 304 0 
0:0:0:0:0:0:0:1 -  -  [30/Jun/2014:19:56:02 +0000] "GET /images/none.png HTTP/1.1" 304 0 
0:0:0:0:0:0:0:1 -  -  [30/Jun/2014:19:56:02 +0000] "GET /images/switch.png HTTP/1.1" 304 0 
0:0:0:0:0:0:0:1 -  -  [30/Jun/2014:19:56:02 +0000] "GET /images/slider.png HTTP/1.1" 304 0 
0:0:0:0:0:0:0:1 -  -  [30/Jun/2014:19:56:02 +0000] "GET /images/netatmo.png HTTP/1.1" 304 0 
0:0:0:0:0:0:0:1 -  -  [30/Jun/2014:19:56:02 +0000] "GET /images/_down.png HTTP/1.1" 304 0 
0:0:0:0:0:0:0:1 -  -  [30/Jun/2014:19:56:02 +0000] "GET /images/_up.png HTTP/1.1" 304 0 
0:0:0:0:0:0:0:1 -  -  [30/Jun/2014:19:56:02 +0000] "GET /images/colorwheel.png HTTP/1.1" 304 0 
0:0:0:0:0:0:0:1 -  -  [30/Jun/2014:19:56:02 +0000] "GET /images/withings-scale.png HTTP/1.1" 304 0 
0:0:0:0:0:0:0:1 -  -  [30/Jun/2014:19:56:02 +0000] "GET /images/withings-bloodpressure.png HTTP/1.1" 304 0 
0:0:0:0:0:0:0:1 -  -  [30/Jun/2014:19:55:58 +0000] "GET /openhab.app?sitemap=winti&poll=true&__async=true&__source=waHome HTTP/1.1" 200 8214 
0:0:0:0:0:0:0:1 -  -  [30/Jun/2014:19:56:03 +0000] "GET /openhab.app?sitemap=winti HTTP/1.1" 200 14090 
0:0:0:0:0:0:0:1 -  -  [30/Jun/2014:19:56:03 +0000] "GET /WebApp/Design/Render.css HTTP/1.1" 304 0 
0:0:0:0:0:0:0:1 -  -  [30/Jun/2014:19:56:03 +0000] "GET /WebApp/Design/RenderRTL.css HTTP/1.1" 304 0 
0:0:0:0:0:0:0:1 -  -  [30/Jun/2014:19:56:03 +0000] "GET /WebApp/Design/Firefox.css HTTP/1.1" 304 0 
0:0:0:0:0:0:0:1 -  -  [30/Jun/2014:19:56:03 +0000] "GET /jquery.miniColors.css HTTP/1.1" 304 0 
0:0:0:0:0:0:0:1 -  -  [30/Jun/2014:19:56:03 +0000] "GET /WebApp/Design/openHAB.css HTTP/1.1" 304 0 
0:0:0:0:0:0:0:1 -  -  [30/Jun/2014:19:56:03 +0000] "GET /WebApp/Action/Logic.js HTTP/1.1" 304 0 
0:0:0:0:0:0:0:1 -  -  [30/Jun/2014:19:56:03 +0000] "GET /jquery.min.js HTTP/1.1" 304 0 
0:0:0:0:0:0:0:1 -  -  [30/Jun/2014:19:56:03 +0000] "GET /jquery.miniColors.js HTTP/1.1" 304 0 
0:0:0:0:0:0:0:1 -  -  [30/Jun/2014:19:56:03 +0000] "GET /images/none.png HTTP/1.1" 304 0 
0:0:0:0:0:0:0:1 -  -  [30/Jun/2014:19:56:03 +0000] "GET /images/netatmo.png HTTP/1.1" 304 0 
0:0:0:0:0:0:0:1 -  -  [30/Jun/2014:19:56:03 +0000] "GET /images/switch-on.png HTTP/1.1" 304 0 
0:0:0:0:0:0:0:1 -  -  [30/Jun/2014:19:56:03 +0000] "GET /images/switch.png HTTP/1.1" 304 0 
0:0:0:0:0:0:0:1 -  -  [30/Jun/2014:19:56:03 +0000] "GET /images/slider.png HTTP/1.1" 304 0 
0:0:0:0:0:0:0:1 -  -  [30/Jun/2014:19:56:03 +0000] "GET /images/_down.png HTTP/1.1" 304 0 
0:0:0:0:0:0:0:1 -  -  [30/Jun/2014:19:56:03 +0000] "GET /images/colorwheel.png HTTP/1.1" 304 0 
0:0:0:0:0:0:0:1 -  -  [30/Jun/2014:19:56:03 +0000] "GET /images/_up.png HTTP/1.1" 304 0 
0:0:0:0:0:0:0:1 -  -  [30/Jun/2014:19:56:03 +0000] "GET /images/withings-scale.png HTTP/1.1" 304 0 
0:0:0:0:0:0:0:1 -  -  [30/Jun/2014:19:56:03 +0000] "GET /images/withings-bloodpressure.png HTTP/1.1" 304 0 
0:0:0:0:0:0:0:1 -  -  [30/Jun/2014:19:56:05 +0000] "GET /openhab.app?sitemap=winti&poll=true&__async=true&__source=waHome HTTP/1.1" 200 92 
0:0:0:0:0:0:0:1 -  -  [30/Jun/2014:19:56:15 +0000] "GET /openhab.app?sitemap=winti&poll=true&__async=true&__source=waHome HTTP/1.1" 200 8214 
0:0:0:0:0:0:0:1 -  -  [30/Jun/2014:19:56:24 +0000] "GET /openhab.app?sitemap=winti&poll=true&__async=true&__source=waHome HTTP/1.1" 200 92 
0:0:0:0:0:0:0:1 -  -  [30/Jun/2014:19:56:34 +0000] "GET /openhab.app?sitemap=winti&poll=true&__async=true&__source=waHome HTTP/1.1" 200 92 
0:0:0:0:0:0:0:1 -  -  [30/Jun/2014:19:56:45 +0000] "GET /openhab.app?sitemap=winti&poll=true&__async=true&__source=waHome HTTP/1.1" 200 92 
0:0:0:0:0:0:0:1 -  -  [30/Jun/2014:19:56:55 +0000] "GET /openhab.app?sitemap=winti&poll=true&__async=true&__source=waHome HTTP/1.1" 200 8214 
0:0:0:0:0:0:0:1 -  -  [30/Jun/2014:19:56:58 +0000] "GET /openhab.app?sitemap=winti&poll=true&__async=true&__source=waHome HTTP/1.1" 200 8214 
0:0:0:0:0:0:0:1 -  -  [30/Jun/2014:19:57:03 +0000] "GET /openhab.app?sitemap=winti&poll=true&__async=true&__source=waHome HTTP/1.1" 200 8214 
