0:0:0:0:0:0:0:1 -  -  [25/Jun/2014:19:49:00 +0000] "GET /openhab.app?sitemap=winti HTTP/1.1" 200 13133 
0:0:0:0:0:0:0:1 -  -  [25/Jun/2014:19:49:00 +0000] "GET /WebApp/Design/RenderRTL.css HTTP/1.1" 304 0 
0:0:0:0:0:0:0:1 -  -  [25/Jun/2014:19:49:00 +0000] "GET /WebApp/Design/Render.css HTTP/1.1" 304 0 
0:0:0:0:0:0:0:1 -  -  [25/Jun/2014:19:49:00 +0000] "GET /jquery.miniColors.css HTTP/1.1" 304 0 
0:0:0:0:0:0:0:1 -  -  [25/Jun/2014:19:49:00 +0000] "GET /WebApp/Design/Firefox.css HTTP/1.1" 304 0 
0:0:0:0:0:0:0:1 -  -  [25/Jun/2014:19:49:00 +0000] "GET /WebApp/Action/Logic.js HTTP/1.1" 304 0 
0:0:0:0:0:0:0:1 -  -  [25/Jun/2014:19:49:00 +0000] "GET /WebApp/Design/openHAB.css HTTP/1.1" 304 0 
0:0:0:0:0:0:0:1 -  -  [25/Jun/2014:19:49:00 +0000] "GET /jquery.min.js HTTP/1.1" 304 0 
0:0:0:0:0:0:0:1 -  -  [25/Jun/2014:19:49:00 +0000] "GET /jquery.miniColors.js HTTP/1.1" 304 0 
0:0:0:0:0:0:0:1 -  -  [25/Jun/2014:19:49:00 +0000] "GET /WebApp/Design/Img/bg.png HTTP/1.1" 304 0 
0:0:0:0:0:0:0:1 -  -  [25/Jun/2014:19:49:00 +0000] "GET /WebApp/Design/Img/loader-white-100x12x1.png HTTP/1.1" 304 0 
0:0:0:0:0:0:0:1 -  -  [25/Jun/2014:19:49:00 +0000] "GET /WebApp/Design/Img/select.png HTTP/1.1" 304 0 
0:0:0:0:0:0:0:1 -  -  [25/Jun/2014:19:49:00 +0000] "GET /WebApp/Design/Img/loader-white-100x12x2.png HTTP/1.1" 304 0 
0:0:0:0:0:0:0:1 -  -  [25/Jun/2014:19:49:00 +0000] "GET /WebApp/Design/Img/loader-white-100x12x3.png HTTP/1.1" 304 0 
0:0:0:0:0:0:0:1 -  -  [25/Jun/2014:19:49:00 +0000] "GET /WebApp/Design/Img/loader-white-100x12x4.png HTTP/1.1" 304 0 
0:0:0:0:0:0:0:1 -  -  [25/Jun/2014:19:49:00 +0000] "GET /WebApp/Design/Img/loader-white-100x12x5.png HTTP/1.1" 304 0 
0:0:0:0:0:0:0:1 -  -  [25/Jun/2014:19:49:00 +0000] "GET /WebApp/Design/Img/loader-white-100x12x7.png HTTP/1.1" 304 0 
0:0:0:0:0:0:0:1 -  -  [25/Jun/2014:19:49:00 +0000] "GET /WebApp/Design/Img/loader-white-100x12x6.png HTTP/1.1" 304 0 
0:0:0:0:0:0:0:1 -  -  [25/Jun/2014:19:49:00 +0000] "GET /WebApp/Design/Img/loader-white-100x12x8.png HTTP/1.1" 304 0 
0:0:0:0:0:0:0:1 -  -  [25/Jun/2014:19:49:00 +0000] "GET /WebApp/Design/Img/loader-white-100x12x9.png HTTP/1.1" 304 0 
0:0:0:0:0:0:0:1 -  -  [25/Jun/2014:19:49:00 +0000] "GET /WebApp/Design/Img/loader-white-100x12x10.png HTTP/1.1" 304 0 
0:0:0:0:0:0:0:1 -  -  [25/Jun/2014:19:49:00 +0000] "GET /WebApp/Design/Img/loader-gray-100x12x2.png HTTP/1.1" 304 0 
0:0:0:0:0:0:0:1 -  -  [25/Jun/2014:19:49:00 +0000] "GET /WebApp/Design/Img/loader-white-100x12x12.png HTTP/1.1" 304 0 
0:0:0:0:0:0:0:1 -  -  [25/Jun/2014:19:49:00 +0000] "GET /WebApp/Design/Img/loader-gray-100x12x1.png HTTP/1.1" 304 0 
0:0:0:0:0:0:0:1 -  -  [25/Jun/2014:19:49:00 +0000] "GET /WebApp/Design/Img/loader-white-100x12x11.png HTTP/1.1" 304 0 
0:0:0:0:0:0:0:1 -  -  [25/Jun/2014:19:49:00 +0000] "GET /WebApp/Design/Img/loader-gray-100x12x3.png HTTP/1.1" 304 0 
0:0:0:0:0:0:0:1 -  -  [25/Jun/2014:19:49:00 +0000] "GET /WebApp/Design/Img/loader-gray-100x12x4.png HTTP/1.1" 304 0 
0:0:0:0:0:0:0:1 -  -  [25/Jun/2014:19:49:00 +0000] "GET /WebApp/Design/Img/loader-gray-100x12x6.png HTTP/1.1" 304 0 
0:0:0:0:0:0:0:1 -  -  [25/Jun/2014:19:49:00 +0000] "GET /WebApp/Design/Img/loader-gray-100x12x5.png HTTP/1.1" 304 0 
0:0:0:0:0:0:0:1 -  -  [25/Jun/2014:19:49:00 +0000] "GET /WebApp/Design/Img/loader-gray-100x12x7.png HTTP/1.1" 304 0 
0:0:0:0:0:0:0:1 -  -  [25/Jun/2014:19:49:00 +0000] "GET /WebApp/Design/Img/loader-gray-100x12x8.png HTTP/1.1" 304 0 
0:0:0:0:0:0:0:1 -  -  [25/Jun/2014:19:49:00 +0000] "GET /WebApp/Design/Img/loader-gray-100x12x9.png HTTP/1.1" 304 0 
0:0:0:0:0:0:0:1 -  -  [25/Jun/2014:19:49:00 +0000] "GET /WebApp/Design/Img/loader-gray-100x12x10.png HTTP/1.1" 304 0 
0:0:0:0:0:0:0:1 -  -  [25/Jun/2014:19:49:00 +0000] "GET /WebApp/Design/Img/loader-gray-100x12x11.png HTTP/1.1" 304 0 
0:0:0:0:0:0:0:1 -  -  [25/Jun/2014:19:49:00 +0000] "GET /WebApp/Design/Img/loader-gray-100x12x12.png HTTP/1.1" 304 0 
0:0:0:0:0:0:0:1 -  -  [25/Jun/2014:19:49:00 +0000] "GET /WebApp/Design/Img/loader-big-white-100x12x1.png HTTP/1.1" 304 0 
0:0:0:0:0:0:0:1 -  -  [25/Jun/2014:19:49:00 +0000] "GET /WebApp/Design/Img/loader-big-white-100x12x2.png HTTP/1.1" 304 0 
0:0:0:0:0:0:0:1 -  -  [25/Jun/2014:19:49:00 +0000] "GET /WebApp/Design/Img/loader-big-white-100x12x3.png HTTP/1.1" 304 0 
0:0:0:0:0:0:0:1 -  -  [25/Jun/2014:19:49:00 +0000] "GET /WebApp/Design/Img/loader-big-white-100x12x4.png HTTP/1.1" 304 0 
0:0:0:0:0:0:0:1 -  -  [25/Jun/2014:19:49:00 +0000] "GET /WebApp/Design/Img/loader-big-white-100x12x5.png HTTP/1.1" 304 0 
0:0:0:0:0:0:0:1 -  -  [25/Jun/2014:19:49:00 +0000] "GET /WebApp/Design/Img/loader-big-white-100x12x7.png HTTP/1.1" 304 0 
0:0:0:0:0:0:0:1 -  -  [25/Jun/2014:19:49:00 +0000] "GET /WebApp/Design/Img/loader-big-white-100x12x6.png HTTP/1.1" 304 0 
0:0:0:0:0:0:0:1 -  -  [25/Jun/2014:19:49:00 +0000] "GET /WebApp/Design/Img/loader-big-white-100x12x8.png HTTP/1.1" 304 0 
0:0:0:0:0:0:0:1 -  -  [25/Jun/2014:19:49:00 +0000] "GET /WebApp/Design/Img/loader-big-white-100x12x9.png HTTP/1.1" 304 0 
0:0:0:0:0:0:0:1 -  -  [25/Jun/2014:19:49:00 +0000] "GET /WebApp/Design/Img/loader-big-white-100x12x10.png HTTP/1.1" 304 0 
0:0:0:0:0:0:0:1 -  -  [25/Jun/2014:19:49:00 +0000] "GET /WebApp/Design/Img/loader-big-white-100x12x11.png HTTP/1.1" 304 0 
0:0:0:0:0:0:0:1 -  -  [25/Jun/2014:19:49:00 +0000] "GET /WebApp/Design/Img/loader-big-white-100x12x12.png HTTP/1.1" 304 0 
0:0:0:0:0:0:0:1 -  -  [25/Jun/2014:19:49:00 +0000] "GET /WebApp/Design/Img/chevron-select.png HTTP/1.1" 304 0 
0:0:0:0:0:0:0:1 -  -  [25/Jun/2014:19:49:00 +0000] "GET /WebApp/Design/Img/check-sel.png HTTP/1.1" 304 0 
0:0:0:0:0:0:0:1 -  -  [25/Jun/2014:19:49:00 +0000] "GET /WebApp/Design/Img/button-back-touch.png HTTP/1.1" 304 0 
0:0:0:0:0:0:0:1 -  -  [25/Jun/2014:19:49:00 +0000] "GET /WebApp/Design/Img/button-simple-touch.png HTTP/1.1" 304 0 
0:0:0:0:0:0:0:1 -  -  [25/Jun/2014:19:49:00 +0000] "GET /WebApp/Design/Img/bg-head.png HTTP/1.1" 304 0 
0:0:0:0:0:0:0:1 -  -  [25/Jun/2014:19:49:00 +0000] "GET /WebApp/Design/Img/button-back.png HTTP/1.1" 304 0 
0:0:0:0:0:0:0:1 -  -  [25/Jun/2014:19:49:00 +0000] "GET /WebApp/Design/Img/button-simple.png HTTP/1.1" 304 0 
0:0:0:0:0:0:0:1 -  -  [25/Jun/2014:19:49:00 +0000] "GET /images/switch.png HTTP/1.1" 304 0 
0:0:0:0:0:0:0:1 -  -  [25/Jun/2014:19:49:00 +0000] "GET /images/slider.png HTTP/1.1" 304 0 
0:0:0:0:0:0:0:1 -  -  [25/Jun/2014:19:49:00 +0000] "GET /images/none.png HTTP/1.1" 304 0 
0:0:0:0:0:0:0:1 -  -  [25/Jun/2014:19:49:00 +0000] "GET /images/_down.png HTTP/1.1" 304 0 
0:0:0:0:0:0:0:1 -  -  [25/Jun/2014:19:49:00 +0000] "GET /images/_up.png HTTP/1.1" 304 0 
0:0:0:0:0:0:0:1 -  -  [25/Jun/2014:19:49:00 +0000] "GET /images/colorwheel.png HTTP/1.1" 304 0 
0:0:0:0:0:0:0:1 -  -  [25/Jun/2014:19:49:00 +0000] "GET /images/withings-scale.png HTTP/1.1" 304 0 
0:0:0:0:0:0:0:1 -  -  [25/Jun/2014:19:49:00 +0000] "GET /images/withings-bloodpressure.png HTTP/1.1" 304 0 
0:0:0:0:0:0:0:1 -  -  [25/Jun/2014:19:49:00 +0000] "GET /WebApp/Design/Img/bg-switch-thumb.png HTTP/1.1" 304 0 
0:0:0:0:0:0:0:1 -  -  [25/Jun/2014:19:49:00 +0000] "GET /WebApp/Design/Img/form-check-text.png HTTP/1.1" 304 0 
0:0:0:0:0:0:0:1 -  -  [25/Jun/2014:19:49:00 +0000] "GET /WebApp/Design/Img/chevron.png HTTP/1.1" 304 0 
0:0:0:0:0:0:0:1 -  -  [25/Jun/2014:19:49:00 +0000] "GET /WebApp/Design/Img/bg-switch.png HTTP/1.1" 304 0 
0:0:0:0:0:0:0:1 -  -  [25/Jun/2014:19:49:00 +0000] "GET /jquery.minicolors.png HTTP/1.1" 304 0 
0:0:0:0:0:0:0:1 -  -  [25/Jun/2014:19:49:02 +0000] "GET /openhab.app?sitemap=winti&poll=true&__async=true&__source=waHome HTTP/1.1" 200 92 
0:0:0:0:0:0:0:1 -  -  [25/Jun/2014:19:49:12 +0000] "GET /openhab.app?sitemap=winti&poll=true&__async=true&__source=waHome HTTP/1.1" 200 92 
0:0:0:0:0:0:0:1 -  -  [25/Jun/2014:19:49:23 +0000] "GET /openhab.app?sitemap=winti&poll=true&__async=true&__source=waHome HTTP/1.1" 200 92 
0:0:0:0:0:0:0:1 -  -  [25/Jun/2014:19:49:33 +0000] "GET /openhab.app?sitemap=winti&poll=true&__async=true&__source=waHome HTTP/1.1" 200 92 
0:0:0:0:0:0:0:1 -  -  [25/Jun/2014:19:49:45 +0000] "GET /openhab.app?sitemap=winti HTTP/1.1" 200 13133 
0:0:0:0:0:0:0:1 -  -  [25/Jun/2014:19:49:45 +0000] "GET /WebApp/Design/Render.css HTTP/1.1" 304 0 
0:0:0:0:0:0:0:1 -  -  [25/Jun/2014:19:49:45 +0000] "GET /WebApp/Design/RenderRTL.css HTTP/1.1" 304 0 
0:0:0:0:0:0:0:1 -  -  [25/Jun/2014:19:49:45 +0000] "GET /jquery.miniColors.css HTTP/1.1" 304 0 
0:0:0:0:0:0:0:1 -  -  [25/Jun/2014:19:49:45 +0000] "GET /WebApp/Design/Firefox.css HTTP/1.1" 304 0 
0:0:0:0:0:0:0:1 -  -  [25/Jun/2014:19:49:45 +0000] "GET /WebApp/Action/Logic.js HTTP/1.1" 304 0 
0:0:0:0:0:0:0:1 -  -  [25/Jun/2014:19:49:45 +0000] "GET /WebApp/Design/openHAB.css HTTP/1.1" 304 0 
0:0:0:0:0:0:0:1 -  -  [25/Jun/2014:19:49:45 +0000] "GET /jquery.min.js HTTP/1.1" 304 0 
0:0:0:0:0:0:0:1 -  -  [25/Jun/2014:19:49:45 +0000] "GET /jquery.miniColors.js HTTP/1.1" 304 0 
0:0:0:0:0:0:0:1 -  -  [25/Jun/2014:19:49:45 +0000] "GET /images/switch.png HTTP/1.1" 304 0 
0:0:0:0:0:0:0:1 -  -  [25/Jun/2014:19:49:45 +0000] "GET /images/slider.png HTTP/1.1" 304 0 
0:0:0:0:0:0:0:1 -  -  [25/Jun/2014:19:49:45 +0000] "GET /images/_up.png HTTP/1.1" 304 0 
0:0:0:0:0:0:0:1 -  -  [25/Jun/2014:19:49:45 +0000] "GET /images/colorwheel.png HTTP/1.1" 304 0 
0:0:0:0:0:0:0:1 -  -  [25/Jun/2014:19:49:45 +0000] "GET /images/withings-scale.png HTTP/1.1" 304 0 
0:0:0:0:0:0:0:1 -  -  [25/Jun/2014:19:49:45 +0000] "GET /images/withings-bloodpressure.png HTTP/1.1" 304 0 
0:0:0:0:0:0:0:1 -  -  [25/Jun/2014:19:49:45 +0000] "GET /images/none.png HTTP/1.1" 304 0 
0:0:0:0:0:0:0:1 -  -  [25/Jun/2014:19:49:45 +0000] "GET /images/netatmo.png HTTP/1.1" 200 326 
0:0:0:0:0:0:0:1 -  -  [25/Jun/2014:19:49:46 +0000] "GET /images/_down.png HTTP/1.1" 304 0 
0:0:0:0:0:0:0:1 -  -  [25/Jun/2014:19:49:46 +0000] "GET /WebApp/Design/Img/loader-gray-100x12x2.png HTTP/1.1" 304 0 
0:0:0:0:0:0:0:1 -  -  [25/Jun/2014:19:49:44 +0000] "GET /openhab.app?sitemap=winti&poll=true&__async=true&__source=waHome HTTP/1.1" 200 92 
0:0:0:0:0:0:0:1 -  -  [25/Jun/2014:19:49:58 +0000] "GET /openhab.app?sitemap=winti HTTP/1.1" 200 13322 
0:0:0:0:0:0:0:1 -  -  [25/Jun/2014:19:49:47 +0000] "GET /openhab.app?sitemap=winti&poll=true&__async=true&__source=waHome HTTP/1.1" 200 92 
0:0:0:0:0:0:0:1 -  -  [25/Jun/2014:19:49:58 +0000] "GET /WebApp/Design/Render.css HTTP/1.1" 304 0 
0:0:0:0:0:0:0:1 -  -  [25/Jun/2014:19:49:58 +0000] "GET /WebApp/Design/RenderRTL.css HTTP/1.1" 304 0 
0:0:0:0:0:0:0:1 -  -  [25/Jun/2014:19:49:58 +0000] "GET /WebApp/Design/Firefox.css HTTP/1.1" 304 0 
0:0:0:0:0:0:0:1 -  -  [25/Jun/2014:19:49:58 +0000] "GET /WebApp/Design/openHAB.css HTTP/1.1" 304 0 
0:0:0:0:0:0:0:1 -  -  [25/Jun/2014:19:49:58 +0000] "GET /jquery.miniColors.css HTTP/1.1" 304 0 
0:0:0:0:0:0:0:1 -  -  [25/Jun/2014:19:49:58 +0000] "GET /WebApp/Action/Logic.js HTTP/1.1" 304 0 
0:0:0:0:0:0:0:1 -  -  [25/Jun/2014:19:49:58 +0000] "GET /jquery.min.js HTTP/1.1" 304 0 
0:0:0:0:0:0:0:1 -  -  [25/Jun/2014:19:49:58 +0000] "GET /jquery.miniColors.js HTTP/1.1" 304 0 
0:0:0:0:0:0:0:1 -  -  [25/Jun/2014:19:49:58 +0000] "GET /images/switch.png HTTP/1.1" 304 0 
0:0:0:0:0:0:0:1 -  -  [25/Jun/2014:19:49:58 +0000] "GET /images/netatmo.png HTTP/1.1" 304 0 
0:0:0:0:0:0:0:1 -  -  [25/Jun/2014:19:49:58 +0000] "GET /images/slider.png HTTP/1.1" 304 0 
0:0:0:0:0:0:0:1 -  -  [25/Jun/2014:19:49:58 +0000] "GET /images/_down.png HTTP/1.1" 304 0 
0:0:0:0:0:0:0:1 -  -  [25/Jun/2014:19:49:58 +0000] "GET /images/_up.png HTTP/1.1" 304 0 
0:0:0:0:0:0:0:1 -  -  [25/Jun/2014:19:49:58 +0000] "GET /images/colorwheel.png HTTP/1.1" 304 0 
0:0:0:0:0:0:0:1 -  -  [25/Jun/2014:19:49:58 +0000] "GET /images/none.png HTTP/1.1" 304 0 
0:0:0:0:0:0:0:1 -  -  [25/Jun/2014:19:49:58 +0000] "GET /images/withings-scale.png HTTP/1.1" 304 0 
0:0:0:0:0:0:0:1 -  -  [25/Jun/2014:19:49:58 +0000] "GET /images/withings-bloodpressure.png HTTP/1.1" 304 0 
0:0:0:0:0:0:0:1 -  -  [25/Jun/2014:19:49:59 +0000] "GET /openhab.app?sitemap=winti&poll=true&__async=true&__source=waHome HTTP/1.1" 200 92 
0:0:0:0:0:0:0:1 -  -  [25/Jun/2014:19:50:10 +0000] "GET /openhab.app?sitemap=winti&poll=true&__async=true&__source=waHome HTTP/1.1" 200 7446 
0:0:0:0:0:0:0:1 -  -  [25/Jun/2014:19:50:12 +0000] "GET /openhab.app?sitemap=winti&poll=true&__async=true&__source=waHome HTTP/1.1" 200 92 
0:0:0:0:0:0:0:1 -  -  [25/Jun/2014:19:50:31 +0000] "GET /openhab.app?sitemap=winti HTTP/1.1" 200 13322 
0:0:0:0:0:0:0:1 -  -  [25/Jun/2014:19:50:31 +0000] "GET /WebApp/Design/RenderRTL.css HTTP/1.1" 304 0 
0:0:0:0:0:0:0:1 -  -  [25/Jun/2014:19:50:31 +0000] "GET /WebApp/Design/Render.css HTTP/1.1" 304 0 
0:0:0:0:0:0:0:1 -  -  [25/Jun/2014:19:50:31 +0000] "GET /WebApp/Design/Firefox.css HTTP/1.1" 304 0 
0:0:0:0:0:0:0:1 -  -  [25/Jun/2014:19:50:31 +0000] "GET /WebApp/Design/openHAB.css HTTP/1.1" 304 0 
0:0:0:0:0:0:0:1 -  -  [25/Jun/2014:19:50:31 +0000] "GET /jquery.miniColors.css HTTP/1.1" 304 0 
0:0:0:0:0:0:0:1 -  -  [25/Jun/2014:19:50:31 +0000] "GET /WebApp/Action/Logic.js HTTP/1.1" 304 0 
0:0:0:0:0:0:0:1 -  -  [25/Jun/2014:19:50:31 +0000] "GET /jquery.min.js HTTP/1.1" 304 0 
0:0:0:0:0:0:0:1 -  -  [25/Jun/2014:19:50:31 +0000] "GET /jquery.miniColors.js HTTP/1.1" 304 0 
0:0:0:0:0:0:0:1 -  -  [25/Jun/2014:19:50:31 +0000] "GET /images/switch.png HTTP/1.1" 304 0 
0:0:0:0:0:0:0:1 -  -  [25/Jun/2014:19:50:31 +0000] "GET /images/slider.png HTTP/1.1" 304 0 
0:0:0:0:0:0:0:1 -  -  [25/Jun/2014:19:50:31 +0000] "GET /images/netatmo.png HTTP/1.1" 304 0 
0:0:0:0:0:0:0:1 -  -  [25/Jun/2014:19:50:31 +0000] "GET /images/_down.png HTTP/1.1" 304 0 
0:0:0:0:0:0:0:1 -  -  [25/Jun/2014:19:50:31 +0000] "GET /images/_up.png HTTP/1.1" 304 0 
0:0:0:0:0:0:0:1 -  -  [25/Jun/2014:19:50:31 +0000] "GET /images/colorwheel.png HTTP/1.1" 304 0 
0:0:0:0:0:0:0:1 -  -  [25/Jun/2014:19:50:31 +0000] "GET /images/withings-scale.png HTTP/1.1" 304 0 
0:0:0:0:0:0:0:1 -  -  [25/Jun/2014:19:50:31 +0000] "GET /images/withings-bloodpressure.png HTTP/1.1" 304 0 
0:0:0:0:0:0:0:1 -  -  [25/Jun/2014:19:50:31 +0000] "GET /images/none.png HTTP/1.1" 304 0 
0:0:0:0:0:0:0:1 -  -  [25/Jun/2014:19:50:23 +0000] "GET /openhab.app?sitemap=winti&poll=true&__async=true&__source=waHome HTTP/1.1" 200 92 
0:0:0:0:0:0:0:1 -  -  [25/Jun/2014:19:50:32 +0000] "GET /openhab.app?sitemap=winti&poll=true&__async=true&__source=waHome HTTP/1.1" 200 7446 
0:0:0:0:0:0:0:1 -  -  [25/Jun/2014:19:50:34 +0000] "GET /openhab.app?sitemap=winti&poll=true&__async=true&__source=waHome HTTP/1.1" 200 92 
0:0:0:0:0:0:0:1 -  -  [25/Jun/2014:19:50:44 +0000] "GET /openhab.app?sitemap=winti&poll=true&__async=true&__source=waHome HTTP/1.1" 200 92 
0:0:0:0:0:0:0:1 -  -  [25/Jun/2014:19:50:55 +0000] "GET /openhab.app?sitemap=winti&poll=true&__async=true&__source=waHome HTTP/1.1" 200 92 
0:0:0:0:0:0:0:1 -  -  [25/Jun/2014:19:51:21 +0000] "GET /openhab.app?sitemap=winti&poll=true&__async=true&__source=waHome HTTP/1.1" 200 92 
0:0:0:0:0:0:0:1 -  -  [25/Jun/2014:19:51:32 +0000] "GET /openhab.app?sitemap=winti&poll=true&__async=true&__source=waHome HTTP/1.1" 200 7446 
0:0:0:0:0:0:0:1 -  -  [25/Jun/2014:19:51:41 +0000] "GET /openhab.app?sitemap=winti&w=0300&__async=true&__source=waHome HTTP/1.1" 200 940 
0:0:0:0:0:0:0:1 -  -  [25/Jun/2014:19:51:37 +0000] "GET /openhab.app?sitemap=winti&poll=true&__async=true&__source=waHome HTTP/1.1" 200 92 
0:0:0:0:0:0:0:1 -  -  [25/Jun/2014:19:51:41 +0000] "GET /openhab.app?sitemap=winti&sitemap=winti&w=0300&poll=true&__async=true&__source=wa0300 HTTP/1.1" 200 92 
0:0:0:0:0:0:0:1 -  -  [25/Jun/2014:19:51:44 +0000] "GET /openhab.app?sitemap=winti&sitemap=winti&w=Home&poll=true&__async=true&__source=waHome HTTP/1.1" 200 92 
0:0:0:0:0:0:0:1 -  -  [25/Jun/2014:19:51:54 +0000] "GET /openhab.app?sitemap=winti&sitemap=winti&w=Home&poll=true&__async=true&__source=waHome HTTP/1.1" 200 7446 
0:0:0:0:0:0:0:1 -  -  [25/Jun/2014:19:51:48 +0000] "GET /openhab.app?sitemap=winti&poll=true&__async=true&__source=waHome HTTP/1.1" 200 92 
0:0:0:0:0:0:0:1 -  -  [25/Jun/2014:19:51:52 +0000] "GET /openhab.app?sitemap=winti&sitemap=winti&w=0300&poll=true&__async=true&__source=waHome HTTP/1.1" 200 92 
0:0:0:0:0:0:0:1 -  -  [25/Jun/2014:19:51:58 +0000] "GET /openhab.app?sitemap=winti&sitemap=winti&w=Home&poll=true&__async=true&__source=waHome HTTP/1.1" 200 92 
0:0:0:0:0:0:0:1 -  -  [25/Jun/2014:19:51:58 +0000] "GET /openhab.app?sitemap=winti&poll=true&__async=true&__source=waHome HTTP/1.1" 200 92 
0:0:0:0:0:0:0:1 -  -  [25/Jun/2014:19:52:02 +0000] "GET /openhab.app?sitemap=winti&sitemap=winti&w=0300&poll=true&__async=true&__source=waHome HTTP/1.1" 200 92 
0:0:0:0:0:0:0:1 -  -  [25/Jun/2014:19:52:14 +0000] "GET /openhab.app?sitemap=winti HTTP/1.1" 200 13322 
0:0:0:0:0:0:0:1 -  -  [25/Jun/2014:19:52:14 +0000] "GET /WebApp/Design/Render.css HTTP/1.1" 304 0 
0:0:0:0:0:0:0:1 -  -  [25/Jun/2014:19:52:14 +0000] "GET /WebApp/Design/RenderRTL.css HTTP/1.1" 304 0 
0:0:0:0:0:0:0:1 -  -  [25/Jun/2014:19:52:14 +0000] "GET /WebApp/Design/openHAB.css HTTP/1.1" 304 0 
0:0:0:0:0:0:0:1 -  -  [25/Jun/2014:19:52:14 +0000] "GET /WebApp/Design/Firefox.css HTTP/1.1" 304 0 
0:0:0:0:0:0:0:1 -  -  [25/Jun/2014:19:52:14 +0000] "GET /WebApp/Action/Logic.js HTTP/1.1" 304 0 
0:0:0:0:0:0:0:1 -  -  [25/Jun/2014:19:52:14 +0000] "GET /jquery.miniColors.css HTTP/1.1" 304 0 
0:0:0:0:0:0:0:1 -  -  [25/Jun/2014:19:52:14 +0000] "GET /jquery.min.js HTTP/1.1" 304 0 
0:0:0:0:0:0:0:1 -  -  [25/Jun/2014:19:52:14 +0000] "GET /jquery.miniColors.js HTTP/1.1" 304 0 
0:0:0:0:0:0:0:1 -  -  [25/Jun/2014:19:52:14 +0000] "GET /images/netatmo.png HTTP/1.1" 304 0 
0:0:0:0:0:0:0:1 -  -  [25/Jun/2014:19:52:14 +0000] "GET /images/slider.png HTTP/1.1" 304 0 
0:0:0:0:0:0:0:1 -  -  [25/Jun/2014:19:52:14 +0000] "GET /images/switch.png HTTP/1.1" 304 0 
0:0:0:0:0:0:0:1 -  -  [25/Jun/2014:19:52:14 +0000] "GET /images/_up.png HTTP/1.1" 304 0 
0:0:0:0:0:0:0:1 -  -  [25/Jun/2014:19:52:14 +0000] "GET /images/_down.png HTTP/1.1" 304 0 
0:0:0:0:0:0:0:1 -  -  [25/Jun/2014:19:52:14 +0000] "GET /images/colorwheel.png HTTP/1.1" 304 0 
0:0:0:0:0:0:0:1 -  -  [25/Jun/2014:19:52:14 +0000] "GET /images/withings-bloodpressure.png HTTP/1.1" 304 0 
0:0:0:0:0:0:0:1 -  -  [25/Jun/2014:19:52:14 +0000] "GET /images/withings-scale.png HTTP/1.1" 304 0 
0:0:0:0:0:0:0:1 -  -  [25/Jun/2014:19:52:14 +0000] "GET /images/none.png HTTP/1.1" 304 0 
0:0:0:0:0:0:0:1 -  -  [25/Jun/2014:19:52:08 +0000] "GET /openhab.app?sitemap=winti&sitemap=winti&w=Home&poll=true&__async=true&__source=waHome HTTP/1.1" 200 92 
0:0:0:0:0:0:0:1 -  -  [25/Jun/2014:19:52:09 +0000] "GET /openhab.app?sitemap=winti&poll=true&__async=true&__source=waHome HTTP/1.1" 200 92 
0:0:0:0:0:0:0:1 -  -  [25/Jun/2014:19:52:15 +0000] "GET /openhab.app?sitemap=winti&poll=true&__async=true&__source=waHome HTTP/1.1" 200 7446 
0:0:0:0:0:0:0:1 -  -  [25/Jun/2014:19:52:13 +0000] "GET /openhab.app?sitemap=winti&sitemap=winti&w=0300&poll=true&__async=true&__source=waHome HTTP/1.1" 200 92 
0:0:0:0:0:0:0:1 -  -  [25/Jun/2014:19:52:19 +0000] "GET /openhab.app?sitemap=winti&poll=true&__async=true&__source=waHome HTTP/1.1" 200 92 
0:0:0:0:0:0:0:1 -  -  [25/Jun/2014:19:52:30 +0000] "GET /openhab.app?sitemap=winti&poll=true&__async=true&__source=waHome HTTP/1.1" 200 92 
0:0:0:0:0:0:0:1 -  -  [25/Jun/2014:19:52:40 +0000] "GET /openhab.app?sitemap=winti&poll=true&__async=true&__source=waHome HTTP/1.1" 200 92 
0:0:0:0:0:0:0:1 -  -  [25/Jun/2014:19:52:51 +0000] "GET /openhab.app?sitemap=winti&poll=true&__async=true&__source=waHome HTTP/1.1" 200 92 
0:0:0:0:0:0:0:1 -  -  [25/Jun/2014:19:53:01 +0000] "GET /openhab.app?sitemap=winti&poll=true&__async=true&__source=waHome HTTP/1.1" 200 92 
0:0:0:0:0:0:0:1 -  -  [25/Jun/2014:19:53:12 +0000] "GET /openhab.app?sitemap=winti&poll=true&__async=true&__source=waHome HTTP/1.1" 200 92 
0:0:0:0:0:0:0:1 -  -  [25/Jun/2014:19:53:23 +0000] "GET /openhab.app?sitemap=winti&poll=true&__async=true&__source=waHome HTTP/1.1" 200 92 
0:0:0:0:0:0:0:1 -  -  [25/Jun/2014:19:53:33 +0000] "GET /openhab.app?sitemap=winti&poll=true&__async=true&__source=waHome HTTP/1.1" 200 92 
0:0:0:0:0:0:0:1 -  -  [25/Jun/2014:19:53:44 +0000] "GET /openhab.app?sitemap=winti&poll=true&__async=true&__source=waHome HTTP/1.1" 200 92 
0:0:0:0:0:0:0:1 -  -  [25/Jun/2014:19:53:54 +0000] "GET /openhab.app?sitemap=winti&poll=true&__async=true&__source=waHome HTTP/1.1" 200 92 
0:0:0:0:0:0:0:1 -  -  [25/Jun/2014:19:54:05 +0000] "GET /openhab.app?sitemap=winti&poll=true&__async=true&__source=waHome HTTP/1.1" 200 92 
0:0:0:0:0:0:0:1 -  -  [25/Jun/2014:19:54:15 +0000] "GET /openhab.app?sitemap=winti&poll=true&__async=true&__source=waHome HTTP/1.1" 200 92 
0:0:0:0:0:0:0:1 -  -  [25/Jun/2014:19:54:30 +0000] "GET /openhab.app?sitemap=winti&poll=true&__async=true&__source=waHome HTTP/1.1" 200 92 
0:0:0:0:0:0:0:1 -  -  [25/Jun/2014:19:54:41 +0000] "GET /openhab.app?sitemap=winti&poll=true&__async=true&__source=waHome HTTP/1.1" 200 7446 
0:0:0:0:0:0:0:1 -  -  [25/Jun/2014:19:54:47 +0000] "GET /openhab.app?sitemap=winti&poll=true&__async=true&__source=waHome HTTP/1.1" 200 92 
0:0:0:0:0:0:0:1 -  -  [25/Jun/2014:20:01:33 +0000] "GET /openhab.app?sitemap=winti HTTP/1.1" 200 13322 
0:0:0:0:0:0:0:1 -  -  [25/Jun/2014:20:01:33 +0000] "GET /WebApp/Action/Logic.js HTTP/1.1" 304 0 
0:0:0:0:0:0:0:1 -  -  [25/Jun/2014:20:01:33 +0000] "GET /WebApp/Design/Firefox.css HTTP/1.1" 304 0 
0:0:0:0:0:0:0:1 -  -  [25/Jun/2014:20:01:33 +0000] "GET /WebApp/Design/RenderRTL.css HTTP/1.1" 304 0 
0:0:0:0:0:0:0:1 -  -  [25/Jun/2014:20:01:33 +0000] "GET /WebApp/Design/openHAB.css HTTP/1.1" 304 0 
0:0:0:0:0:0:0:1 -  -  [25/Jun/2014:20:01:33 +0000] "GET /WebApp/Design/Render.css HTTP/1.1" 304 0 
0:0:0:0:0:0:0:1 -  -  [25/Jun/2014:20:01:33 +0000] "GET /jquery.miniColors.css HTTP/1.1" 304 0 
0:0:0:0:0:0:0:1 -  -  [25/Jun/2014:20:01:33 +0000] "GET /jquery.miniColors.js HTTP/1.1" 304 0 
0:0:0:0:0:0:0:1 -  -  [25/Jun/2014:20:01:33 +0000] "GET /jquery.min.js HTTP/1.1" 304 0 
0:0:0:0:0:0:0:1 -  -  [25/Jun/2014:20:01:33 +0000] "GET /images/netatmo.png HTTP/1.1" 304 0 
0:0:0:0:0:0:0:1 -  -  [25/Jun/2014:20:01:33 +0000] "GET /images/slider.png HTTP/1.1" 304 0 
0:0:0:0:0:0:0:1 -  -  [25/Jun/2014:20:01:33 +0000] "GET /images/colorwheel.png HTTP/1.1" 304 0 
0:0:0:0:0:0:0:1 -  -  [25/Jun/2014:20:01:33 +0000] "GET /images/_down.png HTTP/1.1" 304 0 
0:0:0:0:0:0:0:1 -  -  [25/Jun/2014:20:01:33 +0000] "GET /images/switch.png HTTP/1.1" 304 0 
0:0:0:0:0:0:0:1 -  -  [25/Jun/2014:20:01:33 +0000] "GET /images/_up.png HTTP/1.1" 304 0 
0:0:0:0:0:0:0:1 -  -  [25/Jun/2014:20:01:33 +0000] "GET /images/none.png HTTP/1.1" 304 0 
0:0:0:0:0:0:0:1 -  -  [25/Jun/2014:20:01:33 +0000] "GET /images/withings-scale.png HTTP/1.1" 304 0 
0:0:0:0:0:0:0:1 -  -  [25/Jun/2014:20:01:33 +0000] "GET /images/withings-bloodpressure.png HTTP/1.1" 304 0 
0:0:0:0:0:0:0:1 -  -  [25/Jun/2014:20:01:34 +0000] "GET /openhab.app?sitemap=winti&poll=true&__async=true&__source=waHome HTTP/1.1" 200 92 
0:0:0:0:0:0:0:1 -  -  [25/Jun/2014:20:01:49 +0000] "GET /openhab.app?sitemap=winti HTTP/1.1" 200 13322 
0:0:0:0:0:0:0:1 -  -  [25/Jun/2014:20:01:49 +0000] "GET /WebApp/Design/RenderRTL.css HTTP/1.1" 304 0 
0:0:0:0:0:0:0:1 -  -  [25/Jun/2014:20:01:49 +0000] "GET /WebApp/Design/Render.css HTTP/1.1" 304 0 
0:0:0:0:0:0:0:1 -  -  [25/Jun/2014:20:01:49 +0000] "GET /WebApp/Design/Firefox.css HTTP/1.1" 304 0 
0:0:0:0:0:0:0:1 -  -  [25/Jun/2014:20:01:49 +0000] "GET /WebApp/Design/openHAB.css HTTP/1.1" 304 0 
0:0:0:0:0:0:0:1 -  -  [25/Jun/2014:20:01:49 +0000] "GET /jquery.miniColors.css HTTP/1.1" 304 0 
0:0:0:0:0:0:0:1 -  -  [25/Jun/2014:20:01:49 +0000] "GET /WebApp/Action/Logic.js HTTP/1.1" 304 0 
0:0:0:0:0:0:0:1 -  -  [25/Jun/2014:20:01:49 +0000] "GET /jquery.miniColors.js HTTP/1.1" 304 0 
0:0:0:0:0:0:0:1 -  -  [25/Jun/2014:20:01:49 +0000] "GET /jquery.min.js HTTP/1.1" 304 0 
0:0:0:0:0:0:0:1 -  -  [25/Jun/2014:20:01:49 +0000] "GET /images/netatmo.png HTTP/1.1" 304 0 
0:0:0:0:0:0:0:1 -  -  [25/Jun/2014:20:01:49 +0000] "GET /images/switch.png HTTP/1.1" 304 0 
0:0:0:0:0:0:0:1 -  -  [25/Jun/2014:20:01:49 +0000] "GET /images/slider.png HTTP/1.1" 304 0 
0:0:0:0:0:0:0:1 -  -  [25/Jun/2014:20:01:49 +0000] "GET /images/_down.png HTTP/1.1" 304 0 
0:0:0:0:0:0:0:1 -  -  [25/Jun/2014:20:01:49 +0000] "GET /images/_up.png HTTP/1.1" 304 0 
0:0:0:0:0:0:0:1 -  -  [25/Jun/2014:20:01:49 +0000] "GET /images/colorwheel.png HTTP/1.1" 304 0 
0:0:0:0:0:0:0:1 -  -  [25/Jun/2014:20:01:49 +0000] "GET /images/withings-bloodpressure.png HTTP/1.1" 304 0 
0:0:0:0:0:0:0:1 -  -  [25/Jun/2014:20:01:49 +0000] "GET /images/withings-scale.png HTTP/1.1" 304 0 
0:0:0:0:0:0:0:1 -  -  [25/Jun/2014:20:01:49 +0000] "GET /images/none.png HTTP/1.1" 304 0 
0:0:0:0:0:0:0:1 -  -  [25/Jun/2014:20:01:45 +0000] "GET /openhab.app?sitemap=winti&poll=true&__async=true&__source=waHome HTTP/1.1" 200 7446 
0:0:0:0:0:0:0:1 -  -  [25/Jun/2014:20:01:50 +0000] "GET /openhab.app?sitemap=winti&poll=true&__async=true&__source=waHome HTTP/1.1" 200 92 
0:0:0:0:0:0:0:1 -  -  [25/Jun/2014:20:02:02 +0000] "GET /openhab.app?sitemap=winti HTTP/1.1" 200 13322 
0:0:0:0:0:0:0:1 -  -  [25/Jun/2014:20:02:02 +0000] "GET /WebApp/Design/RenderRTL.css HTTP/1.1" 304 0 
0:0:0:0:0:0:0:1 -  -  [25/Jun/2014:20:02:02 +0000] "GET /WebApp/Design/Render.css HTTP/1.1" 304 0 
0:0:0:0:0:0:0:1 -  -  [25/Jun/2014:20:02:02 +0000] "GET /WebApp/Design/Firefox.css HTTP/1.1" 304 0 
0:0:0:0:0:0:0:1 -  -  [25/Jun/2014:20:02:02 +0000] "GET /WebApp/Design/openHAB.css HTTP/1.1" 304 0 
0:0:0:0:0:0:0:1 -  -  [25/Jun/2014:20:02:02 +0000] "GET /jquery.miniColors.css HTTP/1.1" 304 0 
0:0:0:0:0:0:0:1 -  -  [25/Jun/2014:20:02:02 +0000] "GET /WebApp/Action/Logic.js HTTP/1.1" 304 0 
0:0:0:0:0:0:0:1 -  -  [25/Jun/2014:20:02:02 +0000] "GET /jquery.min.js HTTP/1.1" 304 0 
0:0:0:0:0:0:0:1 -  -  [25/Jun/2014:20:02:02 +0000] "GET /jquery.miniColors.js HTTP/1.1" 304 0 
0:0:0:0:0:0:0:1 -  -  [25/Jun/2014:20:02:02 +0000] "GET /images/switch.png HTTP/1.1" 304 0 
0:0:0:0:0:0:0:1 -  -  [25/Jun/2014:20:02:02 +0000] "GET /images/slider.png HTTP/1.1" 304 0 
0:0:0:0:0:0:0:1 -  -  [25/Jun/2014:20:02:02 +0000] "GET /images/_down.png HTTP/1.1" 304 0 
0:0:0:0:0:0:0:1 -  -  [25/Jun/2014:20:02:02 +0000] "GET /images/netatmo.png HTTP/1.1" 304 0 
0:0:0:0:0:0:0:1 -  -  [25/Jun/2014:20:02:02 +0000] "GET /images/_up.png HTTP/1.1" 304 0 
0:0:0:0:0:0:0:1 -  -  [25/Jun/2014:20:02:02 +0000] "GET /images/colorwheel.png HTTP/1.1" 304 0 
0:0:0:0:0:0:0:1 -  -  [25/Jun/2014:20:02:02 +0000] "GET /images/none.png HTTP/1.1" 304 0 
0:0:0:0:0:0:0:1 -  -  [25/Jun/2014:20:02:02 +0000] "GET /images/withings-bloodpressure.png HTTP/1.1" 304 0 
0:0:0:0:0:0:0:1 -  -  [25/Jun/2014:20:02:02 +0000] "GET /images/withings-scale.png HTTP/1.1" 304 0 
0:0:0:0:0:0:0:1 -  -  [25/Jun/2014:20:02:04 +0000] "GET /openhab.app?sitemap=winti&poll=true&__async=true&__source=waHome HTTP/1.1" 200 7446 
0:0:0:0:0:0:0:1 -  -  [25/Jun/2014:20:02:01 +0000] "GET /openhab.app?sitemap=winti&poll=true&__async=true&__source=waHome HTTP/1.1" 200 7446 
0:0:0:0:0:0:0:1 -  -  [25/Jun/2014:20:02:10 +0000] "GET /openhab.app?sitemap=winti&poll=true&__async=true&__source=waHome HTTP/1.1" 200 92 
0:0:0:0:0:0:0:1 -  -  [25/Jun/2014:20:02:21 +0000] "GET /openhab.app?sitemap=winti&poll=true&__async=true&__source=waHome HTTP/1.1" 200 92 
0:0:0:0:0:0:0:1 -  -  [25/Jun/2014:20:02:31 +0000] "GET /openhab.app?sitemap=winti&poll=true&__async=true&__source=waHome HTTP/1.1" 200 92 
0:0:0:0:0:0:0:1 -  -  [25/Jun/2014:20:02:42 +0000] "GET /openhab.app?sitemap=winti&poll=true&__async=true&__source=waHome HTTP/1.1" 200 7446 
0:0:0:0:0:0:0:1 -  -  [25/Jun/2014:20:02:47 +0000] "GET /openhab.app?sitemap=winti&poll=true&__async=true&__source=waHome HTTP/1.1" 200 92 
0:0:0:0:0:0:0:1 -  -  [25/Jun/2014:20:02:58 +0000] "GET /openhab.app?sitemap=winti&poll=true&__async=true&__source=waHome HTTP/1.1" 200 7446 
0:0:0:0:0:0:0:1 -  -  [25/Jun/2014:20:03:05 +0000] "GET /openhab.app?sitemap=winti&poll=true&__async=true&__source=waHome HTTP/1.1" 200 92 
0:0:0:0:0:0:0:1 -  -  [25/Jun/2014:20:03:15 +0000] "GET /openhab.app?sitemap=winti&poll=true&__async=true&__source=waHome HTTP/1.1" 200 7446 
0:0:0:0:0:0:0:1 -  -  [25/Jun/2014:20:03:20 +0000] "GET /openhab.app?sitemap=winti&poll=true&__async=true&__source=waHome HTTP/1.1" 200 92 
0:0:0:0:0:0:0:1 -  -  [25/Jun/2014:20:03:31 +0000] "GET /openhab.app?sitemap=winti&poll=true&__async=true&__source=waHome HTTP/1.1" 200 7446 
0:0:0:0:0:0:0:1 -  -  [25/Jun/2014:20:03:36 +0000] "GET /openhab.app?sitemap=winti&poll=true&__async=true&__source=waHome HTTP/1.1" 200 92 
0:0:0:0:0:0:0:1 -  -  [25/Jun/2014:20:03:47 +0000] "GET /openhab.app?sitemap=winti&poll=true&__async=true&__source=waHome HTTP/1.1" 200 92 
0:0:0:0:0:0:0:1 -  -  [25/Jun/2014:20:03:58 +0000] "GET /openhab.app?sitemap=winti&poll=true&__async=true&__source=waHome HTTP/1.1" 200 7446 
0:0:0:0:0:0:0:1 -  -  [25/Jun/2014:20:04:08 +0000] "GET /openhab.app?sitemap=winti&poll=true&__async=true&__source=waHome HTTP/1.1" 200 92 
0:0:0:0:0:0:0:1 -  -  [25/Jun/2014:20:04:18 +0000] "GET /openhab.app?sitemap=winti&poll=true&__async=true&__source=waHome HTTP/1.1" 200 7446 
0:0:0:0:0:0:0:1 -  -  [25/Jun/2014:20:04:23 +0000] "GET /openhab.app?sitemap=winti&poll=true&__async=true&__source=waHome HTTP/1.1" 200 92 
0:0:0:0:0:0:0:1 -  -  [25/Jun/2014:20:04:33 +0000] "GET /openhab.app?sitemap=winti&poll=true&__async=true&__source=waHome HTTP/1.1" 200 7446 
0:0:0:0:0:0:0:1 -  -  [25/Jun/2014:20:04:39 +0000] "GET /openhab.app?sitemap=winti&poll=true&__async=true&__source=waHome HTTP/1.1" 200 92 
0:0:0:0:0:0:0:1 -  -  [25/Jun/2014:20:04:49 +0000] "GET /openhab.app?sitemap=winti&poll=true&__async=true&__source=waHome HTTP/1.1" 200 7446 
0:0:0:0:0:0:0:1 -  -  [25/Jun/2014:20:04:51 +0000] "GET /openhab.app?sitemap=winti&poll=true&__async=true&__source=waHome HTTP/1.1" 200 92 
0:0:0:0:0:0:0:1 -  -  [25/Jun/2014:20:05:01 +0000] "GET /openhab.app?sitemap=winti&poll=true&__async=true&__source=waHome HTTP/1.1" 200 7446 
0:0:0:0:0:0:0:1 -  -  [25/Jun/2014:20:05:03 +0000] "GET /openhab.app?sitemap=winti&poll=true&__async=true&__source=waHome HTTP/1.1" 200 92 
0:0:0:0:0:0:0:1 -  -  [25/Jun/2014:20:05:13 +0000] "GET /openhab.app?sitemap=winti&poll=true&__async=true&__source=waHome HTTP/1.1" 200 7446 
0:0:0:0:0:0:0:1 -  -  [25/Jun/2014:20:05:15 +0000] "GET /openhab.app?sitemap=winti&poll=true&__async=true&__source=waHome HTTP/1.1" 200 7446 
0:0:0:0:0:0:0:1 -  -  [25/Jun/2014:20:05:24 +0000] "GET /openhab.app?sitemap=winti&poll=true&__async=true&__source=waHome HTTP/1.1" 200 7446 
0:0:0:0:0:0:0:1 -  -  [25/Jun/2014:20:05:32 +0000] "GET /openhab.app?sitemap=winti&poll=true&__async=true&__source=waHome HTTP/1.1" 200 92 
0:0:0:0:0:0:0:1 -  -  [25/Jun/2014:20:05:42 +0000] "GET /openhab.app?sitemap=winti&poll=true&__async=true&__source=waHome HTTP/1.1" 200 7446 
0:0:0:0:0:0:0:1 -  -  [25/Jun/2014:20:05:44 +0000] "GET /openhab.app?sitemap=winti&poll=true&__async=true&__source=waHome HTTP/1.1" 200 92 
0:0:0:0:0:0:0:1 -  -  [25/Jun/2014:20:05:54 +0000] "GET /openhab.app?sitemap=winti&poll=true&__async=true&__source=waHome HTTP/1.1" 200 7446 
0:0:0:0:0:0:0:1 -  -  [25/Jun/2014:20:05:56 +0000] "GET /openhab.app?sitemap=winti&poll=true&__async=true&__source=waHome HTTP/1.1" 200 92 
0:0:0:0:0:0:0:1 -  -  [25/Jun/2014:20:06:06 +0000] "GET /openhab.app?sitemap=winti&poll=true&__async=true&__source=waHome HTTP/1.1" 200 7446 
0:0:0:0:0:0:0:1 -  -  [25/Jun/2014:20:06:08 +0000] "GET /openhab.app?sitemap=winti&poll=true&__async=true&__source=waHome HTTP/1.1" 200 92 
0:0:0:0:0:0:0:1 -  -  [25/Jun/2014:20:06:18 +0000] "GET /openhab.app?sitemap=winti&poll=true&__async=true&__source=waHome HTTP/1.1" 200 7446 
0:0:0:0:0:0:0:1 -  -  [25/Jun/2014:20:06:20 +0000] "GET /openhab.app?sitemap=winti&poll=true&__async=true&__source=waHome HTTP/1.1" 200 92 
0:0:0:0:0:0:0:1 -  -  [25/Jun/2014:20:06:31 +0000] "GET /openhab.app?sitemap=winti&poll=true&__async=true&__source=waHome HTTP/1.1" 200 7446 
0:0:0:0:0:0:0:1 -  -  [25/Jun/2014:20:06:32 +0000] "GET /openhab.app?sitemap=winti&poll=true&__async=true&__source=waHome HTTP/1.1" 200 92 
0:0:0:0:0:0:0:1 -  -  [25/Jun/2014:20:06:43 +0000] "GET /openhab.app?sitemap=winti&poll=true&__async=true&__source=waHome HTTP/1.1" 200 7446 
0:0:0:0:0:0:0:1 -  -  [25/Jun/2014:20:06:44 +0000] "GET /openhab.app?sitemap=winti&poll=true&__async=true&__source=waHome HTTP/1.1" 200 92 
0:0:0:0:0:0:0:1 -  -  [25/Jun/2014:20:06:55 +0000] "GET /openhab.app?sitemap=winti&poll=true&__async=true&__source=waHome HTTP/1.1" 200 7446 
0:0:0:0:0:0:0:1 -  -  [25/Jun/2014:20:06:57 +0000] "GET /openhab.app?sitemap=winti&poll=true&__async=true&__source=waHome HTTP/1.1" 200 92 
0:0:0:0:0:0:0:1 -  -  [25/Jun/2014:20:07:07 +0000] "GET /openhab.app?sitemap=winti&poll=true&__async=true&__source=waHome HTTP/1.1" 200 7446 
0:0:0:0:0:0:0:1 -  -  [25/Jun/2014:20:07:09 +0000] "GET /openhab.app?sitemap=winti&poll=true&__async=true&__source=waHome HTTP/1.1" 200 92 
0:0:0:0:0:0:0:1 -  -  [25/Jun/2014:20:07:19 +0000] "GET /openhab.app?sitemap=winti&poll=true&__async=true&__source=waHome HTTP/1.1" 200 7446 
0:0:0:0:0:0:0:1 -  -  [25/Jun/2014:20:07:21 +0000] "GET /openhab.app?sitemap=winti&poll=true&__async=true&__source=waHome HTTP/1.1" 200 92 
0:0:0:0:0:0:0:1 -  -  [25/Jun/2014:20:07:31 +0000] "GET /openhab.app?sitemap=winti&poll=true&__async=true&__source=waHome HTTP/1.1" 200 7446 
0:0:0:0:0:0:0:1 -  -  [25/Jun/2014:20:07:33 +0000] "GET /openhab.app?sitemap=winti&poll=true&__async=true&__source=waHome HTTP/1.1" 200 92 
0:0:0:0:0:0:0:1 -  -  [25/Jun/2014:20:07:43 +0000] "GET /openhab.app?sitemap=winti&poll=true&__async=true&__source=waHome HTTP/1.1" 200 7446 
0:0:0:0:0:0:0:1 -  -  [25/Jun/2014:20:07:45 +0000] "GET /openhab.app?sitemap=winti&poll=true&__async=true&__source=waHome HTTP/1.1" 200 92 
0:0:0:0:0:0:0:1 -  -  [25/Jun/2014:20:07:56 +0000] "GET /openhab.app?sitemap=winti&poll=true&__async=true&__source=waHome HTTP/1.1" 200 92 
0:0:0:0:0:0:0:1 -  -  [25/Jun/2014:20:08:06 +0000] "GET /openhab.app?sitemap=winti&poll=true&__async=true&__source=waHome HTTP/1.1" 200 92 
0:0:0:0:0:0:0:1 -  -  [25/Jun/2014:20:08:19 +0000] "GET /openhab.app?sitemap=winti HTTP/1.1" 200 13322 
0:0:0:0:0:0:0:1 -  -  [25/Jun/2014:20:08:19 +0000] "GET /WebApp/Design/Render.css HTTP/1.1" 304 0 
0:0:0:0:0:0:0:1 -  -  [25/Jun/2014:20:08:19 +0000] "GET /WebApp/Design/Firefox.css HTTP/1.1" 304 0 
0:0:0:0:0:0:0:1 -  -  [25/Jun/2014:20:08:19 +0000] "GET /jquery.miniColors.css HTTP/1.1" 304 0 
0:0:0:0:0:0:0:1 -  -  [25/Jun/2014:20:08:19 +0000] "GET /WebApp/Action/Logic.js HTTP/1.1" 304 0 
0:0:0:0:0:0:0:1 -  -  [25/Jun/2014:20:08:19 +0000] "GET /WebApp/Design/RenderRTL.css HTTP/1.1" 304 0 
0:0:0:0:0:0:0:1 -  -  [25/Jun/2014:20:08:19 +0000] "GET /jquery.min.js HTTP/1.1" 304 0 
0:0:0:0:0:0:0:1 -  -  [25/Jun/2014:20:08:19 +0000] "GET /jquery.miniColors.js HTTP/1.1" 304 0 
0:0:0:0:0:0:0:1 -  -  [25/Jun/2014:20:08:19 +0000] "GET /WebApp/Design/openHAB.css HTTP/1.1" 304 0 
0:0:0:0:0:0:0:1 -  -  [25/Jun/2014:20:08:19 +0000] "GET /images/switch.png HTTP/1.1" 304 0 
0:0:0:0:0:0:0:1 -  -  [25/Jun/2014:20:08:19 +0000] "GET /images/netatmo.png HTTP/1.1" 304 0 
0:0:0:0:0:0:0:1 -  -  [25/Jun/2014:20:08:19 +0000] "GET /images/slider.png HTTP/1.1" 304 0 
0:0:0:0:0:0:0:1 -  -  [25/Jun/2014:20:08:19 +0000] "GET /images/_up.png HTTP/1.1" 304 0 
0:0:0:0:0:0:0:1 -  -  [25/Jun/2014:20:08:19 +0000] "GET /images/_down.png HTTP/1.1" 304 0 
0:0:0:0:0:0:0:1 -  -  [25/Jun/2014:20:08:19 +0000] "GET /images/colorwheel.png HTTP/1.1" 304 0 
0:0:0:0:0:0:0:1 -  -  [25/Jun/2014:20:08:19 +0000] "GET /images/withings-bloodpressure.png HTTP/1.1" 304 0 
0:0:0:0:0:0:0:1 -  -  [25/Jun/2014:20:08:19 +0000] "GET /images/none.png HTTP/1.1" 304 0 
0:0:0:0:0:0:0:1 -  -  [25/Jun/2014:20:08:19 +0000] "GET /images/withings-scale.png HTTP/1.1" 304 0 
0:0:0:0:0:0:0:1 -  -  [25/Jun/2014:20:08:24 +0000] "GET /openhab.app?sitemap=winti HTTP/1.1" 200 13540 
0:0:0:0:0:0:0:1 -  -  [25/Jun/2014:20:08:25 +0000] "GET /WebApp/Design/Render.css HTTP/1.1" 304 0 
0:0:0:0:0:0:0:1 -  -  [25/Jun/2014:20:08:25 +0000] "GET /WebApp/Design/RenderRTL.css HTTP/1.1" 304 0 
0:0:0:0:0:0:0:1 -  -  [25/Jun/2014:20:08:25 +0000] "GET /WebApp/Design/Firefox.css HTTP/1.1" 304 0 
0:0:0:0:0:0:0:1 -  -  [25/Jun/2014:20:08:25 +0000] "GET /WebApp/Design/openHAB.css HTTP/1.1" 304 0 
0:0:0:0:0:0:0:1 -  -  [25/Jun/2014:20:08:25 +0000] "GET /jquery.miniColors.css HTTP/1.1" 304 0 
0:0:0:0:0:0:0:1 -  -  [25/Jun/2014:20:08:25 +0000] "GET /WebApp/Action/Logic.js HTTP/1.1" 304 0 
0:0:0:0:0:0:0:1 -  -  [25/Jun/2014:20:08:25 +0000] "GET /jquery.min.js HTTP/1.1" 304 0 
0:0:0:0:0:0:0:1 -  -  [25/Jun/2014:20:08:25 +0000] "GET /jquery.miniColors.js HTTP/1.1" 304 0 
0:0:0:0:0:0:0:1 -  -  [25/Jun/2014:20:08:25 +0000] "GET /images/switch.png HTTP/1.1" 304 0 
0:0:0:0:0:0:0:1 -  -  [25/Jun/2014:20:08:25 +0000] "GET /images/slider.png HTTP/1.1" 304 0 
0:0:0:0:0:0:0:1 -  -  [25/Jun/2014:20:08:25 +0000] "GET /images/netatmo.png HTTP/1.1" 304 0 
0:0:0:0:0:0:0:1 -  -  [25/Jun/2014:20:08:25 +0000] "GET /images/_down.png HTTP/1.1" 304 0 
0:0:0:0:0:0:0:1 -  -  [25/Jun/2014:20:08:25 +0000] "GET /images/_up.png HTTP/1.1" 304 0 
0:0:0:0:0:0:0:1 -  -  [25/Jun/2014:20:08:25 +0000] "GET /images/colorwheel.png HTTP/1.1" 304 0 
0:0:0:0:0:0:0:1 -  -  [25/Jun/2014:20:08:25 +0000] "GET /images/withings-scale.png HTTP/1.1" 304 0 
0:0:0:0:0:0:0:1 -  -  [25/Jun/2014:20:08:25 +0000] "GET /images/none.png HTTP/1.1" 304 0 
0:0:0:0:0:0:0:1 -  -  [25/Jun/2014:20:08:25 +0000] "GET /images/withings-bloodpressure.png HTTP/1.1" 304 0 
0:0:0:0:0:0:0:1 -  -  [25/Jun/2014:20:08:17 +0000] "GET /openhab.app?sitemap=winti&poll=true&__async=true&__source=waHome HTTP/1.1" 200 92 
0:0:0:0:0:0:0:1 -  -  [25/Jun/2014:20:08:21 +0000] "GET /openhab.app?sitemap=winti&poll=true&__async=true&__source=waHome HTTP/1.1" 200 92 
0:0:0:0:0:0:0:1 -  -  [25/Jun/2014:20:08:26 +0000] "GET /openhab.app?sitemap=winti&poll=true&__async=true&__source=waHome HTTP/1.1" 200 7664 
0:0:0:0:0:0:0:1 -  -  [25/Jun/2014:20:08:34 +0000] "GET /openhab.app?sitemap=winti&poll=true&__async=true&__source=waHome HTTP/1.1" 200 92 
0:0:0:0:0:0:0:1 -  -  [25/Jun/2014:20:08:44 +0000] "GET /openhab.app?sitemap=winti&poll=true&__async=true&__source=waHome HTTP/1.1" 200 7664 
0:0:0:0:0:0:0:1 -  -  [25/Jun/2014:20:08:56 +0000] "GET /openhab.app?sitemap=winti HTTP/1.1" 200 13560 
0:0:0:0:0:0:0:1 -  -  [25/Jun/2014:20:08:56 +0000] "GET /WebApp/Design/RenderRTL.css HTTP/1.1" 304 0 
0:0:0:0:0:0:0:1 -  -  [25/Jun/2014:20:08:56 +0000] "GET /WebApp/Design/Render.css HTTP/1.1" 304 0 
0:0:0:0:0:0:0:1 -  -  [25/Jun/2014:20:08:56 +0000] "GET /WebApp/Design/Firefox.css HTTP/1.1" 304 0 
0:0:0:0:0:0:0:1 -  -  [25/Jun/2014:20:08:56 +0000] "GET /WebApp/Design/openHAB.css HTTP/1.1" 304 0 
0:0:0:0:0:0:0:1 -  -  [25/Jun/2014:20:08:56 +0000] "GET /jquery.miniColors.css HTTP/1.1" 304 0 
0:0:0:0:0:0:0:1 -  -  [25/Jun/2014:20:08:56 +0000] "GET /WebApp/Action/Logic.js HTTP/1.1" 304 0 
0:0:0:0:0:0:0:1 -  -  [25/Jun/2014:20:08:56 +0000] "GET /jquery.min.js HTTP/1.1" 304 0 
0:0:0:0:0:0:0:1 -  -  [25/Jun/2014:20:08:56 +0000] "GET /jquery.miniColors.js HTTP/1.1" 304 0 
0:0:0:0:0:0:0:1 -  -  [25/Jun/2014:20:08:56 +0000] "GET /images/slider.png HTTP/1.1" 304 0 
0:0:0:0:0:0:0:1 -  -  [25/Jun/2014:20:08:56 +0000] "GET /images/_down.png HTTP/1.1" 304 0 
0:0:0:0:0:0:0:1 -  -  [25/Jun/2014:20:08:56 +0000] "GET /images/netatmo.png HTTP/1.1" 304 0 
0:0:0:0:0:0:0:1 -  -  [25/Jun/2014:20:08:56 +0000] "GET /images/switch.png HTTP/1.1" 304 0 
0:0:0:0:0:0:0:1 -  -  [25/Jun/2014:20:08:56 +0000] "GET /images/_up.png HTTP/1.1" 304 0 
0:0:0:0:0:0:0:1 -  -  [25/Jun/2014:20:08:56 +0000] "GET /images/colorwheel.png HTTP/1.1" 304 0 
0:0:0:0:0:0:0:1 -  -  [25/Jun/2014:20:08:56 +0000] "GET /images/withings-bloodpressure.png HTTP/1.1" 304 0 
0:0:0:0:0:0:0:1 -  -  [25/Jun/2014:20:08:56 +0000] "GET /images/none.png HTTP/1.1" 304 0 
0:0:0:0:0:0:0:1 -  -  [25/Jun/2014:20:08:56 +0000] "GET /images/withings-scale.png HTTP/1.1" 304 0 
0:0:0:0:0:0:0:1 -  -  [25/Jun/2014:20:08:46 +0000] "GET /openhab.app?sitemap=winti&poll=true&__async=true&__source=waHome HTTP/1.1" 200 92 
0:0:0:0:0:0:0:1 -  -  [25/Jun/2014:20:09:01 +0000] "GET /openhab.app?sitemap=winti HTTP/1.1" 200 13560 
0:0:0:0:0:0:0:1 -  -  [25/Jun/2014:20:09:01 +0000] "GET /WebApp/Design/RenderRTL.css HTTP/1.1" 304 0 
0:0:0:0:0:0:0:1 -  -  [25/Jun/2014:20:09:01 +0000] "GET /WebApp/Design/Render.css HTTP/1.1" 304 0 
0:0:0:0:0:0:0:1 -  -  [25/Jun/2014:20:09:01 +0000] "GET /WebApp/Design/openHAB.css HTTP/1.1" 304 0 
0:0:0:0:0:0:0:1 -  -  [25/Jun/2014:20:09:01 +0000] "GET /WebApp/Design/Firefox.css HTTP/1.1" 304 0 
0:0:0:0:0:0:0:1 -  -  [25/Jun/2014:20:09:01 +0000] "GET /jquery.miniColors.css HTTP/1.1" 304 0 
0:0:0:0:0:0:0:1 -  -  [25/Jun/2014:20:09:01 +0000] "GET /WebApp/Action/Logic.js HTTP/1.1" 304 0 
0:0:0:0:0:0:0:1 -  -  [25/Jun/2014:20:09:01 +0000] "GET /jquery.min.js HTTP/1.1" 304 0 
0:0:0:0:0:0:0:1 -  -  [25/Jun/2014:20:09:01 +0000] "GET /jquery.miniColors.js HTTP/1.1" 304 0 
0:0:0:0:0:0:0:1 -  -  [25/Jun/2014:20:09:01 +0000] "GET /images/slider.png HTTP/1.1" 304 0 
0:0:0:0:0:0:0:1 -  -  [25/Jun/2014:20:09:01 +0000] "GET /images/switch.png HTTP/1.1" 304 0 
0:0:0:0:0:0:0:1 -  -  [25/Jun/2014:20:09:01 +0000] "GET /images/netatmo.png HTTP/1.1" 304 0 
0:0:0:0:0:0:0:1 -  -  [25/Jun/2014:20:09:01 +0000] "GET /images/_down.png HTTP/1.1" 304 0 
0:0:0:0:0:0:0:1 -  -  [25/Jun/2014:20:09:01 +0000] "GET /images/_up.png HTTP/1.1" 304 0 
0:0:0:0:0:0:0:1 -  -  [25/Jun/2014:20:09:01 +0000] "GET /images/colorwheel.png HTTP/1.1" 304 0 
0:0:0:0:0:0:0:1 -  -  [25/Jun/2014:20:09:01 +0000] "GET /images/withings-bloodpressure.png HTTP/1.1" 304 0 
0:0:0:0:0:0:0:1 -  -  [25/Jun/2014:20:09:01 +0000] "GET /images/withings-scale.png HTTP/1.1" 304 0 
0:0:0:0:0:0:0:1 -  -  [25/Jun/2014:20:09:01 +0000] "GET /images/none.png HTTP/1.1" 304 0 
0:0:0:0:0:0:0:1 -  -  [25/Jun/2014:20:08:58 +0000] "GET /openhab.app?sitemap=winti&poll=true&__async=true&__source=waHome HTTP/1.1" 200 92 
0:0:0:0:0:0:0:1 -  -  [25/Jun/2014:20:09:02 +0000] "GET /openhab.app?sitemap=winti&poll=true&__async=true&__source=waHome HTTP/1.1" 200 7684 
0:0:0:0:0:0:0:1 -  -  [25/Jun/2014:20:09:10 +0000] "GET /openhab.app?sitemap=winti&poll=true&__async=true&__source=waHome HTTP/1.1" 200 92 
0:0:0:0:0:0:0:1 -  -  [25/Jun/2014:20:09:21 +0000] "GET /openhab.app?sitemap=winti&poll=true&__async=true&__source=waHome HTTP/1.1" 200 7684 
0:0:0:0:0:0:0:1 -  -  [25/Jun/2014:20:09:22 +0000] "GET /openhab.app?sitemap=winti&poll=true&__async=true&__source=waHome HTTP/1.1" 200 92 
0:0:0:0:0:0:0:1 -  -  [25/Jun/2014:20:09:33 +0000] "GET /openhab.app?sitemap=winti&poll=true&__async=true&__source=waHome HTTP/1.1" 200 7684 
0:0:0:0:0:0:0:1 -  -  [25/Jun/2014:20:09:41 +0000] "GET /openhab.app?sitemap=winti HTTP/1.1" 200 13560 
0:0:0:0:0:0:0:1 -  -  [25/Jun/2014:20:09:42 +0000] "GET /WebApp/Design/Render.css HTTP/1.1" 304 0 
0:0:0:0:0:0:0:1 -  -  [25/Jun/2014:20:09:42 +0000] "GET /WebApp/Design/RenderRTL.css HTTP/1.1" 304 0 
0:0:0:0:0:0:0:1 -  -  [25/Jun/2014:20:09:42 +0000] "GET /WebApp/Design/Firefox.css HTTP/1.1" 304 0 
0:0:0:0:0:0:0:1 -  -  [25/Jun/2014:20:09:42 +0000] "GET /jquery.miniColors.css HTTP/1.1" 304 0 
0:0:0:0:0:0:0:1 -  -  [25/Jun/2014:20:09:42 +0000] "GET /WebApp/Action/Logic.js HTTP/1.1" 304 0 
0:0:0:0:0:0:0:1 -  -  [25/Jun/2014:20:09:42 +0000] "GET /jquery.min.js HTTP/1.1" 304 0 
0:0:0:0:0:0:0:1 -  -  [25/Jun/2014:20:09:42 +0000] "GET /jquery.miniColors.js HTTP/1.1" 304 0 
0:0:0:0:0:0:0:1 -  -  [25/Jun/2014:20:09:42 +0000] "GET /WebApp/Design/openHAB.css HTTP/1.1" 304 0 
0:0:0:0:0:0:0:1 -  -  [25/Jun/2014:20:09:42 +0000] "GET /images/netatmo.png HTTP/1.1" 304 0 
0:0:0:0:0:0:0:1 -  -  [25/Jun/2014:20:09:42 +0000] "GET /images/none.png HTTP/1.1" 304 0 
0:0:0:0:0:0:0:1 -  -  [25/Jun/2014:20:09:42 +0000] "GET /images/slider.png HTTP/1.1" 304 0 
0:0:0:0:0:0:0:1 -  -  [25/Jun/2014:20:09:42 +0000] "GET /images/switch.png HTTP/1.1" 304 0 
0:0:0:0:0:0:0:1 -  -  [25/Jun/2014:20:09:42 +0000] "GET /images/_down.png HTTP/1.1" 304 0 
0:0:0:0:0:0:0:1 -  -  [25/Jun/2014:20:09:42 +0000] "GET /images/_up.png HTTP/1.1" 304 0 
0:0:0:0:0:0:0:1 -  -  [25/Jun/2014:20:09:42 +0000] "GET /images/colorwheel.png HTTP/1.1" 304 0 
0:0:0:0:0:0:0:1 -  -  [25/Jun/2014:20:09:42 +0000] "GET /images/withings-scale.png HTTP/1.1" 304 0 
0:0:0:0:0:0:0:1 -  -  [25/Jun/2014:20:09:42 +0000] "GET /images/withings-bloodpressure.png HTTP/1.1" 304 0 
0:0:0:0:0:0:0:1 -  -  [25/Jun/2014:20:09:34 +0000] "GET /openhab.app?sitemap=winti&poll=true&__async=true&__source=waHome HTTP/1.1" 200 92 
0:0:0:0:0:0:0:1 -  -  [25/Jun/2014:20:09:43 +0000] "GET /openhab.app?sitemap=winti&poll=true&__async=true&__source=waHome HTTP/1.1" 200 7684 
0:0:0:0:0:0:0:1 -  -  [25/Jun/2014:20:09:47 +0000] "GET /openhab.app?sitemap=winti&poll=true&__async=true&__source=waHome HTTP/1.1" 200 92 
0:0:0:0:0:0:0:1 -  -  [25/Jun/2014:20:09:57 +0000] "GET /openhab.app?sitemap=winti&poll=true&__async=true&__source=waHome HTTP/1.1" 200 7684 
0:0:0:0:0:0:0:1 -  -  [25/Jun/2014:20:09:59 +0000] "GET /openhab.app?sitemap=winti&poll=true&__async=true&__source=waHome HTTP/1.1" 200 92 
0:0:0:0:0:0:0:1 -  -  [25/Jun/2014:20:10:09 +0000] "GET /openhab.app?sitemap=winti&poll=true&__async=true&__source=waHome HTTP/1.1" 200 7684 
0:0:0:0:0:0:0:1 -  -  [25/Jun/2014:20:30:12 +0000] "GET /openhab.app?sitemap=winti HTTP/1.1" 200 13560 
0:0:0:0:0:0:0:1 -  -  [25/Jun/2014:20:30:12 +0000] "GET /jquery.miniColors.css HTTP/1.1" 304 0 
0:0:0:0:0:0:0:1 -  -  [25/Jun/2014:20:30:12 +0000] "GET /WebApp/Design/Firefox.css HTTP/1.1" 304 0 
0:0:0:0:0:0:0:1 -  -  [25/Jun/2014:20:30:12 +0000] "GET /WebApp/Design/openHAB.css HTTP/1.1" 304 0 
0:0:0:0:0:0:0:1 -  -  [25/Jun/2014:20:30:12 +0000] "GET /WebApp/Design/Render.css HTTP/1.1" 304 0 
0:0:0:0:0:0:0:1 -  -  [25/Jun/2014:20:30:12 +0000] "GET /WebApp/Design/RenderRTL.css HTTP/1.1" 304 0 
0:0:0:0:0:0:0:1 -  -  [25/Jun/2014:20:30:12 +0000] "GET /WebApp/Action/Logic.js HTTP/1.1" 304 0 
0:0:0:0:0:0:0:1 -  -  [25/Jun/2014:20:30:12 +0000] "GET /jquery.min.js HTTP/1.1" 304 0 
0:0:0:0:0:0:0:1 -  -  [25/Jun/2014:20:30:12 +0000] "GET /jquery.miniColors.js HTTP/1.1" 304 0 
0:0:0:0:0:0:0:1 -  -  [25/Jun/2014:20:30:12 +0000] "GET /WebApp/Design/Img/bg.png HTTP/1.1" 304 0 
0:0:0:0:0:0:0:1 -  -  [25/Jun/2014:20:30:12 +0000] "GET /WebApp/Design/Img/select.png HTTP/1.1" 304 0 
0:0:0:0:0:0:0:1 -  -  [25/Jun/2014:20:30:12 +0000] "GET /WebApp/Design/Img/loader-white-100x12x2.png HTTP/1.1" 304 0 
0:0:0:0:0:0:0:1 -  -  [25/Jun/2014:20:30:12 +0000] "GET /WebApp/Design/Img/loader-white-100x12x1.png HTTP/1.1" 304 0 
0:0:0:0:0:0:0:1 -  -  [25/Jun/2014:20:30:12 +0000] "GET /WebApp/Design/Img/loader-white-100x12x4.png HTTP/1.1" 304 0 
0:0:0:0:0:0:0:1 -  -  [25/Jun/2014:20:30:12 +0000] "GET /WebApp/Design/Img/loader-white-100x12x3.png HTTP/1.1" 304 0 
0:0:0:0:0:0:0:1 -  -  [25/Jun/2014:20:30:12 +0000] "GET /WebApp/Design/Img/loader-white-100x12x6.png HTTP/1.1" 304 0 
0:0:0:0:0:0:0:1 -  -  [25/Jun/2014:20:30:12 +0000] "GET /WebApp/Design/Img/loader-white-100x12x5.png HTTP/1.1" 304 0 
0:0:0:0:0:0:0:1 -  -  [25/Jun/2014:20:30:12 +0000] "GET /WebApp/Design/Img/loader-white-100x12x7.png HTTP/1.1" 304 0 
0:0:0:0:0:0:0:1 -  -  [25/Jun/2014:20:30:12 +0000] "GET /WebApp/Design/Img/loader-white-100x12x8.png HTTP/1.1" 304 0 
0:0:0:0:0:0:0:1 -  -  [25/Jun/2014:20:30:12 +0000] "GET /WebApp/Design/Img/loader-white-100x12x9.png HTTP/1.1" 304 0 
0:0:0:0:0:0:0:1 -  -  [25/Jun/2014:20:30:12 +0000] "GET /WebApp/Design/Img/loader-white-100x12x10.png HTTP/1.1" 304 0 
0:0:0:0:0:0:0:1 -  -  [25/Jun/2014:20:30:12 +0000] "GET /WebApp/Design/Img/loader-white-100x12x11.png HTTP/1.1" 304 0 
0:0:0:0:0:0:0:1 -  -  [25/Jun/2014:20:30:12 +0000] "GET /WebApp/Design/Img/loader-white-100x12x12.png HTTP/1.1" 304 0 
0:0:0:0:0:0:0:1 -  -  [25/Jun/2014:20:30:12 +0000] "GET /WebApp/Design/Img/loader-gray-100x12x1.png HTTP/1.1" 304 0 
0:0:0:0:0:0:0:1 -  -  [25/Jun/2014:20:30:12 +0000] "GET /WebApp/Design/Img/loader-gray-100x12x3.png HTTP/1.1" 304 0 
0:0:0:0:0:0:0:1 -  -  [25/Jun/2014:20:30:12 +0000] "GET /WebApp/Design/Img/loader-gray-100x12x2.png HTTP/1.1" 304 0 
0:0:0:0:0:0:0:1 -  -  [25/Jun/2014:20:30:12 +0000] "GET /WebApp/Design/Img/loader-gray-100x12x4.png HTTP/1.1" 304 0 
0:0:0:0:0:0:0:1 -  -  [25/Jun/2014:20:30:12 +0000] "GET /WebApp/Design/Img/loader-gray-100x12x5.png HTTP/1.1" 304 0 
0:0:0:0:0:0:0:1 -  -  [25/Jun/2014:20:30:12 +0000] "GET /WebApp/Design/Img/loader-gray-100x12x6.png HTTP/1.1" 304 0 
0:0:0:0:0:0:0:1 -  -  [25/Jun/2014:20:30:12 +0000] "GET /WebApp/Design/Img/loader-gray-100x12x7.png HTTP/1.1" 304 0 
0:0:0:0:0:0:0:1 -  -  [25/Jun/2014:20:30:12 +0000] "GET /WebApp/Design/Img/loader-gray-100x12x8.png HTTP/1.1" 304 0 
0:0:0:0:0:0:0:1 -  -  [25/Jun/2014:20:30:12 +0000] "GET /WebApp/Design/Img/loader-gray-100x12x9.png HTTP/1.1" 304 0 
0:0:0:0:0:0:0:1 -  -  [25/Jun/2014:20:30:13 +0000] "GET /WebApp/Design/Img/loader-gray-100x12x10.png HTTP/1.1" 304 0 
0:0:0:0:0:0:0:1 -  -  [25/Jun/2014:20:30:13 +0000] "GET /WebApp/Design/Img/loader-gray-100x12x11.png HTTP/1.1" 304 0 
0:0:0:0:0:0:0:1 -  -  [25/Jun/2014:20:30:13 +0000] "GET /WebApp/Design/Img/loader-gray-100x12x12.png HTTP/1.1" 304 0 
0:0:0:0:0:0:0:1 -  -  [25/Jun/2014:20:30:13 +0000] "GET /WebApp/Design/Img/loader-big-white-100x12x1.png HTTP/1.1" 304 0 
0:0:0:0:0:0:0:1 -  -  [25/Jun/2014:20:30:13 +0000] "GET /WebApp/Design/Img/loader-big-white-100x12x2.png HTTP/1.1" 304 0 
0:0:0:0:0:0:0:1 -  -  [25/Jun/2014:20:30:13 +0000] "GET /WebApp/Design/Img/loader-big-white-100x12x3.png HTTP/1.1" 304 0 
0:0:0:0:0:0:0:1 -  -  [25/Jun/2014:20:30:13 +0000] "GET /WebApp/Design/Img/loader-big-white-100x12x4.png HTTP/1.1" 304 0 
0:0:0:0:0:0:0:1 -  -  [25/Jun/2014:20:30:13 +0000] "GET /WebApp/Design/Img/loader-big-white-100x12x5.png HTTP/1.1" 304 0 
0:0:0:0:0:0:0:1 -  -  [25/Jun/2014:20:30:13 +0000] "GET /WebApp/Design/Img/loader-big-white-100x12x6.png HTTP/1.1" 304 0 
0:0:0:0:0:0:0:1 -  -  [25/Jun/2014:20:30:13 +0000] "GET /WebApp/Design/Img/loader-big-white-100x12x7.png HTTP/1.1" 304 0 
0:0:0:0:0:0:0:1 -  -  [25/Jun/2014:20:30:13 +0000] "GET /WebApp/Design/Img/loader-big-white-100x12x8.png HTTP/1.1" 304 0 
0:0:0:0:0:0:0:1 -  -  [25/Jun/2014:20:30:13 +0000] "GET /WebApp/Design/Img/loader-big-white-100x12x9.png HTTP/1.1" 304 0 
0:0:0:0:0:0:0:1 -  -  [25/Jun/2014:20:30:13 +0000] "GET /WebApp/Design/Img/loader-big-white-100x12x10.png HTTP/1.1" 304 0 
0:0:0:0:0:0:0:1 -  -  [25/Jun/2014:20:30:13 +0000] "GET /WebApp/Design/Img/loader-big-white-100x12x11.png HTTP/1.1" 304 0 
0:0:0:0:0:0:0:1 -  -  [25/Jun/2014:20:30:13 +0000] "GET /WebApp/Design/Img/chevron-select.png HTTP/1.1" 304 0 
0:0:0:0:0:0:0:1 -  -  [25/Jun/2014:20:30:13 +0000] "GET /WebApp/Design/Img/loader-big-white-100x12x12.png HTTP/1.1" 304 0 
0:0:0:0:0:0:0:1 -  -  [25/Jun/2014:20:30:13 +0000] "GET /WebApp/Design/Img/check-sel.png HTTP/1.1" 304 0 
0:0:0:0:0:0:0:1 -  -  [25/Jun/2014:20:30:13 +0000] "GET /WebApp/Design/Img/button-back-touch.png HTTP/1.1" 304 0 
0:0:0:0:0:0:0:1 -  -  [25/Jun/2014:20:30:13 +0000] "GET /WebApp/Design/Img/button-simple-touch.png HTTP/1.1" 304 0 
0:0:0:0:0:0:0:1 -  -  [25/Jun/2014:20:30:13 +0000] "GET /WebApp/Design/Img/bg-head.png HTTP/1.1" 304 0 
0:0:0:0:0:0:0:1 -  -  [25/Jun/2014:20:30:13 +0000] "GET /WebApp/Design/Img/button-back.png HTTP/1.1" 304 0 
0:0:0:0:0:0:0:1 -  -  [25/Jun/2014:20:30:13 +0000] "GET /WebApp/Design/Img/button-simple.png HTTP/1.1" 304 0 
0:0:0:0:0:0:0:1 -  -  [25/Jun/2014:20:30:13 +0000] "GET /images/colorwheel.png HTTP/1.1" 200 1930 
0:0:0:0:0:0:0:1 -  -  [25/Jun/2014:20:30:13 +0000] "GET /images/_down.png HTTP/1.1" 200 1690 
0:0:0:0:0:0:0:1 -  -  [25/Jun/2014:20:30:13 +0000] "GET /images/none.png HTTP/1.1" 200 132 
0:0:0:0:0:0:0:1 -  -  [25/Jun/2014:20:30:13 +0000] "GET /images/slider.png HTTP/1.1" 200 2076 
0:0:0:0:0:0:0:1 -  -  [25/Jun/2014:20:30:13 +0000] "GET /images/switch.png HTTP/1.1" 200 1467 
0:0:0:0:0:0:0:1 -  -  [25/Jun/2014:20:30:13 +0000] "GET /images/_up.png HTTP/1.1" 200 1697 
0:0:0:0:0:0:0:1 -  -  [25/Jun/2014:20:30:13 +0000] "GET /images/withings-bloodpressure.png HTTP/1.1" 304 0 
0:0:0:0:0:0:0:1 -  -  [25/Jun/2014:20:30:13 +0000] "GET /images/withings-scale.png HTTP/1.1" 304 0 
0:0:0:0:0:0:0:1 -  -  [25/Jun/2014:20:30:13 +0000] "GET /WebApp/Design/Img/chevron.png HTTP/1.1" 304 0 
0:0:0:0:0:0:0:1 -  -  [25/Jun/2014:20:30:13 +0000] "GET /WebApp/Design/Img/bg-switch.png HTTP/1.1" 304 0 
0:0:0:0:0:0:0:1 -  -  [25/Jun/2014:20:30:13 +0000] "GET /WebApp/Design/Img/bg-switch-thumb.png HTTP/1.1" 304 0 
0:0:0:0:0:0:0:1 -  -  [25/Jun/2014:20:30:13 +0000] "GET /WebApp/Design/Img/form-check-text.png HTTP/1.1" 304 0 
0:0:0:0:0:0:0:1 -  -  [25/Jun/2014:20:30:13 +0000] "GET /jquery.minicolors.png HTTP/1.1" 304 0 
0:0:0:0:0:0:0:1 -  -  [25/Jun/2014:20:30:14 +0000] "GET /openhab.app?sitemap=winti&poll=true&__async=true&__source=waHome HTTP/1.1" 200 92 
0:0:0:0:0:0:0:1 -  -  [25/Jun/2014:20:30:25 +0000] "GET /openhab.app?sitemap=winti&poll=true&__async=true&__source=waHome HTTP/1.1" 200 7684 
0:0:0:0:0:0:0:1 -  -  [25/Jun/2014:20:30:34 +0000] "GET /openhab.app?sitemap=winti&poll=true&__async=true&__source=waHome HTTP/1.1" 200 92 
0:0:0:0:0:0:0:1 -  -  [26/Jun/2014:03:33:43 +0000] "GET /openhab.app?sitemap=winti HTTP/1.1" 200 13560 
0:0:0:0:0:0:0:1 -  -  [26/Jun/2014:03:33:43 +0000] "GET /WebApp/Design/Firefox.css HTTP/1.1" 304 0 
0:0:0:0:0:0:0:1 -  -  [26/Jun/2014:03:33:43 +0000] "GET /jquery.miniColors.css HTTP/1.1" 304 0 
0:0:0:0:0:0:0:1 -  -  [26/Jun/2014:03:33:43 +0000] "GET /WebApp/Design/Render.css HTTP/1.1" 304 0 
0:0:0:0:0:0:0:1 -  -  [26/Jun/2014:03:33:43 +0000] "GET /WebApp/Action/Logic.js HTTP/1.1" 304 0 
0:0:0:0:0:0:0:1 -  -  [26/Jun/2014:03:33:43 +0000] "GET /WebApp/Design/openHAB.css HTTP/1.1" 304 0 
0:0:0:0:0:0:0:1 -  -  [26/Jun/2014:03:33:43 +0000] "GET /WebApp/Design/RenderRTL.css HTTP/1.1" 304 0 
0:0:0:0:0:0:0:1 -  -  [26/Jun/2014:03:33:43 +0000] "GET /jquery.min.js HTTP/1.1" 304 0 
0:0:0:0:0:0:0:1 -  -  [26/Jun/2014:03:33:43 +0000] "GET /jquery.miniColors.js HTTP/1.1" 304 0 
0:0:0:0:0:0:0:1 -  -  [26/Jun/2014:03:33:43 +0000] "GET /images/netatmo.png HTTP/1.1" 304 0 
0:0:0:0:0:0:0:1 -  -  [26/Jun/2014:03:33:43 +0000] "GET /images/none.png HTTP/1.1" 304 0 
0:0:0:0:0:0:0:1 -  -  [26/Jun/2014:03:33:43 +0000] "GET /images/switch.png HTTP/1.1" 304 0 
0:0:0:0:0:0:0:1 -  -  [26/Jun/2014:03:33:43 +0000] "GET /images/slider.png HTTP/1.1" 304 0 
0:0:0:0:0:0:0:1 -  -  [26/Jun/2014:03:33:43 +0000] "GET /images/_down.png HTTP/1.1" 304 0 
0:0:0:0:0:0:0:1 -  -  [26/Jun/2014:03:33:43 +0000] "GET /images/_up.png HTTP/1.1" 304 0 
0:0:0:0:0:0:0:1 -  -  [26/Jun/2014:03:33:43 +0000] "GET /images/colorwheel.png HTTP/1.1" 304 0 
0:0:0:0:0:0:0:1 -  -  [26/Jun/2014:03:33:43 +0000] "GET /images/withings-scale.png HTTP/1.1" 304 0 
0:0:0:0:0:0:0:1 -  -  [26/Jun/2014:03:33:43 +0000] "GET /images/withings-bloodpressure.png HTTP/1.1" 304 0 
0:0:0:0:0:0:0:1 -  -  [26/Jun/2014:03:33:44 +0000] "GET /openhab.app?sitemap=winti&poll=true&__async=true&__source=waHome HTTP/1.1" 200 7684 
0:0:0:0:0:0:0:1 -  -  [26/Jun/2014:03:33:49 +0000] "GET /openhab.app?sitemap=winti&w=0400&__async=true&__source=waHome HTTP/1.1" 200 940 
0:0:0:0:0:0:0:1 -  -  [26/Jun/2014:03:33:46 +0000] "GET /openhab.app?sitemap=winti&poll=true&__async=true&__source=waHome HTTP/1.1" 200 92 
0:0:0:0:0:0:0:1 -  -  [26/Jun/2014:03:33:57 +0000] "GET /openhab.app?sitemap=winti&sitemap=winti&w=Home&poll=true&__async=true&__source=waHome HTTP/1.1" 200 7684 
0:0:0:0:0:0:0:1 -  -  [26/Jun/2014:03:33:57 +0000] "GET /openhab.app?sitemap=winti&poll=true&__async=true&__source=waHome HTTP/1.1" 200 7684 
0:0:0:0:0:0:0:1 -  -  [26/Jun/2014:03:33:49 +0000] "GET /openhab.app?sitemap=winti&sitemap=winti&w=0400&poll=true&__async=true&__source=wa0400 HTTP/1.1" 200 92 
0:0:0:0:0:0:0:1 -  -  [26/Jun/2014:03:34:03 +0000] "GET /openhab.app?sitemap=winti HTTP/1.1" 200 13560 
0:0:0:0:0:0:0:1 -  -  [26/Jun/2014:03:34:03 +0000] "GET /WebApp/Design/RenderRTL.css HTTP/1.1" 304 0 
0:0:0:0:0:0:0:1 -  -  [26/Jun/2014:03:34:03 +0000] "GET /WebApp/Design/Render.css HTTP/1.1" 304 0 
0:0:0:0:0:0:0:1 -  -  [26/Jun/2014:03:34:03 +0000] "GET /WebApp/Design/Firefox.css HTTP/1.1" 304 0 
0:0:0:0:0:0:0:1 -  -  [26/Jun/2014:03:34:03 +0000] "GET /WebApp/Design/openHAB.css HTTP/1.1" 304 0 
0:0:0:0:0:0:0:1 -  -  [26/Jun/2014:03:34:03 +0000] "GET /jquery.miniColors.css HTTP/1.1" 304 0 
0:0:0:0:0:0:0:1 -  -  [26/Jun/2014:03:34:03 +0000] "GET /WebApp/Action/Logic.js HTTP/1.1" 304 0 
0:0:0:0:0:0:0:1 -  -  [26/Jun/2014:03:34:03 +0000] "GET /jquery.min.js HTTP/1.1" 304 0 
0:0:0:0:0:0:0:1 -  -  [26/Jun/2014:03:34:03 +0000] "GET /jquery.miniColors.js HTTP/1.1" 304 0 
0:0:0:0:0:0:0:1 -  -  [26/Jun/2014:03:34:03 +0000] "GET /images/netatmo.png HTTP/1.1" 304 0 
0:0:0:0:0:0:0:1 -  -  [26/Jun/2014:03:34:03 +0000] "GET /images/switch.png HTTP/1.1" 304 0 
0:0:0:0:0:0:0:1 -  -  [26/Jun/2014:03:34:03 +0000] "GET /images/none.png HTTP/1.1" 304 0 
0:0:0:0:0:0:0:1 -  -  [26/Jun/2014:03:34:03 +0000] "GET /images/slider.png HTTP/1.1" 304 0 
0:0:0:0:0:0:0:1 -  -  [26/Jun/2014:03:34:03 +0000] "GET /images/_down.png HTTP/1.1" 304 0 
0:0:0:0:0:0:0:1 -  -  [26/Jun/2014:03:34:03 +0000] "GET /images/_up.png HTTP/1.1" 304 0 
0:0:0:0:0:0:0:1 -  -  [26/Jun/2014:03:34:03 +0000] "GET /images/withings-scale.png HTTP/1.1" 304 0 
0:0:0:0:0:0:0:1 -  -  [26/Jun/2014:03:34:03 +0000] "GET /images/withings-bloodpressure.png HTTP/1.1" 304 0 
0:0:0:0:0:0:0:1 -  -  [26/Jun/2014:03:34:03 +0000] "GET /images/colorwheel.png HTTP/1.1" 304 0 
0:0:0:0:0:0:0:1 -  -  [26/Jun/2014:03:34:07 +0000] "GET /openhab.app?sitemap=winti&w=0400&__async=true&__source=waHome HTTP/1.1" 200 940 
0:0:0:0:0:0:0:1 -  -  [26/Jun/2014:03:33:58 +0000] "GET /openhab.app?sitemap=winti&sitemap=winti&w=Home&poll=true&__async=true&__source=waHome HTTP/1.1" 200 92 
0:0:0:0:0:0:0:1 -  -  [26/Jun/2014:03:33:58 +0000] "GET /openhab.app?sitemap=winti&poll=true&__async=true&__source=waHome HTTP/1.1" 200 92 
0:0:0:0:0:0:0:1 -  -  [26/Jun/2014:03:34:00 +0000] "GET /openhab.app?sitemap=winti&sitemap=winti&w=0400&poll=true&__async=true&__source=waHome HTTP/1.1" 200 92 
0:0:0:0:0:0:0:1 -  -  [26/Jun/2014:03:34:10 +0000] "GET /openhab.app?sitemap=winti&sitemap=winti&w=Home&poll=true&__async=true&__source=waHome HTTP/1.1" 200 7684 
0:0:0:0:0:0:0:1 -  -  [26/Jun/2014:03:34:04 +0000] "GET /openhab.app?sitemap=winti&poll=true&__async=true&__source=waHome HTTP/1.1" 200 7684 
0:0:0:0:0:0:0:1 -  -  [26/Jun/2014:03:34:07 +0000] "GET /openhab.app?sitemap=winti&sitemap=winti&w=0400&poll=true&__async=true&__source=wa0400 HTTP/1.1" 200 92 
0:0:0:0:0:0:0:1 -  -  [26/Jun/2014:03:34:10 +0000] "GET /openhab.app?sitemap=winti&sitemap=winti&w=Home&poll=true&__async=true&__source=waHome HTTP/1.1" 200 92 
0:0:0:0:0:0:0:1 -  -  [26/Jun/2014:03:34:10 +0000] "GET /openhab.app?sitemap=winti&poll=true&__async=true&__source=waHome HTTP/1.1" 200 92 
0:0:0:0:0:0:0:1 -  -  [26/Jun/2014:03:34:21 +0000] "GET /openhab.app?sitemap=winti&sitemap=winti&w=Home&poll=true&__async=true&__source=waHome HTTP/1.1" 200 7684 
0:0:0:0:0:0:0:1 -  -  [26/Jun/2014:03:34:21 +0000] "GET /openhab.app?sitemap=winti&poll=true&__async=true&__source=waHome HTTP/1.1" 200 7684 
0:0:0:0:0:0:0:1 -  -  [26/Jun/2014:03:34:18 +0000] "GET /openhab.app?sitemap=winti&sitemap=winti&w=0400&poll=true&__async=true&__source=waHome HTTP/1.1" 200 92 
0:0:0:0:0:0:0:1 -  -  [26/Jun/2014:03:34:23 +0000] "GET /openhab.app?sitemap=winti&poll=true&__async=true&__source=waHome HTTP/1.1" 200 92 
0:0:0:0:0:0:0:1 -  -  [26/Jun/2014:03:34:23 +0000] "GET /openhab.app?sitemap=winti&sitemap=winti&w=Home&poll=true&__async=true&__source=waHome HTTP/1.1" 200 92 
0:0:0:0:0:0:0:1 -  -  [26/Jun/2014:03:34:33 +0000] "GET /openhab.app?sitemap=winti&poll=true&__async=true&__source=waHome HTTP/1.1" 200 7684 
0:0:0:0:0:0:0:1 -  -  [26/Jun/2014:03:34:33 +0000] "GET /openhab.app?sitemap=winti&sitemap=winti&w=Home&poll=true&__async=true&__source=waHome HTTP/1.1" 200 7684 
0:0:0:0:0:0:0:1 -  -  [26/Jun/2014:03:34:28 +0000] "GET /openhab.app?sitemap=winti&sitemap=winti&w=0400&poll=true&__async=true&__source=waHome HTTP/1.1" 200 92 
0:0:0:0:0:0:0:1 -  -  [26/Jun/2014:03:34:35 +0000] "GET /openhab.app?sitemap=winti&sitemap=winti&w=Home&poll=true&__async=true&__source=waHome HTTP/1.1" 200 92 
0:0:0:0:0:0:0:1 -  -  [26/Jun/2014:03:34:35 +0000] "GET /openhab.app?sitemap=winti&poll=true&__async=true&__source=waHome HTTP/1.1" 200 92 
0:0:0:0:0:0:0:1 -  -  [26/Jun/2014:03:34:45 +0000] "GET /openhab.app?sitemap=winti&poll=true&__async=true&__source=waHome HTTP/1.1" 200 7684 
0:0:0:0:0:0:0:1 -  -  [26/Jun/2014:03:34:45 +0000] "GET /openhab.app?sitemap=winti&sitemap=winti&w=Home&poll=true&__async=true&__source=waHome HTTP/1.1" 200 7684 
0:0:0:0:0:0:0:1 -  -  [26/Jun/2014:03:34:39 +0000] "GET /openhab.app?sitemap=winti&sitemap=winti&w=0400&poll=true&__async=true&__source=waHome HTTP/1.1" 200 92 
0:0:0:0:0:0:0:1 -  -  [26/Jun/2014:03:34:47 +0000] "GET /openhab.app?sitemap=winti&poll=true&__async=true&__source=waHome HTTP/1.1" 200 92 
0:0:0:0:0:0:0:1 -  -  [26/Jun/2014:03:34:47 +0000] "GET /openhab.app?sitemap=winti&sitemap=winti&w=Home&poll=true&__async=true&__source=waHome HTTP/1.1" 200 92 
0:0:0:0:0:0:0:1 -  -  [26/Jun/2014:03:34:57 +0000] "GET /openhab.app?sitemap=winti&sitemap=winti&w=Home&poll=true&__async=true&__source=waHome HTTP/1.1" 200 7684 
0:0:0:0:0:0:0:1 -  -  [26/Jun/2014:03:34:57 +0000] "GET /openhab.app?sitemap=winti&poll=true&__async=true&__source=waHome HTTP/1.1" 200 7684 
0:0:0:0:0:0:0:1 -  -  [26/Jun/2014:03:34:49 +0000] "GET /openhab.app?sitemap=winti&sitemap=winti&w=0400&poll=true&__async=true&__source=waHome HTTP/1.1" 200 92 
0:0:0:0:0:0:0:1 -  -  [26/Jun/2014:03:34:59 +0000] "GET /openhab.app?sitemap=winti&sitemap=winti&w=Home&poll=true&__async=true&__source=waHome HTTP/1.1" 200 92 
0:0:0:0:0:0:0:1 -  -  [26/Jun/2014:03:34:59 +0000] "GET /openhab.app?sitemap=winti&poll=true&__async=true&__source=waHome HTTP/1.1" 200 92 
0:0:0:0:0:0:0:1 -  -  [26/Jun/2014:03:35:00 +0000] "GET /openhab.app?sitemap=winti&sitemap=winti&w=0400&poll=true&__async=true&__source=waHome HTTP/1.1" 200 92 
0:0:0:0:0:0:0:1 -  -  [26/Jun/2014:03:35:09 +0000] "GET /openhab.app?sitemap=winti&sitemap=winti&w=Home&poll=true&__async=true&__source=waHome HTTP/1.1" 200 7684 
0:0:0:0:0:0:0:1 -  -  [26/Jun/2014:03:35:09 +0000] "GET /openhab.app?sitemap=winti&poll=true&__async=true&__source=waHome HTTP/1.1" 200 7684 
0:0:0:0:0:0:0:1 -  -  [26/Jun/2014:03:35:10 +0000] "GET /openhab.app?sitemap=winti&sitemap=winti&w=0400&poll=true&__async=true&__source=waHome HTTP/1.1" 200 92 
0:0:0:0:0:0:0:1 -  -  [26/Jun/2014:03:35:11 +0000] "GET /openhab.app?sitemap=winti&sitemap=winti&w=Home&poll=true&__async=true&__source=waHome HTTP/1.1" 200 92 
0:0:0:0:0:0:0:1 -  -  [26/Jun/2014:03:35:11 +0000] "GET /openhab.app?sitemap=winti&poll=true&__async=true&__source=waHome HTTP/1.1" 200 92 
0:0:0:0:0:0:0:1 -  -  [26/Jun/2014:03:35:22 +0000] "GET /openhab.app?sitemap=winti&poll=true&__async=true&__source=waHome HTTP/1.1" 200 7684 
0:0:0:0:0:0:0:1 -  -  [26/Jun/2014:03:35:22 +0000] "GET /openhab.app?sitemap=winti&sitemap=winti&w=Home&poll=true&__async=true&__source=waHome HTTP/1.1" 200 7684 
0:0:0:0:0:0:0:1 -  -  [26/Jun/2014:03:35:21 +0000] "GET /openhab.app?sitemap=winti&sitemap=winti&w=0400&poll=true&__async=true&__source=waHome HTTP/1.1" 200 92 
0:0:0:0:0:0:0:1 -  -  [26/Jun/2014:03:35:23 +0000] "GET /openhab.app?sitemap=winti&poll=true&__async=true&__source=waHome HTTP/1.1" 200 92 
0:0:0:0:0:0:0:1 -  -  [26/Jun/2014:03:35:23 +0000] "GET /openhab.app?sitemap=winti&sitemap=winti&w=Home&poll=true&__async=true&__source=waHome HTTP/1.1" 200 92 
0:0:0:0:0:0:0:1 -  -  [26/Jun/2014:03:35:34 +0000] "GET /openhab.app?sitemap=winti&poll=true&__async=true&__source=waHome HTTP/1.1" 200 7684 
0:0:0:0:0:0:0:1 -  -  [26/Jun/2014:03:35:34 +0000] "GET /openhab.app?sitemap=winti&sitemap=winti&w=Home&poll=true&__async=true&__source=waHome HTTP/1.1" 200 7684 
0:0:0:0:0:0:0:1 -  -  [26/Jun/2014:03:35:31 +0000] "GET /openhab.app?sitemap=winti&sitemap=winti&w=0400&poll=true&__async=true&__source=waHome HTTP/1.1" 200 92 
0:0:0:0:0:0:0:1 -  -  [26/Jun/2014:03:35:35 +0000] "GET /openhab.app?sitemap=winti&poll=true&__async=true&__source=waHome HTTP/1.1" 200 92 
0:0:0:0:0:0:0:1 -  -  [26/Jun/2014:03:35:35 +0000] "GET /openhab.app?sitemap=winti&sitemap=winti&w=Home&poll=true&__async=true&__source=waHome HTTP/1.1" 200 92 
0:0:0:0:0:0:0:1 -  -  [26/Jun/2014:03:35:46 +0000] "GET /openhab.app?sitemap=winti&poll=true&__async=true&__source=waHome HTTP/1.1" 200 7684 
0:0:0:0:0:0:0:1 -  -  [26/Jun/2014:03:35:46 +0000] "GET /openhab.app?sitemap=winti&sitemap=winti&w=Home&poll=true&__async=true&__source=waHome HTTP/1.1" 200 7684 
0:0:0:0:0:0:0:1 -  -  [26/Jun/2014:03:35:42 +0000] "GET /openhab.app?sitemap=winti&sitemap=winti&w=0400&poll=true&__async=true&__source=waHome HTTP/1.1" 200 92 
0:0:0:0:0:0:0:1 -  -  [26/Jun/2014:03:35:48 +0000] "GET /openhab.app?sitemap=winti&poll=true&__async=true&__source=waHome HTTP/1.1" 200 92 
0:0:0:0:0:0:0:1 -  -  [26/Jun/2014:03:35:48 +0000] "GET /openhab.app?sitemap=winti&sitemap=winti&w=Home&poll=true&__async=true&__source=waHome HTTP/1.1" 200 92 
0:0:0:0:0:0:0:1 -  -  [26/Jun/2014:03:35:58 +0000] "GET /openhab.app?sitemap=winti&sitemap=winti&w=Home&poll=true&__async=true&__source=waHome HTTP/1.1" 200 7684 
0:0:0:0:0:0:0:1 -  -  [26/Jun/2014:03:35:58 +0000] "GET /openhab.app?sitemap=winti&poll=true&__async=true&__source=waHome HTTP/1.1" 200 7684 
0:0:0:0:0:0:0:1 -  -  [26/Jun/2014:03:35:52 +0000] "GET /openhab.app?sitemap=winti&sitemap=winti&w=0400&poll=true&__async=true&__source=waHome HTTP/1.1" 200 92 
0:0:0:0:0:0:0:1 -  -  [26/Jun/2014:03:36:00 +0000] "GET /openhab.app?sitemap=winti&poll=true&__async=true&__source=waHome HTTP/1.1" 200 92 
0:0:0:0:0:0:0:1 -  -  [26/Jun/2014:03:36:00 +0000] "GET /openhab.app?sitemap=winti&sitemap=winti&w=Home&poll=true&__async=true&__source=waHome HTTP/1.1" 200 92 
0:0:0:0:0:0:0:1 -  -  [26/Jun/2014:03:36:10 +0000] "GET /openhab.app?sitemap=winti&sitemap=winti&w=Home&poll=true&__async=true&__source=waHome HTTP/1.1" 200 7684 
0:0:0:0:0:0:0:1 -  -  [26/Jun/2014:03:36:10 +0000] "GET /openhab.app?sitemap=winti&poll=true&__async=true&__source=waHome HTTP/1.1" 200 7684 
0:0:0:0:0:0:0:1 -  -  [26/Jun/2014:03:36:03 +0000] "GET /openhab.app?sitemap=winti&sitemap=winti&w=0400&poll=true&__async=true&__source=waHome HTTP/1.1" 200 92 
0:0:0:0:0:0:0:1 -  -  [26/Jun/2014:03:36:12 +0000] "GET /openhab.app?sitemap=winti&sitemap=winti&w=Home&poll=true&__async=true&__source=waHome HTTP/1.1" 200 92 
0:0:0:0:0:0:0:1 -  -  [26/Jun/2014:03:36:12 +0000] "GET /openhab.app?sitemap=winti&poll=true&__async=true&__source=waHome HTTP/1.1" 200 92 
0:0:0:0:0:0:0:1 -  -  [26/Jun/2014:03:36:22 +0000] "GET /openhab.app?sitemap=winti&poll=true&__async=true&__source=waHome HTTP/1.1" 200 7684 
0:0:0:0:0:0:0:1 -  -  [26/Jun/2014:03:36:22 +0000] "GET /openhab.app?sitemap=winti&sitemap=winti&w=Home&poll=true&__async=true&__source=waHome HTTP/1.1" 200 7684 
0:0:0:0:0:0:0:1 -  -  [26/Jun/2014:03:36:13 +0000] "GET /openhab.app?sitemap=winti&sitemap=winti&w=0400&poll=true&__async=true&__source=waHome HTTP/1.1" 200 92 
0:0:0:0:0:0:0:1 -  -  [26/Jun/2014:03:36:24 +0000] "GET /openhab.app?sitemap=winti&sitemap=winti&w=0400&poll=true&__async=true&__source=waHome HTTP/1.1" 200 92 
0:0:0:0:0:0:0:1 -  -  [26/Jun/2014:03:36:24 +0000] "GET /openhab.app?sitemap=winti&sitemap=winti&w=Home&poll=true&__async=true&__source=waHome HTTP/1.1" 200 92 
0:0:0:0:0:0:0:1 -  -  [26/Jun/2014:03:36:24 +0000] "GET /openhab.app?sitemap=winti&poll=true&__async=true&__source=waHome HTTP/1.1" 200 92 
0:0:0:0:0:0:0:1 -  -  [26/Jun/2014:03:36:34 +0000] "GET /openhab.app?sitemap=winti&poll=true&__async=true&__source=waHome HTTP/1.1" 200 7684 
0:0:0:0:0:0:0:1 -  -  [26/Jun/2014:03:36:34 +0000] "GET /openhab.app?sitemap=winti&sitemap=winti&w=Home&poll=true&__async=true&__source=waHome HTTP/1.1" 200 7684 
0:0:0:0:0:0:0:1 -  -  [26/Jun/2014:03:36:34 +0000] "GET /openhab.app?sitemap=winti&sitemap=winti&w=0400&poll=true&__async=true&__source=waHome HTTP/1.1" 200 92 
0:0:0:0:0:0:0:1 -  -  [26/Jun/2014:03:36:36 +0000] "GET /openhab.app?sitemap=winti&sitemap=winti&w=Home&poll=true&__async=true&__source=waHome HTTP/1.1" 200 92 
0:0:0:0:0:0:0:1 -  -  [26/Jun/2014:03:36:36 +0000] "GET /openhab.app?sitemap=winti&poll=true&__async=true&__source=waHome HTTP/1.1" 200 92 
0:0:0:0:0:0:0:1 -  -  [26/Jun/2014:03:36:47 +0000] "GET /openhab.app?sitemap=winti&poll=true&__async=true&__source=waHome HTTP/1.1" 200 7684 
0:0:0:0:0:0:0:1 -  -  [26/Jun/2014:03:36:47 +0000] "GET /openhab.app?sitemap=winti&sitemap=winti&w=Home&poll=true&__async=true&__source=waHome HTTP/1.1" 200 7684 
0:0:0:0:0:0:0:1 -  -  [26/Jun/2014:03:36:45 +0000] "GET /openhab.app?sitemap=winti&sitemap=winti&w=0400&poll=true&__async=true&__source=waHome HTTP/1.1" 200 92 
0:0:0:0:0:0:0:1 -  -  [26/Jun/2014:03:36:48 +0000] "GET /openhab.app?sitemap=winti&poll=true&__async=true&__source=waHome HTTP/1.1" 200 92 
0:0:0:0:0:0:0:1 -  -  [26/Jun/2014:03:36:48 +0000] "GET /openhab.app?sitemap=winti&sitemap=winti&w=Home&poll=true&__async=true&__source=waHome HTTP/1.1" 200 92 
0:0:0:0:0:0:0:1 -  -  [26/Jun/2014:03:36:59 +0000] "GET /openhab.app?sitemap=winti&poll=true&__async=true&__source=waHome HTTP/1.1" 200 7684 
0:0:0:0:0:0:0:1 -  -  [26/Jun/2014:03:36:59 +0000] "GET /openhab.app?sitemap=winti&sitemap=winti&w=Home&poll=true&__async=true&__source=waHome HTTP/1.1" 200 7684 
0:0:0:0:0:0:0:1 -  -  [26/Jun/2014:03:36:55 +0000] "GET /openhab.app?sitemap=winti&sitemap=winti&w=0400&poll=true&__async=true&__source=waHome HTTP/1.1" 200 92 
0:0:0:0:0:0:0:1 -  -  [26/Jun/2014:03:37:00 +0000] "GET /openhab.app?sitemap=winti&sitemap=winti&w=Home&poll=true&__async=true&__source=waHome HTTP/1.1" 200 92 
0:0:0:0:0:0:0:1 -  -  [26/Jun/2014:03:37:00 +0000] "GET /openhab.app?sitemap=winti&poll=true&__async=true&__source=waHome HTTP/1.1" 200 92 
0:0:0:0:0:0:0:1 -  -  [26/Jun/2014:03:37:11 +0000] "GET /openhab.app?sitemap=winti&poll=true&__async=true&__source=waHome HTTP/1.1" 200 7684 
0:0:0:0:0:0:0:1 -  -  [26/Jun/2014:03:37:11 +0000] "GET /openhab.app?sitemap=winti&sitemap=winti&w=Home&poll=true&__async=true&__source=waHome HTTP/1.1" 200 7684 
0:0:0:0:0:0:0:1 -  -  [26/Jun/2014:03:37:06 +0000] "GET /openhab.app?sitemap=winti&sitemap=winti&w=0400&poll=true&__async=true&__source=waHome HTTP/1.1" 200 92 
0:0:0:0:0:0:0:1 -  -  [26/Jun/2014:03:37:13 +0000] "GET /openhab.app?sitemap=winti&sitemap=winti&w=Home&poll=true&__async=true&__source=waHome HTTP/1.1" 200 92 
0:0:0:0:0:0:0:1 -  -  [26/Jun/2014:03:37:13 +0000] "GET /openhab.app?sitemap=winti&poll=true&__async=true&__source=waHome HTTP/1.1" 200 92 
0:0:0:0:0:0:0:1 -  -  [26/Jun/2014:03:37:25 +0000] "GET /openhab.app?sitemap=winti HTTP/1.1" 200 13560 
0:0:0:0:0:0:0:1 -  -  [26/Jun/2014:03:37:23 +0000] "GET /openhab.app?sitemap=winti&poll=true&__async=true&__source=waHome HTTP/1.1" 200 7684 
0:0:0:0:0:0:0:1 -  -  [26/Jun/2014:03:37:23 +0000] "GET /openhab.app?sitemap=winti&sitemap=winti&w=Home&poll=true&__async=true&__source=waHome HTTP/1.1" 200 7684 
0:0:0:0:0:0:0:1 -  -  [26/Jun/2014:03:37:25 +0000] "GET /WebApp/Design/Render.css HTTP/1.1" 304 0 
0:0:0:0:0:0:0:1 -  -  [26/Jun/2014:03:37:25 +0000] "GET /WebApp/Design/Firefox.css HTTP/1.1" 304 0 
0:0:0:0:0:0:0:1 -  -  [26/Jun/2014:03:37:25 +0000] "GET /WebApp/Design/openHAB.css HTTP/1.1" 304 0 
0:0:0:0:0:0:0:1 -  -  [26/Jun/2014:03:37:25 +0000] "GET /jquery.miniColors.css HTTP/1.1" 304 0 
0:0:0:0:0:0:0:1 -  -  [26/Jun/2014:03:37:25 +0000] "GET /WebApp/Action/Logic.js HTTP/1.1" 304 0 
0:0:0:0:0:0:0:1 -  -  [26/Jun/2014:03:37:25 +0000] "GET /WebApp/Design/RenderRTL.css HTTP/1.1" 304 0 
0:0:0:0:0:0:0:1 -  -  [26/Jun/2014:03:37:25 +0000] "GET /jquery.min.js HTTP/1.1" 304 0 
0:0:0:0:0:0:0:1 -  -  [26/Jun/2014:03:37:25 +0000] "GET /jquery.miniColors.js HTTP/1.1" 304 0 
0:0:0:0:0:0:0:1 -  -  [26/Jun/2014:03:37:25 +0000] "GET /images/slider.png HTTP/1.1" 304 0 
0:0:0:0:0:0:0:1 -  -  [26/Jun/2014:03:37:25 +0000] "GET /images/netatmo.png HTTP/1.1" 304 0 
0:0:0:0:0:0:0:1 -  -  [26/Jun/2014:03:37:25 +0000] "GET /images/none.png HTTP/1.1" 304 0 
0:0:0:0:0:0:0:1 -  -  [26/Jun/2014:03:37:25 +0000] "GET /images/switch.png HTTP/1.1" 304 0 
0:0:0:0:0:0:0:1 -  -  [26/Jun/2014:03:37:25 +0000] "GET /images/_down.png HTTP/1.1" 304 0 
0:0:0:0:0:0:0:1 -  -  [26/Jun/2014:03:37:25 +0000] "GET /images/_up.png HTTP/1.1" 304 0 
0:0:0:0:0:0:0:1 -  -  [26/Jun/2014:03:37:25 +0000] "GET /images/colorwheel.png HTTP/1.1" 304 0 
0:0:0:0:0:0:0:1 -  -  [26/Jun/2014:03:37:25 +0000] "GET /images/withings-scale.png HTTP/1.1" 304 0 
0:0:0:0:0:0:0:1 -  -  [26/Jun/2014:03:37:25 +0000] "GET /images/withings-bloodpressure.png HTTP/1.1" 304 0 
0:0:0:0:0:0:0:1 -  -  [26/Jun/2014:03:37:17 +0000] "GET /openhab.app?sitemap=winti&sitemap=winti&w=0400&poll=true&__async=true&__source=waHome HTTP/1.1" 200 92 
0:0:0:0:0:0:0:1 -  -  [26/Jun/2014:03:37:27 +0000] "GET /openhab.app?sitemap=winti&w=0400&__async=true&__source=waHome HTTP/1.1" 200 940 
0:0:0:0:0:0:0:1 -  -  [26/Jun/2014:03:37:34 +0000] "GET /openhab.app?sitemap=winti&w=0401&__async=true&__source=waHome HTTP/1.1" 200 766 
0:0:0:0:0:0:0:1 -  -  [26/Jun/2014:03:37:32 +0000] "GET /openhab.app?sitemap=winti&sitemap=winti&w=Home&poll=true&__async=true&__source=waHome HTTP/1.1" 200 7684 
0:0:0:0:0:0:0:1 -  -  [26/Jun/2014:03:37:26 +0000] "GET /openhab.app?sitemap=winti&poll=true&__async=true&__source=waHome HTTP/1.1" 200 92 
0:0:0:0:0:0:0:1 -  -  [26/Jun/2014:03:37:28 +0000] "GET /openhab.app?sitemap=winti&sitemap=winti&w=0400&poll=true&__async=true&__source=wa0400 HTTP/1.1" 200 92 
0:0:0:0:0:0:0:1 -  -  [26/Jun/2014:03:37:34 +0000] "GET /openhab.app?sitemap=winti&sitemap=winti&w=0401&poll=true&__async=true&__source=wa0401 HTTP/1.1" 200 92 
